2023.03.27 16:46:18 INFO  Started: Metals version 0.11.11 in workspace '/home/cytech/Travail/S2/OptiLin' for client Visual Studio Code 1.76.2.[0m
SLF4J: No SLF4J providers were found.
SLF4J: Defaulting to no-operation (NOP) logger implementation
SLF4J: See https://www.slf4j.org/codes.html#noProviders for further details.
SLF4J: Class path contains SLF4J bindings targeting slf4j-api versions 1.7.x or earlier.
SLF4J: Ignoring binding found at [jar:file:/home/cytech/.cache/coursier/v1/https/repo1.maven.org/maven2/com/outr/scribe-slf4j_2.13/3.11.0/scribe-slf4j_2.13-3.11.0.jar!/org/slf4j/impl/StaticLoggerBinder.class]
SLF4J: See https://www.slf4j.org/codes.html#ignoredBindings for an explanation.
2023.03.27 16:46:19 INFO  time: initialize in 0.97s[0m
2023.03.27 16:46:22 WARN  Build server is not auto-connectable.[0m
2023.03.27 16:46:22 WARN  no build target for: /home/cytech/Travail/S2/OptiLin/src/main/java/com/example/tp/App.java[0m
2023.03.27 16:46:23 INFO  time: code lens generation in 1.02s[0m
2023.03.27 16:46:23 INFO  time: code lens generation in 1.01s[0m
2023.03.27 16:46:35 WARN  no build target for: /home/cytech/Travail/S2/OptiLin/src/main/java/com/example/tp/App.java[0m
2023.03.27 16:46:35 WARN  Running javac-semanticdb failed for file:///home/cytech/Travail/S2/OptiLin/src/main/java/com/example/tp/App.java. Output:
/home/cytech/Travail/S2/OptiLin/src/main/java/com/example/tp/App.java:1: error: reached end of file while parsing
public class Ap
               ^
1 error[0m
2023.03.27 16:46:37 WARN  no build target for: /home/cytech/Travail/S2/OptiLin/src/main/java/com/example/tp/App.java[0m
2023.03.27 16:46:39 WARN  no build target for: /home/cytech/Travail/S2/OptiLin/src/main/java/com/example/tp/App.java[0m
2023.03.27 16:46:43 WARN  no build target for: /home/cytech/Travail/S2/OptiLin/src/main/java/com/example/tp/App.java[0m
2023.03.27 16:46:43 WARN  Running javac-semanticdb failed for file:///home/cytech/Travail/S2/OptiLin/src/main/java/com/example/tp/App.java. Output:
/home/cytech/Travail/S2/OptiLin/src/main/java/com/example/tp/App.java:3: error: not a statement
        s
        ^
/home/cytech/Travail/S2/OptiLin/src/main/java/com/example/tp/App.java:3: error: ';' expected
        s
         ^
2 errors[0m
2023.03.27 16:46:45 WARN  no build target for: /home/cytech/Travail/S2/OptiLin/src/main/java/com/example/tp/App.java[0m
2023.03.27 16:46:48 WARN  no build target for: /home/cytech/Travail/S2/OptiLin/src/main/java/com/example/tp/App.java[0m
2023.03.27 16:46:50 WARN  no build target for: /home/cytech/Travail/S2/OptiLin/src/main/java/com/example/tp/App.java[0m
2023.03.27 16:47:18 WARN  no build target for: /home/cytech/Travail/S2/OptiLin/src/main/java/com/example/optilin/App.java[0m
2023.03.27 16:47:20 WARN  no build target for: /home/cytech/Travail/S2/OptiLin/src/main/java/com/example/optilin/App.java[0m
2023.03.27 16:47:20 INFO  time: code lens generation in 1.33s[0m
2023.03.27 16:47:45 WARN  no build target for: /home/cytech/Travail/S2/OptiLin/src/main/java/com/example/optilin/Probleme.java[0m
2023.03.27 16:47:46 WARN  no build target for: /home/cytech/Travail/S2/OptiLin/src/main/java/com/example/optilin/Probleme.java[0m
2023.03.27 16:47:59 WARN  no build target for: /home/cytech/Travail/S2/OptiLin/src/main/java/com/example/optilin/Probleme.java[0m
2023.03.27 16:48:00 WARN  Running javac-semanticdb failed for file:///home/cytech/Travail/S2/OptiLin/src/main/java/com/example/optilin/Probleme.java. Output:
/home/cytech/Travail/S2/OptiLin/src/main/java/com/example/optilin/Probleme.java:5: error: illegal start of type
}
^
1 error[0m
2023.03.27 16:48:01 WARN  no build target for: /home/cytech/Travail/S2/OptiLin/src/main/java/com/example/optilin/Probleme.java[0m
2023.03.27 16:48:02 WARN  Running javac-semanticdb failed for file:///home/cytech/Travail/S2/OptiLin/src/main/java/com/example/optilin/Probleme.java. Output:
/home/cytech/Travail/S2/OptiLin/src/main/java/com/example/optilin/Probleme.java:4: error: <identifier> expected
    public class
                ^
/home/cytech/Travail/S2/OptiLin/src/main/java/com/example/optilin/Probleme.java:5: error: reached end of file while parsing
}
 ^
2 errors[0m
2023.03.27 16:48:03 WARN  no build target for: /home/cytech/Travail/S2/OptiLin/src/main/java/com/example/optilin/Probleme.java[0m
2023.03.27 16:48:03 WARN  Running javac-semanticdb failed for file:///home/cytech/Travail/S2/OptiLin/src/main/java/com/example/optilin/Probleme.java. Output:
/home/cytech/Travail/S2/OptiLin/src/main/java/com/example/optilin/Probleme.java:4: error: <identifier> expected
    public class 
                ^
/home/cytech/Travail/S2/OptiLin/src/main/java/com/example/optilin/Probleme.java:5: error: reached end of file while parsing
}
 ^
2 errors[0m
2023.03.27 16:48:08 WARN  no build target for: /home/cytech/Travail/S2/OptiLin/src/main/java/com/example/optilin/Probleme.java[0m
2023.03.27 16:48:10 WARN  no build target for: /home/cytech/Travail/S2/OptiLin/src/main/java/com/example/optilin/Probleme.java[0m
2023.03.27 16:48:19 WARN  no build target for: /home/cytech/Travail/S2/OptiLin/src/main/java/com/example/optilin/Probleme.java[0m
2023.03.27 16:48:20 WARN  Running javac-semanticdb failed for file:///home/cytech/Travail/S2/OptiLin/src/main/java/com/example/optilin/Probleme.java. Output:
/home/cytech/Travail/S2/OptiLin/src/main/java/com/example/optilin/Probleme.java:7: error: '{' expected
    public class Critair
                        ^
/home/cytech/Travail/S2/OptiLin/src/main/java/com/example/optilin/Probleme.java:8: error: reached end of file while parsing
}
 ^
2 errors[0m
2023.03.27 16:48:22 WARN  no build target for: /home/cytech/Travail/S2/OptiLin/src/main/java/com/example/optilin/Probleme.java[0m
2023.03.27 16:48:27 WARN  no build target for: /home/cytech/Travail/S2/OptiLin/src/main/java/com/example/optilin/Probleme.java[0m
2023.03.27 16:48:34 WARN  no build target for: /home/cytech/Travail/S2/OptiLin/src/main/java/com/example/optilin/Probleme.java[0m
2023.03.27 16:48:34 WARN  Running javac-semanticdb failed for file:///home/cytech/Travail/S2/OptiLin/src/main/java/com/example/optilin/Probleme.java. Output:
/home/cytech/Travail/S2/OptiLin/src/main/java/com/example/optilin/Probleme.java:10: error: <identifier> expected
    pu
      ^
1 error[0m
2023.03.27 16:48:39 WARN  no build target for: /home/cytech/Travail/S2/OptiLin/src/main/java/com/example/optilin/Probleme.java[0m
2023.03.27 16:48:39 WARN  Running javac-semanticdb failed for file:///home/cytech/Travail/S2/OptiLin/src/main/java/com/example/optilin/Probleme.java. Output:
/home/cytech/Travail/S2/OptiLin/src/main/java/com/example/optilin/Probleme.java:11: error: illegal start of type
}
^
1 error[0m
2023.03.27 16:48:43 WARN  no build target for: /home/cytech/Travail/S2/OptiLin/src/main/java/com/example/optilin/Probleme.java[0m
2023.03.27 16:48:43 WARN  Running javac-semanticdb failed for file:///home/cytech/Travail/S2/OptiLin/src/main/java/com/example/optilin/Probleme.java. Output:
/home/cytech/Travail/S2/OptiLin/src/main/java/com/example/optilin/Probleme.java:10: error: <identifier> expected
    private critaires
                     ^
1 error[0m
2023.03.27 16:48:47 WARN  no build target for: /home/cytech/Travail/S2/OptiLin/src/main/java/com/example/optilin/Probleme.java[0m
2023.03.27 16:48:48 WARN  Running javac-semanticdb failed for file:///home/cytech/Travail/S2/OptiLin/src/main/java/com/example/optilin/Probleme.java. Output:
/home/cytech/Travail/S2/OptiLin/src/main/java/com/example/optilin/Probleme.java:11: error: illegal start of type
}
^
1 error[0m
2023.03.27 16:48:52 WARN  no build target for: /home/cytech/Travail/S2/OptiLin/src/main/java/com/example/optilin/Probleme.java[0m
2023.03.27 16:48:52 WARN  Running javac-semanticdb failed for file:///home/cytech/Travail/S2/OptiLin/src/main/java/com/example/optilin/Probleme.java. Output:
/home/cytech/Travail/S2/OptiLin/src/main/java/com/example/optilin/Probleme.java:10: error: <identifier> expected
    private Ve
              ^
1 error[0m
2023.03.27 16:48:55 WARN  no build target for: /home/cytech/Travail/S2/OptiLin/src/main/java/com/example/optilin/Probleme.java[0m
2023.03.27 16:48:55 WARN  Running javac-semanticdb failed for file:///home/cytech/Travail/S2/OptiLin/src/main/java/com/example/optilin/Probleme.java. Output:
/home/cytech/Travail/S2/OptiLin/src/main/java/com/example/optilin/Probleme.java:12: error: <identifier> expected
    private Vector
                  ^
1 error[0m
2023.03.27 16:48:57 WARN  no build target for: /home/cytech/Travail/S2/OptiLin/src/main/java/com/example/optilin/Probleme.java[0m
2023.03.27 16:48:58 WARN  Running javac-semanticdb failed for file:///home/cytech/Travail/S2/OptiLin/src/main/java/com/example/optilin/Probleme.java. Output:
/home/cytech/Travail/S2/OptiLin/src/main/java/com/example/optilin/Probleme.java:13: error: illegal start of type
}
^
1 error[0m
2023.03.27 16:48:58 WARN  no build target for: /home/cytech/Travail/S2/OptiLin/src/main/java/com/example/optilin/Probleme.java[0m
2023.03.27 16:48:59 WARN  Running javac-semanticdb failed for file:///home/cytech/Travail/S2/OptiLin/src/main/java/com/example/optilin/Probleme.java. Output:
/home/cytech/Travail/S2/OptiLin/src/main/java/com/example/optilin/Probleme.java:13: error: > expected
}
^
1 error[0m
2023.03.27 16:49:00 WARN  no build target for: /home/cytech/Travail/S2/OptiLin/src/main/java/com/example/optilin/Probleme.java[0m
2023.03.27 16:49:01 WARN  Running javac-semanticdb failed for file:///home/cytech/Travail/S2/OptiLin/src/main/java/com/example/optilin/Probleme.java. Output:
/home/cytech/Travail/S2/OptiLin/src/main/java/com/example/optilin/Probleme.java:13: error: > expected
}
^
1 error[0m
2023.03.27 16:49:04 WARN  no build target for: /home/cytech/Travail/S2/OptiLin/src/main/java/com/example/optilin/Probleme.java[0m
2023.03.27 16:49:07 WARN  no build target for: /home/cytech/Travail/S2/OptiLin/src/main/java/com/example/optilin/Probleme.java[0m
2023.03.27 16:49:14 WARN  no build target for: /home/cytech/Travail/S2/OptiLin/src/main/java/com/example/optilin/Probleme.java[0m
2023.03.27 16:49:20 WARN  no build target for: /home/cytech/Travail/S2/OptiLin/src/main/java/com/example/optilin/Probleme.java[0m
2023.03.27 16:49:20 WARN  Running javac-semanticdb failed for file:///home/cytech/Travail/S2/OptiLin/src/main/java/com/example/optilin/Probleme.java. Output:
/home/cytech/Travail/S2/OptiLin/src/main/java/com/example/optilin/Probleme.java:13: error: <identifier> expected
    private Cr
              ^
1 error[0m
2023.03.27 16:49:22 WARN  no build target for: /home/cytech/Travail/S2/OptiLin/src/main/java/com/example/optilin/Probleme.java[0m
2023.03.27 16:49:22 WARN  Running javac-semanticdb failed for file:///home/cytech/Travail/S2/OptiLin/src/main/java/com/example/optilin/Probleme.java. Output:
/home/cytech/Travail/S2/OptiLin/src/main/java/com/example/optilin/Probleme.java:13: error: ';' expected
    private Critaire c
                      ^
1 error[0m
2023.03.27 16:49:28 WARN  no build target for: /home/cytech/Travail/S2/OptiLin/src/main/java/com/example/optilin/Probleme.java[0m
2023.03.27 16:49:28 WARN  Running javac-semanticdb failed for file:///home/cytech/Travail/S2/OptiLin/src/main/java/com/example/optilin/Probleme.java. Output:
/home/cytech/Travail/S2/OptiLin/src/main/java/com/example/optilin/Probleme.java:13: error: ';' expected
    private Critaire critaire
                             ^
1 error[0m
2023.03.27 16:49:30 WARN  no build target for: /home/cytech/Travail/S2/OptiLin/src/main/java/com/example/optilin/Probleme.java[0m
2023.03.27 16:49:31 WARN  no build target for: /home/cytech/Travail/S2/OptiLin/src/main/java/com/example/optilin/Probleme.java[0m
2023.03.27 16:49:39 WARN  no build target for: /home/cytech/Travail/S2/OptiLin/src/main/java/com/example/optilin/Probleme.java[0m
2023.03.27 16:50:03 WARN  no build target for: /home/cytech/Travail/S2/OptiLin/src/main/java/com/example/optilin/Probleme.java[0m
2023.03.27 16:50:12 WARN  no build target for: /home/cytech/Travail/S2/OptiLin/src/main/java/com/example/optilin/Probleme.java[0m
2023.03.27 16:50:12 WARN  Running javac-semanticdb failed for file:///home/cytech/Travail/S2/OptiLin/src/main/java/com/example/optilin/Probleme.java. Output:
/home/cytech/Travail/S2/OptiLin/src/main/java/com/example/optilin/Probleme.java:9: error: illegal start of type
    }
    ^
1 error[0m
2023.03.27 16:50:20 WARN  no build target for: /home/cytech/Travail/S2/OptiLin/src/main/java/com/example/optilin/Probleme.java[0m
2023.03.27 16:50:20 WARN  Running javac-semanticdb failed for file:///home/cytech/Travail/S2/OptiLin/src/main/java/com/example/optilin/Probleme.java. Output:
/home/cytech/Travail/S2/OptiLin/src/main/java/com/example/optilin/Probleme.java:7: error: <identifier> expected
        private Vector
                      ^
1 error[0m
2023.03.27 16:50:20 WARN  no build target for: /home/cytech/Travail/S2/OptiLin/src/main/java/com/example/optilin/Probleme.java[0m
2023.03.27 16:50:21 WARN  Running javac-semanticdb failed for file:///home/cytech/Travail/S2/OptiLin/src/main/java/com/example/optilin/Probleme.java. Output:
/home/cytech/Travail/S2/OptiLin/src/main/java/com/example/optilin/Probleme.java:9: error: illegal start of type
    }
    ^
1 error[0m
2023.03.27 16:50:27 WARN  no build target for: /home/cytech/Travail/S2/OptiLin/src/main/java/com/example/optilin/Probleme.java[0m
2023.03.27 16:50:27 WARN  Running javac-semanticdb failed for file:///home/cytech/Travail/S2/OptiLin/src/main/java/com/example/optilin/Probleme.java. Output:
/home/cytech/Travail/S2/OptiLin/src/main/java/com/example/optilin/Probleme.java:7: error: <identifier> expected
        private Vector<Integer>
                               ^
1 error[0m
2023.03.27 16:50:27 WARN  no build target for: /home/cytech/Travail/S2/OptiLin/src/main/java/com/example/optilin/Probleme.java[0m
2023.03.27 16:50:28 WARN  Running javac-semanticdb failed for file:///home/cytech/Travail/S2/OptiLin/src/main/java/com/example/optilin/Probleme.java. Output:
/home/cytech/Travail/S2/OptiLin/src/main/java/com/example/optilin/Probleme.java:7: error: <identifier> expected
        private Vector<Integer> 
                               ^
1 error[0m
2023.03.27 16:50:34 WARN  no build target for: /home/cytech/Travail/S2/OptiLin/src/main/java/com/example/optilin/Probleme.java[0m
2023.03.27 16:50:34 WARN  Running javac-semanticdb failed for file:///home/cytech/Travail/S2/OptiLin/src/main/java/com/example/optilin/Probleme.java. Output:
/home/cytech/Travail/S2/OptiLin/src/main/java/com/example/optilin/Probleme.java:7: error: ';' expected
        private Vector<Integer> coefic
                                      ^
1 error[0m
2023.03.27 16:50:37 WARN  no build target for: /home/cytech/Travail/S2/OptiLin/src/main/java/com/example/optilin/Probleme.java[0m
2023.03.27 16:50:38 WARN  no build target for: /home/cytech/Travail/S2/OptiLin/src/main/java/com/example/optilin/Probleme.java[0m
2023.03.27 16:50:49 WARN  no build target for: /home/cytech/Travail/S2/OptiLin/src/main/java/com/example/optilin/Probleme.java[0m
2023.03.27 16:50:49 WARN  Running javac-semanticdb failed for file:///home/cytech/Travail/S2/OptiLin/src/main/java/com/example/optilin/Probleme.java. Output:
/home/cytech/Travail/S2/OptiLin/src/main/java/com/example/optilin/Probleme.java:8: error: <identifier> expected
        private int 
                   ^
1 error[0m
2023.03.27 16:50:52 WARN  no build target for: /home/cytech/Travail/S2/OptiLin/src/main/java/com/example/optilin/Probleme.java[0m
2023.03.27 16:50:53 WARN  Running javac-semanticdb failed for file:///home/cytech/Travail/S2/OptiLin/src/main/java/com/example/optilin/Probleme.java. Output:
/home/cytech/Travail/S2/OptiLin/src/main/java/com/example/optilin/Probleme.java:8: error: ';' expected
        private int second
                          ^
1 error[0m
2023.03.27 16:50:56 WARN  no build target for: /home/cytech/Travail/S2/OptiLin/src/main/java/com/example/optilin/Probleme.java[0m
2023.03.27 16:50:58 WARN  no build target for: /home/cytech/Travail/S2/OptiLin/src/main/java/com/example/optilin/Probleme.java[0m
2023.03.27 16:50:59 WARN  no build target for: /home/cytech/Travail/S2/OptiLin/src/main/java/com/example/optilin/Probleme.java[0m
2023.03.27 16:51:00 WARN  Running javac-semanticdb failed for file:///home/cytech/Travail/S2/OptiLin/src/main/java/com/example/optilin/Probleme.java. Output:
/home/cytech/Travail/S2/OptiLin/src/main/java/com/example/optilin/Probleme.java:10: error: <identifier> expected
        Co
          ^
1 error[0m
2023.03.27 16:51:00 WARN  no build target for: /home/cytech/Travail/S2/OptiLin/src/main/java/com/example/optilin/Probleme.java[0m
2023.03.27 16:51:04 WARN  no build target for: /home/cytech/Travail/S2/OptiLin/src/main/java/com/example/optilin/Probleme.java[0m
2023.03.27 16:51:04 WARN  Running javac-semanticdb failed for file:///home/cytech/Travail/S2/OptiLin/src/main/java/com/example/optilin/Probleme.java. Output:
/home/cytech/Travail/S2/OptiLin/src/main/java/com/example/optilin/Probleme.java:10: error: <identifier> expected
        Contrainte
                  ^
1 error[0m
2023.03.27 16:51:09 WARN  no build target for: /home/cytech/Travail/S2/OptiLin/src/main/java/com/example/optilin/Probleme.java[0m
2023.03.27 16:51:15 WARN  no build target for: /home/cytech/Travail/S2/OptiLin/src/main/java/com/example/optilin/Probleme.java[0m
2023.03.27 16:51:21 WARN  no build target for: /home/cytech/Travail/S2/OptiLin/src/main/java/com/example/optilin/Probleme.java[0m
2023.03.27 16:51:30 WARN  no build target for: /home/cytech/Travail/S2/OptiLin/src/main/java/com/example/optilin/Probleme.java[0m
2023.03.27 16:51:38 WARN  no build target for: /home/cytech/Travail/S2/OptiLin/src/main/java/com/example/optilin/Probleme.java[0m
2023.03.27 16:51:38 WARN  Running javac-semanticdb failed for file:///home/cytech/Travail/S2/OptiLin/src/main/java/com/example/optilin/Probleme.java. Output:
/home/cytech/Travail/S2/OptiLin/src/main/java/com/example/optilin/Probleme.java:10: error: <identifier> expected
            this.coeficients = coeficients.;
                                           ^
1 error[0m
2023.03.27 16:51:41 WARN  no build target for: /home/cytech/Travail/S2/OptiLin/src/main/java/com/example/optilin/Probleme.java[0m
2023.03.27 16:51:41 WARN  Running javac-semanticdb failed for file:///home/cytech/Travail/S2/OptiLin/src/main/java/com/example/optilin/Probleme.java. Output:
/home/cytech/Travail/S2/OptiLin/src/main/java/com/example/optilin/Probleme.java:10: error: illegal start of expression
            this.coeficients = ;
                               ^
1 error[0m
2023.03.27 16:51:45 WARN  no build target for: /home/cytech/Travail/S2/OptiLin/src/main/java/com/example/optilin/Probleme.java[0m
2023.03.27 16:51:45 WARN  Running javac-semanticdb failed for file:///home/cytech/Travail/S2/OptiLin/src/main/java/com/example/optilin/Probleme.java. Output:
/home/cytech/Travail/S2/OptiLin/src/main/java/com/example/optilin/Probleme.java:10: error: <identifier> expected
            this.coeficients = Vector.;
                                      ^
1 error[0m
2023.03.27 16:51:48 WARN  no build target for: /home/cytech/Travail/S2/OptiLin/src/main/java/com/example/optilin/Probleme.java[0m
2023.03.27 16:51:51 WARN  no build target for: /home/cytech/Travail/S2/OptiLin/src/main/java/com/example/optilin/Probleme.java[0m
2023.03.27 16:51:51 WARN  Running javac-semanticdb failed for file:///home/cytech/Travail/S2/OptiLin/src/main/java/com/example/optilin/Probleme.java. Output:
/home/cytech/Travail/S2/OptiLin/src/main/java/com/example/optilin/Probleme.java:10: error: <identifier> expected
            this.coeficients = new ;
                                  ^
/home/cytech/Travail/S2/OptiLin/src/main/java/com/example/optilin/Probleme.java:10: error: '(' or '[' expected
            this.coeficients = new ;
                                   ^
2 errors[0m
2023.03.27 16:51:51 WARN  no build target for: /home/cytech/Travail/S2/OptiLin/src/main/java/com/example/optilin/Probleme.java[0m
2023.03.27 16:51:53 WARN  Running javac-semanticdb failed for file:///home/cytech/Travail/S2/OptiLin/src/main/java/com/example/optilin/Probleme.java. Output:
/home/cytech/Travail/S2/OptiLin/src/main/java/com/example/optilin/Probleme.java:10: error: '(' or '[' expected
            this.coeficients = new V;
                                    ^
1 error[0m
2023.03.27 16:51:54 WARN  no build target for: /home/cytech/Travail/S2/OptiLin/src/main/java/com/example/optilin/Probleme.java[0m
2023.03.27 16:51:54 WARN  Running javac-semanticdb failed for file:///home/cytech/Travail/S2/OptiLin/src/main/java/com/example/optilin/Probleme.java. Output:
/home/cytech/Travail/S2/OptiLin/src/main/java/com/example/optilin/Probleme.java:10: error: '(' or '[' expected
            this.coeficients = new Vect;
                                       ^
1 error[0m
2023.03.27 16:51:56 WARN  no build target for: /home/cytech/Travail/S2/OptiLin/src/main/java/com/example/optilin/Probleme.java[0m
2023.03.27 16:51:56 WARN  Running javac-semanticdb failed for file:///home/cytech/Travail/S2/OptiLin/src/main/java/com/example/optilin/Probleme.java. Output:
/home/cytech/Travail/S2/OptiLin/src/main/java/com/example/optilin/Probleme.java:10: error: '(' or '[' expected
            this.coeficients = new Vector;
                                         ^
1 error[0m
2023.03.27 16:51:57 WARN  no build target for: /home/cytech/Travail/S2/OptiLin/src/main/java/com/example/optilin/Probleme.java[0m
2023.03.27 16:51:58 WARN  Running javac-semanticdb failed for file:///home/cytech/Travail/S2/OptiLin/src/main/java/com/example/optilin/Probleme.java. Output:
/home/cytech/Travail/S2/OptiLin/src/main/java/com/example/optilin/Probleme.java:10: error: ')' expected
            this.coeficients = new Vector<Integer>(coeficients;
                                                              ^
1 error[0m
2023.03.27 16:51:58 WARN  no build target for: /home/cytech/Travail/S2/OptiLin/src/main/java/com/example/optilin/Probleme.java[0m
2023.03.27 16:52:09 WARN  no build target for: /home/cytech/Travail/S2/OptiLin/src/main/java/com/example/optilin/Probleme.java[0m
2023.03.27 16:52:13 WARN  no build target for: /home/cytech/Travail/S2/OptiLin/src/main/java/com/example/optilin/Probleme.java[0m
2023.03.27 16:52:13 WARN  Running javac-semanticdb failed for file:///home/cytech/Travail/S2/OptiLin/src/main/java/com/example/optilin/Probleme.java. Output:
/home/cytech/Travail/S2/OptiLin/src/main/java/com/example/optilin/Probleme.java:10: error: <identifier> expected
            this.coeficients = new Vector<Integer>().;
                                                     ^
/home/cytech/Travail/S2/OptiLin/src/main/java/com/example/optilin/Probleme.java:10: error: ';' expected
            this.coeficients = new Vector<Integer>().;
                                                      ^
2 errors[0m
2023.03.27 16:52:21 WARN  no build target for: /home/cytech/Travail/S2/OptiLin/src/main/java/com/example/optilin/Probleme.java[0m
2023.03.27 16:52:24 WARN  no build target for: /home/cytech/Travail/S2/OptiLin/src/main/java/com/example/optilin/Probleme.java[0m
2023.03.27 16:52:26 WARN  no build target for: /home/cytech/Travail/S2/OptiLin/src/main/java/com/example/optilin/Probleme.java[0m
2023.03.27 16:52:32 WARN  no build target for: /home/cytech/Travail/S2/OptiLin/src/main/java/com/example/optilin/Probleme.java[0m
2023.03.27 16:52:38 WARN  no build target for: /home/cytech/Travail/S2/OptiLin/src/main/java/com/example/optilin/Probleme.java[0m
2023.03.27 16:52:39 WARN  Running javac-semanticdb failed for file:///home/cytech/Travail/S2/OptiLin/src/main/java/com/example/optilin/Probleme.java. Output:
/home/cytech/Travail/S2/OptiLin/src/main/java/com/example/optilin/Probleme.java:11: error: not a statement
            this.coeficients.a
                            ^
/home/cytech/Travail/S2/OptiLin/src/main/java/com/example/optilin/Probleme.java:11: error: ';' expected
            this.coeficients.a
                              ^
2 errors[0m
2023.03.27 16:52:41 WARN  no build target for: /home/cytech/Travail/S2/OptiLin/src/main/java/com/example/optilin/Probleme.java[0m
2023.03.27 16:52:41 WARN  Running javac-semanticdb failed for file:///home/cytech/Travail/S2/OptiLin/src/main/java/com/example/optilin/Probleme.java. Output:
/home/cytech/Travail/S2/OptiLin/src/main/java/com/example/optilin/Probleme.java:11: error: ';' expected
            this.coeficients.addAll(coeficients)
                                                ^
1 error[0m
2023.03.27 16:52:41 WARN  no build target for: /home/cytech/Travail/S2/OptiLin/src/main/java/com/example/optilin/Probleme.java[0m
2023.03.27 16:52:58 WARN  no build target for: /home/cytech/Travail/S2/OptiLin/src/main/java/com/example/optilin/Probleme.java[0m
2023.03.27 16:52:58 WARN  Running javac-semanticdb failed for file:///home/cytech/Travail/S2/OptiLin/src/main/java/com/example/optilin/Probleme.java. Output:
/home/cytech/Travail/S2/OptiLin/src/main/java/com/example/optilin/Probleme.java:11: error: not a statement
            Array
            ^
/home/cytech/Travail/S2/OptiLin/src/main/java/com/example/optilin/Probleme.java:11: error: ';' expected
            Array
                 ^
2 errors[0m
2023.03.27 16:52:59 WARN  no build target for: /home/cytech/Travail/S2/OptiLin/src/main/java/com/example/optilin/Probleme.java[0m
2023.03.27 16:53:00 WARN  Running javac-semanticdb failed for file:///home/cytech/Travail/S2/OptiLin/src/main/java/com/example/optilin/Probleme.java. Output:
/home/cytech/Travail/S2/OptiLin/src/main/java/com/example/optilin/Probleme.java:11: error: not a statement
            Arrays
            ^
/home/cytech/Travail/S2/OptiLin/src/main/java/com/example/optilin/Probleme.java:11: error: ';' expected
            Arrays
                  ^
2 errors[0m
2023.03.27 16:53:03 WARN  no build target for: /home/cytech/Travail/S2/OptiLin/src/main/java/com/example/optilin/Probleme.java[0m
2023.03.27 16:53:05 WARN  no build target for: /home/cytech/Travail/S2/OptiLin/src/main/java/com/example/optilin/Probleme.java[0m
2023.03.27 16:53:05 WARN  Running javac-semanticdb failed for file:///home/cytech/Travail/S2/OptiLin/src/main/java/com/example/optilin/Probleme.java. Output:
/home/cytech/Travail/S2/OptiLin/src/main/java/com/example/optilin/Probleme.java:12: error: not a statement
            Arrays.to
                  ^
/home/cytech/Travail/S2/OptiLin/src/main/java/com/example/optilin/Probleme.java:12: error: ';' expected
            Arrays.to
                     ^
2 errors[0m
2023.03.27 16:53:09 WARN  no build target for: /home/cytech/Travail/S2/OptiLin/src/main/java/com/example/optilin/Probleme.java[0m
2023.03.27 16:53:22 WARN  no build target for: /home/cytech/Travail/S2/OptiLin/src/main/java/com/example/optilin/Probleme.java[0m
2023.03.27 16:53:26 WARN  no build target for: /home/cytech/Travail/S2/OptiLin/src/main/java/com/example/optilin/Probleme.java[0m
2023.03.27 16:53:29 WARN  no build target for: /home/cytech/Travail/S2/OptiLin/src/main/java/com/example/optilin/Probleme.java[0m
2023.03.27 16:53:36 WARN  no build target for: /home/cytech/Travail/S2/OptiLin/src/main/java/com/example/optilin/Probleme.java[0m
2023.03.27 16:53:40 WARN  no build target for: /home/cytech/Travail/S2/OptiLin/src/main/java/com/example/optilin/Probleme.java[0m
2023.03.27 16:53:42 WARN  no build target for: /home/cytech/Travail/S2/OptiLin/src/main/java/com/example/optilin/Probleme.java[0m
2023.03.27 16:53:47 WARN  no build target for: /home/cytech/Travail/S2/OptiLin/src/main/java/com/example/optilin/Probleme.java[0m
2023.03.27 16:53:59 WARN  no build target for: /home/cytech/Travail/S2/OptiLin/src/main/java/com/example/optilin/Probleme.java[0m
2023.03.27 16:54:14 WARN  no build target for: /home/cytech/Travail/S2/OptiLin/src/main/java/com/example/optilin/Probleme.java[0m
2023.03.27 16:54:28 WARN  no build target for: /home/cytech/Travail/S2/OptiLin/src/main/java/com/example/optilin/Probleme.java[0m
2023.03.27 16:54:30 WARN  no build target for: /home/cytech/Travail/S2/OptiLin/src/main/java/com/example/optilin/Probleme.java[0m
2023.03.27 16:54:40 WARN  no build target for: /home/cytech/Travail/S2/OptiLin/src/main/java/com/example/optilin/Probleme.java[0m
2023.03.27 16:54:48 WARN  no build target for: /home/cytech/Travail/S2/OptiLin/src/main/java/com/example/optilin/Probleme.java[0m
2023.03.27 16:54:53 WARN  no build target for: /home/cytech/Travail/S2/OptiLin/src/main/java/com/example/optilin/Probleme.java[0m
2023.03.27 16:54:59 WARN  no build target for: /home/cytech/Travail/S2/OptiLin/src/main/java/com/example/optilin/Probleme.java[0m
2023.03.27 16:55:10 WARN  no build target for: /home/cytech/Travail/S2/OptiLin/src/main/java/com/example/optilin/Probleme.java[0m
2023.03.27 16:55:17 WARN  no build target for: /home/cytech/Travail/S2/OptiLin/src/main/java/com/example/optilin/Probleme.java[0m
2023.03.27 16:55:21 WARN  no build target for: /home/cytech/Travail/S2/OptiLin/src/main/java/com/example/optilin/Probleme.java[0m
2023.03.27 16:55:21 WARN  Running javac-semanticdb failed for file:///home/cytech/Travail/S2/OptiLin/src/main/java/com/example/optilin/Probleme.java. Output:
/home/cytech/Travail/S2/OptiLin/src/main/java/com/example/optilin/Probleme.java:49: error: <identifier> expected
    publi
         ^
1 error[0m
2023.03.27 16:55:23 WARN  no build target for: /home/cytech/Travail/S2/OptiLin/src/main/java/com/example/optilin/Probleme.java[0m
2023.03.27 16:55:28 WARN  no build target for: /home/cytech/Travail/S2/OptiLin/src/main/java/com/example/optilin/Probleme.java[0m
2023.03.27 16:55:36 WARN  no build target for: /home/cytech/Travail/S2/OptiLin/src/main/java/com/example/optilin/Probleme.java[0m
2023.03.27 16:55:43 WARN  no build target for: /home/cytech/Travail/S2/OptiLin/src/main/java/com/example/optilin/Probleme.java[0m
2023.03.27 16:55:48 WARN  no build target for: /home/cytech/Travail/S2/OptiLin/src/main/java/com/example/optilin/Probleme.java[0m
2023.03.27 16:55:51 WARN  no build target for: /home/cytech/Travail/S2/OptiLin/src/main/java/com/example/optilin/Probleme.java[0m
2023.03.27 16:56:03 WARN  no build target for: /home/cytech/Travail/S2/OptiLin/src/main/java/com/example/optilin/Probleme.java[0m
2023.03.27 16:56:07 WARN  no build target for: /home/cytech/Travail/S2/OptiLin/src/main/java/com/example/optilin/Probleme.java[0m
2023.03.27 16:56:15 WARN  no build target for: /home/cytech/Travail/S2/OptiLin/src/main/java/com/example/optilin/Probleme.java[0m
2023.03.27 16:56:17 WARN  no build target for: /home/cytech/Travail/S2/OptiLin/src/main/java/com/example/optilin/Probleme.java[0m
2023.03.27 16:56:22 WARN  no build target for: /home/cytech/Travail/S2/OptiLin/src/main/java/com/example/optilin/Probleme.java[0m
2023.03.27 16:56:22 WARN  Running javac-semanticdb failed for file:///home/cytech/Travail/S2/OptiLin/src/main/java/com/example/optilin/Probleme.java. Output:
/home/cytech/Travail/S2/OptiLin/src/main/java/com/example/optilin/Probleme.java:62: error: <identifier> expected
    pu
      ^
1 error[0m
2023.03.27 16:56:29 WARN  no build target for: /home/cytech/Travail/S2/OptiLin/src/main/java/com/example/optilin/Probleme.java[0m
2023.03.27 16:56:29 WARN  Running javac-semanticdb failed for file:///home/cytech/Travail/S2/OptiLin/src/main/java/com/example/optilin/Probleme.java. Output:
/home/cytech/Travail/S2/OptiLin/src/main/java/com/example/optilin/Probleme.java:64: error: '(' expected
}
^
1 error[0m
2023.03.27 16:56:30 WARN  no build target for: /home/cytech/Travail/S2/OptiLin/src/main/java/com/example/optilin/Probleme.java[0m
2023.03.27 16:56:31 WARN  Running javac-semanticdb failed for file:///home/cytech/Travail/S2/OptiLin/src/main/java/com/example/optilin/Probleme.java. Output:
/home/cytech/Travail/S2/OptiLin/src/main/java/com/example/optilin/Probleme.java:64: error: '(' expected
}
^
1 error[0m
2023.03.27 16:56:32 WARN  no build target for: /home/cytech/Travail/S2/OptiLin/src/main/java/com/example/optilin/Probleme.java[0m
2023.03.27 16:56:33 WARN  Running javac-semanticdb failed for file:///home/cytech/Travail/S2/OptiLin/src/main/java/com/example/optilin/Probleme.java. Output:
/home/cytech/Travail/S2/OptiLin/src/main/java/com/example/optilin/Probleme.java:65: error: reached end of file while parsing
}
 ^
1 error[0m
2023.03.27 16:56:39 WARN  no build target for: /home/cytech/Travail/S2/OptiLin/src/main/java/com/example/optilin/Probleme.java[0m
2023.03.27 16:56:40 WARN  Running javac-semanticdb failed for file:///home/cytech/Travail/S2/OptiLin/src/main/java/com/example/optilin/Probleme.java. Output:
/home/cytech/Travail/S2/OptiLin/src/main/java/com/example/optilin/Probleme.java:63: error: ';' expected
        this.contraintes.add(contrainte)
                                        ^
/home/cytech/Travail/S2/OptiLin/src/main/java/com/example/optilin/Probleme.java:65: error: reached end of file while parsing
}
 ^
2 errors[0m
2023.03.27 16:56:42 WARN  no build target for: /home/cytech/Travail/S2/OptiLin/src/main/java/com/example/optilin/Probleme.java[0m
2023.03.27 16:57:21 WARN  no build target for: /home/cytech/Travail/S2/OptiLin/src/main/java/com/example/optilin/Probleme.java[0m
2023.03.27 16:57:31 WARN  no build target for: /home/cytech/Travail/S2/OptiLin/src/main/java/com/example/optilin/Probleme.java[0m
2023.03.27 16:57:34 WARN  no build target for: /home/cytech/Travail/S2/OptiLin/src/main/java/com/example/optilin/Probleme.java[0m
2023.03.27 16:57:50 WARN  no build target for: /home/cytech/Travail/S2/OptiLin/src/main/java/com/example/optilin/Probleme.java[0m
2023.03.27 16:57:56 WARN  no build target for: /home/cytech/Travail/S2/OptiLin/src/main/java/com/example/optilin/Probleme.java[0m
2023.03.27 16:58:06 WARN  no build target for: /home/cytech/Travail/S2/OptiLin/src/main/java/com/example/optilin/Probleme.java[0m
2023.03.27 16:58:13 WARN  no build target for: /home/cytech/Travail/S2/OptiLin/src/main/java/com/example/optilin/Probleme.java[0m
2023.03.27 16:58:32 WARN  no build target for: /home/cytech/Travail/S2/OptiLin/src/main/java/com/example/optilin/Probleme.java[0m
2023.03.27 17:01:52 WARN  no build target for: /home/cytech/Travail/S2/OptiLin/src/main/java/com/example/optilin/Probleme.java[0m
2023.03.27 17:01:55 WARN  no build target for: /home/cytech/Travail/S2/OptiLin/src/main/java/com/example/optilin/Probleme.java[0m
2023.03.27 17:02:01 WARN  no build target for: /home/cytech/Travail/S2/OptiLin/src/main/java/com/example/optilin/Probleme.java[0m
2023.03.27 17:02:02 WARN  Running javac-semanticdb failed for file:///home/cytech/Travail/S2/OptiLin/src/main/java/com/example/optilin/Probleme.java. Output:
/home/cytech/Travail/S2/OptiLin/src/main/java/com/example/optilin/Probleme.java:29: error: not a statement
            r
            ^
/home/cytech/Travail/S2/OptiLin/src/main/java/com/example/optilin/Probleme.java:29: error: ';' expected
            r
             ^
2 errors[0m
2023.03.27 17:02:04 WARN  no build target for: /home/cytech/Travail/S2/OptiLin/src/main/java/com/example/optilin/Probleme.java[0m
2023.03.27 17:02:05 WARN  Running javac-semanticdb failed for file:///home/cytech/Travail/S2/OptiLin/src/main/java/com/example/optilin/Probleme.java. Output:
/home/cytech/Travail/S2/OptiLin/src/main/java/com/example/optilin/Probleme.java:29: error: not a statement
            Strin
            ^
/home/cytech/Travail/S2/OptiLin/src/main/java/com/example/optilin/Probleme.java:29: error: ';' expected
            Strin
                 ^
2 errors[0m
2023.03.27 17:02:12 WARN  no build target for: /home/cytech/Travail/S2/OptiLin/src/main/java/com/example/optilin/Probleme.java[0m
2023.03.27 17:02:13 WARN  Running javac-semanticdb failed for file:///home/cytech/Travail/S2/OptiLin/src/main/java/com/example/optilin/Probleme.java. Output:
/home/cytech/Travail/S2/OptiLin/src/main/java/com/example/optilin/Probleme.java:30: error: ';' expected
            StringJoiner ret 
                            ^
1 error[0m
2023.03.27 17:02:16 WARN  no build target for: /home/cytech/Travail/S2/OptiLin/src/main/java/com/example/optilin/Probleme.java[0m
2023.03.27 17:02:16 WARN  Running javac-semanticdb failed for file:///home/cytech/Travail/S2/OptiLin/src/main/java/com/example/optilin/Probleme.java. Output:
/home/cytech/Travail/S2/OptiLin/src/main/java/com/example/optilin/Probleme.java:31: error: '(' or '[' expected
            return super.toString();
            ^
1 error[0m
2023.03.27 17:02:18 WARN  no build target for: /home/cytech/Travail/S2/OptiLin/src/main/java/com/example/optilin/Probleme.java[0m
2023.03.27 17:02:19 WARN  Running javac-semanticdb failed for file:///home/cytech/Travail/S2/OptiLin/src/main/java/com/example/optilin/Probleme.java. Output:
/home/cytech/Travail/S2/OptiLin/src/main/java/com/example/optilin/Probleme.java:30: error: ';' expected
            StringJoiner ret = new StringJoiner()
                                                 ^
1 error[0m
2023.03.27 17:02:20 WARN  no build target for: /home/cytech/Travail/S2/OptiLin/src/main/java/com/example/optilin/Probleme.java[0m
2023.03.27 17:02:21 WARN  Running javac-semanticdb failed for file:///home/cytech/Travail/S2/OptiLin/src/main/java/com/example/optilin/Probleme.java. Output:
/home/cytech/Travail/S2/OptiLin/src/main/java/com/example/optilin/Probleme.java:30: error: ';' expected
            StringJoiner ret = new StringJoiner(" +")
                                                     ^
1 error[0m
2023.03.27 17:02:23 WARN  no build target for: /home/cytech/Travail/S2/OptiLin/src/main/java/com/example/optilin/Probleme.java[0m
2023.03.27 17:02:27 WARN  no build target for: /home/cytech/Travail/S2/OptiLin/src/main/java/com/example/optilin/Probleme.java[0m
2023.03.27 17:02:39 WARN  no build target for: /home/cytech/Travail/S2/OptiLin/src/main/java/com/example/optilin/Probleme.java[0m
2023.03.27 17:02:45 WARN  no build target for: /home/cytech/Travail/S2/OptiLin/src/main/java/com/example/optilin/Probleme.java[0m
2023.03.27 17:02:50 WARN  no build target for: /home/cytech/Travail/S2/OptiLin/src/main/java/com/example/optilin/Probleme.java[0m
2023.03.27 17:02:55 WARN  no build target for: /home/cytech/Travail/S2/OptiLin/src/main/java/com/example/optilin/Probleme.java[0m
2023.03.27 17:03:31 WARN  no build target for: /home/cytech/Travail/S2/OptiLin/src/main/java/com/example/optilin/Probleme.java[0m
2023.03.27 17:03:34 WARN  no build target for: /home/cytech/Travail/S2/OptiLin/src/main/java/com/example/optilin/Probleme.java[0m
2023.03.27 17:03:37 WARN  no build target for: /home/cytech/Travail/S2/OptiLin/src/main/java/com/example/optilin/Probleme.java[0m
2023.03.27 17:03:40 WARN  no build target for: /home/cytech/Travail/S2/OptiLin/src/main/java/com/example/optilin/Probleme.java[0m
2023.03.27 17:03:46 WARN  no build target for: /home/cytech/Travail/S2/OptiLin/src/main/java/com/example/optilin/Probleme.java[0m
2023.03.27 17:03:46 WARN  Running javac-semanticdb failed for file:///home/cytech/Travail/S2/OptiLin/src/main/java/com/example/optilin/Probleme.java. Output:
/home/cytech/Travail/S2/OptiLin/src/main/java/com/example/optilin/Probleme.java:38: error: ';' expected
                ret.add(null)
                             ^
1 error[0m
2023.03.27 17:03:52 WARN  no build target for: /home/cytech/Travail/S2/OptiLin/src/main/java/com/example/optilin/Probleme.java[0m
2023.03.27 17:03:53 WARN  Running javac-semanticdb failed for file:///home/cytech/Travail/S2/OptiLin/src/main/java/com/example/optilin/Probleme.java. Output:
/home/cytech/Travail/S2/OptiLin/src/main/java/com/example/optilin/Probleme.java:38: error: ';' expected
                ret.add(coe)
                            ^
1 error[0m
2023.03.27 17:03:56 WARN  no build target for: /home/cytech/Travail/S2/OptiLin/src/main/java/com/example/optilin/Probleme.java[0m
2023.03.27 17:03:56 WARN  Running javac-semanticdb failed for file:///home/cytech/Travail/S2/OptiLin/src/main/java/com/example/optilin/Probleme.java. Output:
/home/cytech/Travail/S2/OptiLin/src/main/java/com/example/optilin/Probleme.java:38: error: ';' expected
                ret.add(coef + "")
                                  ^
1 error[0m
2023.03.27 17:04:03 WARN  no build target for: /home/cytech/Travail/S2/OptiLin/src/main/java/com/example/optilin/Probleme.java[0m
2023.03.27 17:04:03 WARN  Running javac-semanticdb failed for file:///home/cytech/Travail/S2/OptiLin/src/main/java/com/example/optilin/Probleme.java. Output:
/home/cytech/Travail/S2/OptiLin/src/main/java/com/example/optilin/Probleme.java:38: error: ';' expected
                ret.add(coef + " Ã— x")
                                      ^
1 error[0m
2023.03.27 17:04:07 WARN  no build target for: /home/cytech/Travail/S2/OptiLin/src/main/java/com/example/optilin/Probleme.java[0m
2023.03.27 17:04:07 WARN  Running javac-semanticdb failed for file:///home/cytech/Travail/S2/OptiLin/src/main/java/com/example/optilin/Probleme.java. Output:
/home/cytech/Travail/S2/OptiLin/src/main/java/com/example/optilin/Probleme.java:38: error: illegal start of expression
                ret.add(coef + " Ã— x" +)
                                       ^
/home/cytech/Travail/S2/OptiLin/src/main/java/com/example/optilin/Probleme.java:38: error: ';' expected
                ret.add(coef + " Ã— x" +)
                                        ^
2 errors[0m
2023.03.27 17:04:08 WARN  no build target for: /home/cytech/Travail/S2/OptiLin/src/main/java/com/example/optilin/Probleme.java[0m
2023.03.27 17:04:08 WARN  Running javac-semanticdb failed for file:///home/cytech/Travail/S2/OptiLin/src/main/java/com/example/optilin/Probleme.java. Output:
/home/cytech/Travail/S2/OptiLin/src/main/java/com/example/optilin/Probleme.java:38: error: illegal start of expression
                ret.add(coef + " Ã— x" + )
                                        ^
/home/cytech/Travail/S2/OptiLin/src/main/java/com/example/optilin/Probleme.java:38: error: ';' expected
                ret.add(coef + " Ã— x" + )
                                         ^
2 errors[0m
2023.03.27 17:04:09 WARN  no build target for: /home/cytech/Travail/S2/OptiLin/src/main/java/com/example/optilin/Probleme.java[0m
2023.03.27 17:04:10 WARN  Running javac-semanticdb failed for file:///home/cytech/Travail/S2/OptiLin/src/main/java/com/example/optilin/Probleme.java. Output:
/home/cytech/Travail/S2/OptiLin/src/main/java/com/example/optilin/Probleme.java:38: error: ';' expected
                ret.add(coef + " Ã— x" + i)
                                          ^
1 error[0m
2023.03.27 17:04:14 WARN  no build target for: /home/cytech/Travail/S2/OptiLin/src/main/java/com/example/optilin/Probleme.java[0m
2023.03.27 17:09:56 WARN  no build target for: /home/cytech/Travail/S2/OptiLin/src/main/java/com/example/optilin/Probleme.java[0m
2023.03.27 17:09:58 WARN  no build target for: /home/cytech/Travail/S2/OptiLin/src/main/java/com/example/optilin/Probleme.java[0m
2023.03.27 17:10:06 WARN  no build target for: /home/cytech/Travail/S2/OptiLin/src/main/java/com/example/optilin/Probleme.java[0m
2023.03.27 17:10:08 WARN  no build target for: /home/cytech/Travail/S2/OptiLin/src/main/java/com/example/optilin/Probleme.java[0m
2023.03.27 17:10:22 WARN  no build target for: /home/cytech/Travail/S2/OptiLin/src/main/java/com/example/optilin/Probleme.java[0m
2023.03.27 17:10:25 WARN  no build target for: /home/cytech/Travail/S2/OptiLin/src/main/java/com/example/optilin/Probleme.java[0m
2023.03.27 17:10:37 WARN  no build target for: /home/cytech/Travail/S2/OptiLin/src/main/java/com/example/optilin/Probleme.java[0m
2023.03.27 17:10:44 WARN  no build target for: /home/cytech/Travail/S2/OptiLin/src/main/java/com/example/optilin/Probleme.java[0m
2023.03.27 17:10:52 WARN  no build target for: /home/cytech/Travail/S2/OptiLin/src/main/java/com/example/optilin/Probleme.java[0m
2023.03.27 17:10:55 WARN  no build target for: /home/cytech/Travail/S2/OptiLin/src/main/java/com/example/optilin/Probleme.java[0m
2023.03.27 17:10:58 WARN  Cannot tokenize Java file file:///home/cytech/Travail/S2/OptiLin/src/main/java/com/example/optilin/Probleme.java
org.eclipse.jdt.core.compiler.InvalidInputException: Invalid_Char_In_String
	at org.eclipse.jdt.internal.core.util.PublicScanner.getNextToken(PublicScanner.java:1564)
	at scala.meta.internal.parsing.JavaTokens$.loop$1(JavaTokens.scala:71)
	at scala.meta.internal.parsing.JavaTokens$.$anonfun$tokenize$1(JavaTokens.scala:75)
	at scala.util.Try$.apply(Try.scala:210)
	at scala.meta.internal.parsing.JavaTokens$.tokenize(JavaTokens.scala:35)
	at scala.meta.internal.parsing.TokenEditDistance$.apply(TokenEditDistance.scala:370)
	at scala.meta.internal.metals.Diagnostics.publishDiagnostics(Diagnostics.scala:226)
	at scala.meta.internal.metals.Diagnostics.publishDiagnostics(Diagnostics.scala:188)
	at scala.meta.internal.metals.Diagnostics.didChange(Diagnostics.scala:136)
	at scala.meta.internal.metals.MetalsLspService.didChange(MetalsLspService.scala:1248)
	at scala.meta.metals.lsp.DelegatingScalaService.didChange(DelegatingScalaService.scala:50)
	at jdk.internal.reflect.GeneratedMethodAccessor1.invoke(null)
	at jdk.internal.reflect.DelegatingMethodAccessorImpl.invoke(DelegatingMethodAccessorImpl.java:43)
	at java.lang.reflect.Method.invoke(Method.java:566)
	at org.eclipse.lsp4j.jsonrpc.services.GenericEndpoint.lambda$null$0(GenericEndpoint.java:65)
	at org.eclipse.lsp4j.jsonrpc.services.GenericEndpoint.notify(GenericEndpoint.java:152)
	at org.eclipse.lsp4j.jsonrpc.RemoteEndpoint.handleNotification(RemoteEndpoint.java:220)
	at org.eclipse.lsp4j.jsonrpc.RemoteEndpoint.consume(RemoteEndpoint.java:187)
	at org.eclipse.lsp4j.jsonrpc.json.StreamMessageProducer.handleMessage(StreamMessageProducer.java:194)
	at org.eclipse.lsp4j.jsonrpc.json.StreamMessageProducer.listen(StreamMessageProducer.java:94)
	at org.eclipse.lsp4j.jsonrpc.json.ConcurrentMessageProcessor.run(ConcurrentMessageProcessor.java:113)
	at java.util.concurrent.Executors$RunnableAdapter.call(Executors.java:515)
	at java.util.concurrent.FutureTask.run(FutureTask.java:264)
	at java.util.concurrent.ThreadPoolExecutor.runWorker(ThreadPoolExecutor.java:1128)
	at java.util.concurrent.ThreadPoolExecutor$Worker.run(ThreadPoolExecutor.java:628)
	at java.lang.Thread.run(Thread.java:829)
[0m
Mar 27, 2023 5:10:58 PM org.eclipse.lsp4j.jsonrpc.RemoteEndpoint fallbackResponseError
SEVERE: Internal error: org.eclipse.jdt.core.compiler.InvalidInputException: Invalid_Char_In_String
java.util.concurrent.CompletionException: org.eclipse.jdt.core.compiler.InvalidInputException: Invalid_Char_In_String
	at java.base/java.util.concurrent.CompletableFuture.encodeThrowable(CompletableFuture.java:331)
	at java.base/java.util.concurrent.CompletableFuture.completeThrowable(CompletableFuture.java:346)
	at java.base/java.util.concurrent.CompletableFuture$UniAccept.tryFire(CompletableFuture.java:704)
	at java.base/java.util.concurrent.CompletableFuture.postComplete(CompletableFuture.java:506)
	at java.base/java.util.concurrent.CompletableFuture.completeExceptionally(CompletableFuture.java:2088)
	at scala.meta.internal.metals.CancelTokens$.$anonfun$future$1(CancelTokens.scala:40)
	at scala.meta.internal.metals.CancelTokens$.$anonfun$future$1$adapted(CancelTokens.scala:38)
	at scala.concurrent.impl.Promise$Transformation.run(Promise.scala:484)
	at java.base/java.util.concurrent.ThreadPoolExecutor.runWorker(ThreadPoolExecutor.java:1128)
	at java.base/java.util.concurrent.ThreadPoolExecutor$Worker.run(ThreadPoolExecutor.java:628)
	at java.base/java.lang.Thread.run(Thread.java:829)
Caused by: org.eclipse.jdt.core.compiler.InvalidInputException: Invalid_Char_In_String
	at org.eclipse.jdt.internal.core.util.PublicScanner.getNextToken(PublicScanner.java:1564)
	at scala.meta.internal.parsing.JavaFoldingRangeExtractor.next$1(JavaFoldingRangeExtractor.scala:100)
	at scala.meta.internal.parsing.JavaFoldingRangeExtractor.gather$1(JavaFoldingRangeExtractor.scala:145)
	at scala.meta.internal.parsing.JavaFoldingRangeExtractor.extract(JavaFoldingRangeExtractor.scala:155)
	at scala.meta.internal.parsing.FoldingRangeProvider.$anonfun$getRangedForJava$2(FoldingRangeProvider.scala:48)
	at scala.Option$WithFilter.map(Option.scala:242)
	at scala.meta.internal.parsing.FoldingRangeProvider.getRangedForJava(FoldingRangeProvider.scala:43)
	at scala.meta.internal.metals.MetalsLspService.$anonfun$foldingRange$3(MetalsLspService.scala:1776)
	at scala.concurrent.Future$.$anonfun$apply$1(Future.scala:678)
	at scala.concurrent.impl.Promise$Transformation.run(Promise.scala:467)
	... 3 more

2023.03.27 17:10:58 WARN  Cannot tokenize Java file file:///home/cytech/Travail/S2/OptiLin/src/main/java/com/example/optilin/Probleme.java
org.eclipse.jdt.core.compiler.InvalidInputException: Invalid_Char_In_String
	at org.eclipse.jdt.internal.core.util.PublicScanner.getNextToken(PublicScanner.java:1564)
	at scala.meta.internal.parsing.JavaTokens$.loop$1(JavaTokens.scala:71)
	at scala.meta.internal.parsing.JavaTokens$.$anonfun$tokenize$1(JavaTokens.scala:75)
	at scala.util.Try$.apply(Try.scala:210)
	at scala.meta.internal.parsing.JavaTokens$.tokenize(JavaTokens.scala:35)
	at scala.meta.internal.parsing.TokenEditDistance$.apply(TokenEditDistance.scala:370)
	at scala.meta.internal.metals.Buffers.tokenEditDistance(Buffers.scala:30)
	at scala.meta.internal.metals.codelenses.RunTestCodeLens.codeLenses(RunTestCodeLens.scala:62)
	at scala.meta.internal.metals.CodeLensProvider.$anonfun$findLenses$3(CodeLensProvider.scala:26)
	at scala.collection.immutable.List.flatMap(List.scala:293)
	at scala.meta.internal.metals.CodeLensProvider.$anonfun$findLenses$2(CodeLensProvider.scala:26)
	at scala.Option.map(Option.scala:242)
	at scala.meta.internal.metals.CodeLensProvider.findLenses(CodeLensProvider.scala:24)
	at scala.meta.internal.metals.MetalsLspService.$anonfun$codeLens$2(MetalsLspService.scala:1761)
	at scala.meta.internal.metals.TimerProvider.timedThunk(TimerProvider.scala:25)
	at scala.meta.internal.metals.MetalsLspService.$anonfun$codeLens$1(MetalsLspService.scala:1759)
	at scala.meta.internal.metals.CancelTokens$.$anonfun$apply$2(CancelTokens.scala:26)
	at scala.concurrent.Future$.$anonfun$apply$1(Future.scala:678)
	at scala.concurrent.impl.Promise$Transformation.run(Promise.scala:467)
	at java.util.concurrent.ThreadPoolExecutor.runWorker(ThreadPoolExecutor.java:1128)
	at java.util.concurrent.ThreadPoolExecutor$Worker.run(ThreadPoolExecutor.java:628)
	at java.lang.Thread.run(Thread.java:829)
[0m
2023.03.27 17:10:58 WARN  Cannot tokenize Java file file:///home/cytech/Travail/S2/OptiLin/src/main/java/com/example/optilin/Probleme.java
org.eclipse.jdt.core.compiler.InvalidInputException: Invalid_Char_In_String
	at org.eclipse.jdt.internal.core.util.PublicScanner.getNextToken(PublicScanner.java:1564)
	at scala.meta.internal.parsing.JavaTokens$.loop$1(JavaTokens.scala:71)
	at scala.meta.internal.parsing.JavaTokens$.$anonfun$tokenize$1(JavaTokens.scala:75)
	at scala.util.Try$.apply(Try.scala:210)
	at scala.meta.internal.parsing.JavaTokens$.tokenize(JavaTokens.scala:35)
	at scala.meta.internal.parsing.TokenEditDistance$.apply(TokenEditDistance.scala:370)
	at scala.meta.internal.metals.Buffers.tokenEditDistance(Buffers.scala:30)
	at scala.meta.internal.metals.codelenses.SuperMethodCodeLens.codeLenses(SuperMethodCodeLens.scala:36)
	at scala.meta.internal.metals.CodeLensProvider.$anonfun$findLenses$3(CodeLensProvider.scala:26)
	at scala.collection.immutable.List.flatMap(List.scala:293)
	at scala.meta.internal.metals.CodeLensProvider.$anonfun$findLenses$2(CodeLensProvider.scala:26)
	at scala.Option.map(Option.scala:242)
	at scala.meta.internal.metals.CodeLensProvider.findLenses(CodeLensProvider.scala:24)
	at scala.meta.internal.metals.MetalsLspService.$anonfun$codeLens$2(MetalsLspService.scala:1761)
	at scala.meta.internal.metals.TimerProvider.timedThunk(TimerProvider.scala:25)
	at scala.meta.internal.metals.MetalsLspService.$anonfun$codeLens$1(MetalsLspService.scala:1759)
	at scala.meta.internal.metals.CancelTokens$.$anonfun$apply$2(CancelTokens.scala:26)
	at scala.concurrent.Future$.$anonfun$apply$1(Future.scala:678)
	at scala.concurrent.impl.Promise$Transformation.run(Promise.scala:467)
	at java.util.concurrent.ThreadPoolExecutor.runWorker(ThreadPoolExecutor.java:1128)
	at java.util.concurrent.ThreadPoolExecutor$Worker.run(ThreadPoolExecutor.java:628)
	at java.lang.Thread.run(Thread.java:829)
[0m
2023.03.27 17:10:58 WARN  Cannot tokenize Java file file:///home/cytech/Travail/S2/OptiLin/src/main/java/com/example/optilin/Probleme.java
org.eclipse.jdt.core.compiler.InvalidInputException: Invalid_Char_In_String
	at org.eclipse.jdt.internal.core.util.PublicScanner.getNextToken(PublicScanner.java:1564)
	at scala.meta.internal.parsing.JavaTokens$.loop$1(JavaTokens.scala:71)
	at scala.meta.internal.parsing.JavaTokens$.$anonfun$tokenize$1(JavaTokens.scala:75)
	at scala.util.Try$.apply(Try.scala:210)
	at scala.meta.internal.parsing.JavaTokens$.tokenize(JavaTokens.scala:35)
	at scala.meta.internal.parsing.TokenEditDistance$.apply(TokenEditDistance.scala:370)
	at scala.meta.internal.metals.Diagnostics.publishDiagnostics(Diagnostics.scala:226)
	at scala.meta.internal.metals.Diagnostics.publishDiagnostics(Diagnostics.scala:188)
	at scala.meta.internal.metals.Diagnostics.didChange(Diagnostics.scala:136)
	at scala.meta.internal.metals.MetalsLspService.didChange(MetalsLspService.scala:1248)
	at scala.meta.metals.lsp.DelegatingScalaService.didChange(DelegatingScalaService.scala:50)
	at jdk.internal.reflect.GeneratedMethodAccessor1.invoke(null)
	at jdk.internal.reflect.DelegatingMethodAccessorImpl.invoke(DelegatingMethodAccessorImpl.java:43)
	at java.lang.reflect.Method.invoke(Method.java:566)
	at org.eclipse.lsp4j.jsonrpc.services.GenericEndpoint.lambda$null$0(GenericEndpoint.java:65)
	at org.eclipse.lsp4j.jsonrpc.services.GenericEndpoint.notify(GenericEndpoint.java:152)
	at org.eclipse.lsp4j.jsonrpc.RemoteEndpoint.handleNotification(RemoteEndpoint.java:220)
	at org.eclipse.lsp4j.jsonrpc.RemoteEndpoint.consume(RemoteEndpoint.java:187)
	at org.eclipse.lsp4j.jsonrpc.json.StreamMessageProducer.handleMessage(StreamMessageProducer.java:194)
	at org.eclipse.lsp4j.jsonrpc.json.StreamMessageProducer.listen(StreamMessageProducer.java:94)
	at org.eclipse.lsp4j.jsonrpc.json.ConcurrentMessageProcessor.run(ConcurrentMessageProcessor.java:113)
	at java.util.concurrent.Executors$RunnableAdapter.call(Executors.java:515)
	at java.util.concurrent.FutureTask.run(FutureTask.java:264)
	at java.util.concurrent.ThreadPoolExecutor.runWorker(ThreadPoolExecutor.java:1128)
	at java.util.concurrent.ThreadPoolExecutor$Worker.run(ThreadPoolExecutor.java:628)
	at java.lang.Thread.run(Thread.java:829)
[0m
Mar 27, 2023 5:10:58 PM org.eclipse.lsp4j.jsonrpc.RemoteEndpoint fallbackResponseError
SEVERE: Internal error: org.eclipse.jdt.core.compiler.InvalidInputException: Invalid_Char_In_String
java.util.concurrent.CompletionException: org.eclipse.jdt.core.compiler.InvalidInputException: Invalid_Char_In_String
	at java.base/java.util.concurrent.CompletableFuture.encodeThrowable(CompletableFuture.java:331)
	at java.base/java.util.concurrent.CompletableFuture.completeThrowable(CompletableFuture.java:346)
	at java.base/java.util.concurrent.CompletableFuture$UniAccept.tryFire(CompletableFuture.java:704)
	at java.base/java.util.concurrent.CompletableFuture.postComplete(CompletableFuture.java:506)
	at java.base/java.util.concurrent.CompletableFuture.completeExceptionally(CompletableFuture.java:2088)
	at scala.meta.internal.metals.CancelTokens$.$anonfun$future$1(CancelTokens.scala:40)
	at scala.meta.internal.metals.CancelTokens$.$anonfun$future$1$adapted(CancelTokens.scala:38)
	at scala.concurrent.impl.Promise$Transformation.run(Promise.scala:484)
	at java.base/java.util.concurrent.ThreadPoolExecutor.runWorker(ThreadPoolExecutor.java:1128)
	at java.base/java.util.concurrent.ThreadPoolExecutor$Worker.run(ThreadPoolExecutor.java:628)
	at java.base/java.lang.Thread.run(Thread.java:829)
Caused by: org.eclipse.jdt.core.compiler.InvalidInputException: Invalid_Char_In_String
	at org.eclipse.jdt.internal.core.util.PublicScanner.getNextToken(PublicScanner.java:1564)
	at scala.meta.internal.parsing.JavaFoldingRangeExtractor.next$1(JavaFoldingRangeExtractor.scala:100)
	at scala.meta.internal.parsing.JavaFoldingRangeExtractor.gather$1(JavaFoldingRangeExtractor.scala:145)
	at scala.meta.internal.parsing.JavaFoldingRangeExtractor.extract(JavaFoldingRangeExtractor.scala:155)
	at scala.meta.internal.parsing.FoldingRangeProvider.$anonfun$getRangedForJava$2(FoldingRangeProvider.scala:48)
	at scala.Option$WithFilter.map(Option.scala:242)
	at scala.meta.internal.parsing.FoldingRangeProvider.getRangedForJava(FoldingRangeProvider.scala:43)
	at scala.meta.internal.metals.MetalsLspService.$anonfun$foldingRange$3(MetalsLspService.scala:1776)
	at scala.concurrent.Future$.$anonfun$apply$1(Future.scala:678)
	at scala.concurrent.impl.Promise$Transformation.run(Promise.scala:467)
	... 3 more

2023.03.27 17:10:58 WARN  Cannot tokenize Java file file:///home/cytech/Travail/S2/OptiLin/src/main/java/com/example/optilin/Probleme.java
org.eclipse.jdt.core.compiler.InvalidInputException: Invalid_Char_In_String
	at org.eclipse.jdt.internal.core.util.PublicScanner.getNextToken(PublicScanner.java:1564)
	at scala.meta.internal.parsing.JavaTokens$.loop$1(JavaTokens.scala:71)
	at scala.meta.internal.parsing.JavaTokens$.$anonfun$tokenize$1(JavaTokens.scala:75)
	at scala.util.Try$.apply(Try.scala:210)
	at scala.meta.internal.parsing.JavaTokens$.tokenize(JavaTokens.scala:35)
	at scala.meta.internal.parsing.TokenEditDistance$.apply(TokenEditDistance.scala:370)
	at scala.meta.internal.metals.Buffers.tokenEditDistance(Buffers.scala:30)
	at scala.meta.internal.metals.codelenses.RunTestCodeLens.codeLenses(RunTestCodeLens.scala:62)
	at scala.meta.internal.metals.CodeLensProvider.$anonfun$findLenses$3(CodeLensProvider.scala:26)
	at scala.collection.immutable.List.flatMap(List.scala:293)
	at scala.meta.internal.metals.CodeLensProvider.$anonfun$findLenses$2(CodeLensProvider.scala:26)
	at scala.Option.map(Option.scala:242)
	at scala.meta.internal.metals.CodeLensProvider.findLenses(CodeLensProvider.scala:24)
	at scala.meta.internal.metals.MetalsLspService.$anonfun$codeLens$2(MetalsLspService.scala:1761)
	at scala.meta.internal.metals.TimerProvider.timedThunk(TimerProvider.scala:25)
	at scala.meta.internal.metals.MetalsLspService.$anonfun$codeLens$1(MetalsLspService.scala:1759)
	at scala.meta.internal.metals.CancelTokens$.$anonfun$apply$2(CancelTokens.scala:26)
	at scala.concurrent.Future$.$anonfun$apply$1(Future.scala:678)
	at scala.concurrent.impl.Promise$Transformation.run(Promise.scala:467)
	at java.util.concurrent.ThreadPoolExecutor.runWorker(ThreadPoolExecutor.java:1128)
	at java.util.concurrent.ThreadPoolExecutor$Worker.run(ThreadPoolExecutor.java:628)
	at java.lang.Thread.run(Thread.java:829)
[0m
2023.03.27 17:10:58 WARN  Cannot tokenize Java file file:///home/cytech/Travail/S2/OptiLin/src/main/java/com/example/optilin/Probleme.java
org.eclipse.jdt.core.compiler.InvalidInputException: Invalid_Char_In_String
	at org.eclipse.jdt.internal.core.util.PublicScanner.getNextToken(PublicScanner.java:1564)
	at scala.meta.internal.parsing.JavaTokens$.loop$1(JavaTokens.scala:71)
	at scala.meta.internal.parsing.JavaTokens$.$anonfun$tokenize$1(JavaTokens.scala:75)
	at scala.util.Try$.apply(Try.scala:210)
	at scala.meta.internal.parsing.JavaTokens$.tokenize(JavaTokens.scala:35)
	at scala.meta.internal.parsing.TokenEditDistance$.apply(TokenEditDistance.scala:370)
	at scala.meta.internal.metals.Buffers.tokenEditDistance(Buffers.scala:30)
	at scala.meta.internal.metals.codelenses.SuperMethodCodeLens.codeLenses(SuperMethodCodeLens.scala:36)
	at scala.meta.internal.metals.CodeLensProvider.$anonfun$findLenses$3(CodeLensProvider.scala:26)
	at scala.collection.immutable.List.flatMap(List.scala:293)
	at scala.meta.internal.metals.CodeLensProvider.$anonfun$findLenses$2(CodeLensProvider.scala:26)
	at scala.Option.map(Option.scala:242)
	at scala.meta.internal.metals.CodeLensProvider.findLenses(CodeLensProvider.scala:24)
	at scala.meta.internal.metals.MetalsLspService.$anonfun$codeLens$2(MetalsLspService.scala:1761)
	at scala.meta.internal.metals.TimerProvider.timedThunk(TimerProvider.scala:25)
	at scala.meta.internal.metals.MetalsLspService.$anonfun$codeLens$1(MetalsLspService.scala:1759)
	at scala.meta.internal.metals.CancelTokens$.$anonfun$apply$2(CancelTokens.scala:26)
	at scala.concurrent.Future$.$anonfun$apply$1(Future.scala:678)
	at scala.concurrent.impl.Promise$Transformation.run(Promise.scala:467)
	at java.util.concurrent.ThreadPoolExecutor.runWorker(ThreadPoolExecutor.java:1128)
	at java.util.concurrent.ThreadPoolExecutor$Worker.run(ThreadPoolExecutor.java:628)
	at java.lang.Thread.run(Thread.java:829)
[0m
Mar 27, 2023 5:10:58 PM org.eclipse.lsp4j.jsonrpc.RemoteEndpoint handleCancellation
WARNING: Unmatched cancel notification for request id 2913
2023.03.27 17:10:58 WARN  Cannot tokenize Java file file:///home/cytech/Travail/S2/OptiLin/src/main/java/com/example/optilin/Probleme.java
org.eclipse.jdt.core.compiler.InvalidInputException: Invalid_Char_In_String
	at org.eclipse.jdt.internal.core.util.PublicScanner.getNextToken(PublicScanner.java:1564)
	at scala.meta.internal.parsing.JavaTokens$.loop$1(JavaTokens.scala:71)
	at scala.meta.internal.parsing.JavaTokens$.$anonfun$tokenize$1(JavaTokens.scala:75)
	at scala.util.Try$.apply(Try.scala:210)
	at scala.meta.internal.parsing.JavaTokens$.tokenize(JavaTokens.scala:35)
	at scala.meta.internal.parsing.TokenEditDistance$.apply(TokenEditDistance.scala:370)
	at scala.meta.internal.metals.Diagnostics.publishDiagnostics(Diagnostics.scala:226)
	at scala.meta.internal.metals.Diagnostics.publishDiagnostics(Diagnostics.scala:188)
	at scala.meta.internal.metals.Diagnostics.didChange(Diagnostics.scala:136)
	at scala.meta.internal.metals.MetalsLspService.didChange(MetalsLspService.scala:1248)
	at scala.meta.metals.lsp.DelegatingScalaService.didChange(DelegatingScalaService.scala:50)
	at jdk.internal.reflect.GeneratedMethodAccessor1.invoke(null)
	at jdk.internal.reflect.DelegatingMethodAccessorImpl.invoke(DelegatingMethodAccessorImpl.java:43)
	at java.lang.reflect.Method.invoke(Method.java:566)
	at org.eclipse.lsp4j.jsonrpc.services.GenericEndpoint.lambda$null$0(GenericEndpoint.java:65)
	at org.eclipse.lsp4j.jsonrpc.services.GenericEndpoint.notify(GenericEndpoint.java:152)
	at org.eclipse.lsp4j.jsonrpc.RemoteEndpoint.handleNotification(RemoteEndpoint.java:220)
	at org.eclipse.lsp4j.jsonrpc.RemoteEndpoint.consume(RemoteEndpoint.java:187)
	at org.eclipse.lsp4j.jsonrpc.json.StreamMessageProducer.handleMessage(StreamMessageProducer.java:194)
	at org.eclipse.lsp4j.jsonrpc.json.StreamMessageProducer.listen(StreamMessageProducer.java:94)
	at org.eclipse.lsp4j.jsonrpc.json.ConcurrentMessageProcessor.run(ConcurrentMessageProcessor.java:113)
	at java.util.concurrent.Executors$RunnableAdapter.call(Executors.java:515)
	at java.util.concurrent.FutureTask.run(FutureTask.java:264)
	at java.util.concurrent.ThreadPoolExecutor.runWorker(ThreadPoolExecutor.java:1128)
	at java.util.concurrent.ThreadPoolExecutor$Worker.run(ThreadPoolExecutor.java:628)
	at java.lang.Thread.run(Thread.java:829)
[0m
Mar 27, 2023 5:10:59 PM org.eclipse.lsp4j.jsonrpc.RemoteEndpoint fallbackResponseError
SEVERE: Internal error: org.eclipse.jdt.core.compiler.InvalidInputException: Invalid_Char_In_String
java.util.concurrent.CompletionException: org.eclipse.jdt.core.compiler.InvalidInputException: Invalid_Char_In_String
	at java.base/java.util.concurrent.CompletableFuture.encodeThrowable(CompletableFuture.java:331)
	at java.base/java.util.concurrent.CompletableFuture.completeThrowable(CompletableFuture.java:346)
	at java.base/java.util.concurrent.CompletableFuture$UniAccept.tryFire(CompletableFuture.java:704)
	at java.base/java.util.concurrent.CompletableFuture.postComplete(CompletableFuture.java:506)
	at java.base/java.util.concurrent.CompletableFuture.completeExceptionally(CompletableFuture.java:2088)
	at scala.meta.internal.metals.CancelTokens$.$anonfun$future$1(CancelTokens.scala:40)
	at scala.meta.internal.metals.CancelTokens$.$anonfun$future$1$adapted(CancelTokens.scala:38)
	at scala.concurrent.impl.Promise$Transformation.run(Promise.scala:484)
	at java.base/java.util.concurrent.ThreadPoolExecutor.runWorker(ThreadPoolExecutor.java:1128)
	at java.base/java.util.concurrent.ThreadPoolExecutor$Worker.run(ThreadPoolExecutor.java:628)
	at java.base/java.lang.Thread.run(Thread.java:829)
Caused by: org.eclipse.jdt.core.compiler.InvalidInputException: Invalid_Char_In_String
	at org.eclipse.jdt.internal.core.util.PublicScanner.getNextToken(PublicScanner.java:1564)
	at scala.meta.internal.parsing.JavaFoldingRangeExtractor.next$1(JavaFoldingRangeExtractor.scala:100)
	at scala.meta.internal.parsing.JavaFoldingRangeExtractor.gather$1(JavaFoldingRangeExtractor.scala:145)
	at scala.meta.internal.parsing.JavaFoldingRangeExtractor.extract(JavaFoldingRangeExtractor.scala:155)
	at scala.meta.internal.parsing.FoldingRangeProvider.$anonfun$getRangedForJava$2(FoldingRangeProvider.scala:48)
	at scala.Option$WithFilter.map(Option.scala:242)
	at scala.meta.internal.parsing.FoldingRangeProvider.getRangedForJava(FoldingRangeProvider.scala:43)
	at scala.meta.internal.metals.MetalsLspService.$anonfun$foldingRange$3(MetalsLspService.scala:1776)
	at scala.concurrent.Future$.$anonfun$apply$1(Future.scala:678)
	at scala.concurrent.impl.Promise$Transformation.run(Promise.scala:467)
	... 3 more

2023.03.27 17:10:59 WARN  Cannot tokenize Java file file:///home/cytech/Travail/S2/OptiLin/src/main/java/com/example/optilin/Probleme.java
org.eclipse.jdt.core.compiler.InvalidInputException: Invalid_Char_In_String
	at org.eclipse.jdt.internal.core.util.PublicScanner.getNextToken(PublicScanner.java:1564)
	at scala.meta.internal.parsing.JavaTokens$.loop$1(JavaTokens.scala:71)
	at scala.meta.internal.parsing.JavaTokens$.$anonfun$tokenize$1(JavaTokens.scala:75)
	at scala.util.Try$.apply(Try.scala:210)
	at scala.meta.internal.parsing.JavaTokens$.tokenize(JavaTokens.scala:35)
	at scala.meta.internal.parsing.TokenEditDistance$.apply(TokenEditDistance.scala:370)
	at scala.meta.internal.metals.Buffers.tokenEditDistance(Buffers.scala:30)
	at scala.meta.internal.metals.codelenses.RunTestCodeLens.codeLenses(RunTestCodeLens.scala:62)
	at scala.meta.internal.metals.CodeLensProvider.$anonfun$findLenses$3(CodeLensProvider.scala:26)
	at scala.collection.immutable.List.flatMap(List.scala:293)
	at scala.meta.internal.metals.CodeLensProvider.$anonfun$findLenses$2(CodeLensProvider.scala:26)
	at scala.Option.map(Option.scala:242)
	at scala.meta.internal.metals.CodeLensProvider.findLenses(CodeLensProvider.scala:24)
	at scala.meta.internal.metals.MetalsLspService.$anonfun$codeLens$2(MetalsLspService.scala:1761)
	at scala.meta.internal.metals.TimerProvider.timedThunk(TimerProvider.scala:25)
	at scala.meta.internal.metals.MetalsLspService.$anonfun$codeLens$1(MetalsLspService.scala:1759)
	at scala.meta.internal.metals.CancelTokens$.$anonfun$apply$2(CancelTokens.scala:26)
	at scala.concurrent.Future$.$anonfun$apply$1(Future.scala:678)
	at scala.concurrent.impl.Promise$Transformation.run(Promise.scala:467)
	at java.util.concurrent.ThreadPoolExecutor.runWorker(ThreadPoolExecutor.java:1128)
	at java.util.concurrent.ThreadPoolExecutor$Worker.run(ThreadPoolExecutor.java:628)
	at java.lang.Thread.run(Thread.java:829)
[0m
2023.03.27 17:10:59 WARN  Cannot tokenize Java file file:///home/cytech/Travail/S2/OptiLin/src/main/java/com/example/optilin/Probleme.java
org.eclipse.jdt.core.compiler.InvalidInputException: Invalid_Char_In_String
	at org.eclipse.jdt.internal.core.util.PublicScanner.getNextToken(PublicScanner.java:1564)
	at scala.meta.internal.parsing.JavaTokens$.loop$1(JavaTokens.scala:71)
	at scala.meta.internal.parsing.JavaTokens$.$anonfun$tokenize$1(JavaTokens.scala:75)
	at scala.util.Try$.apply(Try.scala:210)
	at scala.meta.internal.parsing.JavaTokens$.tokenize(JavaTokens.scala:35)
	at scala.meta.internal.parsing.TokenEditDistance$.apply(TokenEditDistance.scala:370)
	at scala.meta.internal.metals.Buffers.tokenEditDistance(Buffers.scala:30)
	at scala.meta.internal.metals.codelenses.SuperMethodCodeLens.codeLenses(SuperMethodCodeLens.scala:36)
	at scala.meta.internal.metals.CodeLensProvider.$anonfun$findLenses$3(CodeLensProvider.scala:26)
	at scala.collection.immutable.List.flatMap(List.scala:293)
	at scala.meta.internal.metals.CodeLensProvider.$anonfun$findLenses$2(CodeLensProvider.scala:26)
	at scala.Option.map(Option.scala:242)
	at scala.meta.internal.metals.CodeLensProvider.findLenses(CodeLensProvider.scala:24)
	at scala.meta.internal.metals.MetalsLspService.$anonfun$codeLens$2(MetalsLspService.scala:1761)
	at scala.meta.internal.metals.TimerProvider.timedThunk(TimerProvider.scala:25)
	at scala.meta.internal.metals.MetalsLspService.$anonfun$codeLens$1(MetalsLspService.scala:1759)
	at scala.meta.internal.metals.CancelTokens$.$anonfun$apply$2(CancelTokens.scala:26)
	at scala.concurrent.Future$.$anonfun$apply$1(Future.scala:678)
	at scala.concurrent.impl.Promise$Transformation.run(Promise.scala:467)
	at java.util.concurrent.ThreadPoolExecutor.runWorker(ThreadPoolExecutor.java:1128)
	at java.util.concurrent.ThreadPoolExecutor$Worker.run(ThreadPoolExecutor.java:628)
	at java.lang.Thread.run(Thread.java:829)
[0m
2023.03.27 17:10:58 WARN  Cannot tokenize Java file file:///home/cytech/Travail/S2/OptiLin/src/main/java/com/example/optilin/Probleme.java
org.eclipse.jdt.core.compiler.InvalidInputException: Invalid_Char_In_String
	at org.eclipse.jdt.internal.core.util.PublicScanner.getNextToken(PublicScanner.java:1564)
	at scala.meta.internal.parsing.JavaTokens$.loop$1(JavaTokens.scala:71)
	at scala.meta.internal.parsing.JavaTokens$.$anonfun$tokenize$1(JavaTokens.scala:75)
	at scala.util.Try$.apply(Try.scala:210)
	at scala.meta.internal.parsing.JavaTokens$.tokenize(JavaTokens.scala:35)
	at scala.meta.internal.parsing.TokenEditDistance$.apply(TokenEditDistance.scala:370)
	at scala.meta.internal.metals.Diagnostics.publishDiagnostics(Diagnostics.scala:226)
	at scala.meta.internal.metals.Diagnostics.publishDiagnostics(Diagnostics.scala:188)
	at scala.meta.internal.metals.Diagnostics.didChange(Diagnostics.scala:136)
	at scala.meta.internal.metals.MetalsLspService.didChange(MetalsLspService.scala:1248)
	at scala.meta.metals.lsp.DelegatingScalaService.didChange(DelegatingScalaService.scala:50)
	at jdk.internal.reflect.GeneratedMethodAccessor1.invoke(null)
	at jdk.internal.reflect.DelegatingMethodAccessorImpl.invoke(DelegatingMethodAccessorImpl.java:43)
	at java.lang.reflect.Method.invoke(Method.java:566)
	at org.eclipse.lsp4j.jsonrpc.services.GenericEndpoint.lambda$null$0(GenericEndpoint.java:65)
	at org.eclipse.lsp4j.jsonrpc.services.GenericEndpoint.notify(GenericEndpoint.java:152)
	at org.eclipse.lsp4j.jsonrpc.RemoteEndpoint.handleNotification(RemoteEndpoint.java:220)
	at org.eclipse.lsp4j.jsonrpc.RemoteEndpoint.consume(RemoteEndpoint.java:187)
	at org.eclipse.lsp4j.jsonrpc.json.StreamMessageProducer.handleMessage(StreamMessageProducer.java:194)
	at org.eclipse.lsp4j.jsonrpc.json.StreamMessageProducer.listen(StreamMessageProducer.java:94)
	at org.eclipse.lsp4j.jsonrpc.json.ConcurrentMessageProcessor.run(ConcurrentMessageProcessor.java:113)
	at java.util.concurrent.Executors$RunnableAdapter.call(Executors.java:515)
	at java.util.concurrent.FutureTask.run(FutureTask.java:264)
	at java.util.concurrent.ThreadPoolExecutor.runWorker(ThreadPoolExecutor.java:1128)
	at java.util.concurrent.ThreadPoolExecutor$Worker.run(ThreadPoolExecutor.java:628)
	at java.lang.Thread.run(Thread.java:829)
[0m
Mar 27, 2023 5:10:59 PM org.eclipse.lsp4j.jsonrpc.RemoteEndpoint fallbackResponseError
SEVERE: Internal error: org.eclipse.jdt.core.compiler.InvalidInputException: Invalid_Char_In_String
java.util.concurrent.CompletionException: org.eclipse.jdt.core.compiler.InvalidInputException: Invalid_Char_In_String
	at java.base/java.util.concurrent.CompletableFuture.encodeThrowable(CompletableFuture.java:331)
	at java.base/java.util.concurrent.CompletableFuture.completeThrowable(CompletableFuture.java:346)
	at java.base/java.util.concurrent.CompletableFuture$UniAccept.tryFire(CompletableFuture.java:704)
	at java.base/java.util.concurrent.CompletableFuture.postComplete(CompletableFuture.java:506)
	at java.base/java.util.concurrent.CompletableFuture.completeExceptionally(CompletableFuture.java:2088)
	at scala.meta.internal.metals.CancelTokens$.$anonfun$future$1(CancelTokens.scala:40)
	at scala.meta.internal.metals.CancelTokens$.$anonfun$future$1$adapted(CancelTokens.scala:38)
	at scala.concurrent.impl.Promise$Transformation.run(Promise.scala:484)
	at java.base/java.util.concurrent.ThreadPoolExecutor.runWorker(ThreadPoolExecutor.java:1128)
	at java.base/java.util.concurrent.ThreadPoolExecutor$Worker.run(ThreadPoolExecutor.java:628)
	at java.base/java.lang.Thread.run(Thread.java:829)
Caused by: org.eclipse.jdt.core.compiler.InvalidInputException: Invalid_Char_In_String
	at org.eclipse.jdt.internal.core.util.PublicScanner.getNextToken(PublicScanner.java:1564)
	at scala.meta.internal.parsing.JavaFoldingRangeExtractor.next$1(JavaFoldingRangeExtractor.scala:100)
	at scala.meta.internal.parsing.JavaFoldingRangeExtractor.gather$1(JavaFoldingRangeExtractor.scala:145)
	at scala.meta.internal.parsing.JavaFoldingRangeExtractor.extract(JavaFoldingRangeExtractor.scala:155)
	at scala.meta.internal.parsing.FoldingRangeProvider.$anonfun$getRangedForJava$2(FoldingRangeProvider.scala:48)
	at scala.Option$WithFilter.map(Option.scala:242)
	at scala.meta.internal.parsing.FoldingRangeProvider.getRangedForJava(FoldingRangeProvider.scala:43)
	at scala.meta.internal.metals.MetalsLspService.$anonfun$foldingRange$3(MetalsLspService.scala:1776)
	at scala.concurrent.Future$.$anonfun$apply$1(Future.scala:678)
	at scala.concurrent.impl.Promise$Transformation.run(Promise.scala:467)
	... 3 more

2023.03.27 17:10:58 WARN  Cannot tokenize Java file file:///home/cytech/Travail/S2/OptiLin/src/main/java/com/example/optilin/Probleme.java
org.eclipse.jdt.core.compiler.InvalidInputException: Invalid_Char_In_String
	at org.eclipse.jdt.internal.core.util.PublicScanner.getNextToken(PublicScanner.java:1564)
	at scala.meta.internal.parsing.JavaTokens$.loop$1(JavaTokens.scala:71)
	at scala.meta.internal.parsing.JavaTokens$.$anonfun$tokenize$1(JavaTokens.scala:75)
	at scala.util.Try$.apply(Try.scala:210)
	at scala.meta.internal.parsing.JavaTokens$.tokenize(JavaTokens.scala:35)
	at scala.meta.internal.parsing.TokenEditDistance$.apply(TokenEditDistance.scala:370)
	at scala.meta.internal.metals.Buffers.tokenEditDistance(Buffers.scala:30)
	at scala.meta.internal.metals.codelenses.RunTestCodeLens.codeLenses(RunTestCodeLens.scala:62)
	at scala.meta.internal.metals.CodeLensProvider.$anonfun$findLenses$3(CodeLensProvider.scala:26)
	at scala.collection.immutable.List.flatMap(List.scala:293)
	at scala.meta.internal.metals.CodeLensProvider.$anonfun$findLenses$2(CodeLensProvider.scala:26)
	at scala.Option.map(Option.scala:242)
	at scala.meta.internal.metals.CodeLensProvider.findLenses(CodeLensProvider.scala:24)
	at scala.meta.internal.metals.MetalsLspService.$anonfun$codeLens$2(MetalsLspService.scala:1761)
	at scala.meta.internal.metals.TimerProvider.timedThunk(TimerProvider.scala:25)
	at scala.meta.internal.metals.MetalsLspService.$anonfun$codeLens$1(MetalsLspService.scala:1759)
	at scala.meta.internal.metals.CancelTokens$.$anonfun$apply$2(CancelTokens.scala:26)
	at scala.concurrent.Future$.$anonfun$apply$1(Future.scala:678)
	at scala.concurrent.impl.Promise$Transformation.run(Promise.scala:467)
	at java.util.concurrent.ThreadPoolExecutor.runWorker(ThreadPoolExecutor.java:1128)
	at java.util.concurrent.ThreadPoolExecutor$Worker.run(ThreadPoolExecutor.java:628)
	at java.lang.Thread.run(Thread.java:829)
[0m
2023.03.27 17:10:58 WARN  Cannot tokenize Java file file:///home/cytech/Travail/S2/OptiLin/src/main/java/com/example/optilin/Probleme.java
org.eclipse.jdt.core.compiler.InvalidInputException: Invalid_Char_In_String
	at org.eclipse.jdt.internal.core.util.PublicScanner.getNextToken(PublicScanner.java:1564)
	at scala.meta.internal.parsing.JavaTokens$.loop$1(JavaTokens.scala:71)
	at scala.meta.internal.parsing.JavaTokens$.$anonfun$tokenize$1(JavaTokens.scala:75)
	at scala.util.Try$.apply(Try.scala:210)
	at scala.meta.internal.parsing.JavaTokens$.tokenize(JavaTokens.scala:35)
	at scala.meta.internal.parsing.TokenEditDistance$.apply(TokenEditDistance.scala:370)
	at scala.meta.internal.metals.Buffers.tokenEditDistance(Buffers.scala:30)
	at scala.meta.internal.metals.codelenses.SuperMethodCodeLens.codeLenses(SuperMethodCodeLens.scala:36)
	at scala.meta.internal.metals.CodeLensProvider.$anonfun$findLenses$3(CodeLensProvider.scala:26)
	at scala.collection.immutable.List.flatMap(List.scala:293)
	at scala.meta.internal.metals.CodeLensProvider.$anonfun$findLenses$2(CodeLensProvider.scala:26)
	at scala.Option.map(Option.scala:242)
	at scala.meta.internal.metals.CodeLensProvider.findLenses(CodeLensProvider.scala:24)
	at scala.meta.internal.metals.MetalsLspService.$anonfun$codeLens$2(MetalsLspService.scala:1761)
	at scala.meta.internal.metals.TimerProvider.timedThunk(TimerProvider.scala:25)
	at scala.meta.internal.metals.MetalsLspService.$anonfun$codeLens$1(MetalsLspService.scala:1759)
	at scala.meta.internal.metals.CancelTokens$.$anonfun$apply$2(CancelTokens.scala:26)
	at scala.concurrent.Future$.$anonfun$apply$1(Future.scala:678)
	at scala.concurrent.impl.Promise$Transformation.run(Promise.scala:467)
	at java.util.concurrent.ThreadPoolExecutor.runWorker(ThreadPoolExecutor.java:1128)
	at java.util.concurrent.ThreadPoolExecutor$Worker.run(ThreadPoolExecutor.java:628)
	at java.lang.Thread.run(Thread.java:829)
[0m
2023.03.27 17:10:59 WARN  Cannot tokenize Java file file:///home/cytech/Travail/S2/OptiLin/src/main/java/com/example/optilin/Probleme.java
org.eclipse.jdt.core.compiler.InvalidInputException: Invalid_Char_In_String
	at org.eclipse.jdt.internal.core.util.PublicScanner.getNextToken(PublicScanner.java:1564)
	at scala.meta.internal.parsing.JavaTokens$.loop$1(JavaTokens.scala:71)
	at scala.meta.internal.parsing.JavaTokens$.$anonfun$tokenize$1(JavaTokens.scala:75)
	at scala.util.Try$.apply(Try.scala:210)
	at scala.meta.internal.parsing.JavaTokens$.tokenize(JavaTokens.scala:35)
	at scala.meta.internal.parsing.TokenEditDistance$.apply(TokenEditDistance.scala:370)
	at scala.meta.internal.metals.Diagnostics.publishDiagnostics(Diagnostics.scala:226)
	at scala.meta.internal.metals.Diagnostics.publishDiagnostics(Diagnostics.scala:188)
	at scala.meta.internal.metals.Diagnostics.didChange(Diagnostics.scala:136)
	at scala.meta.internal.metals.MetalsLspService.didChange(MetalsLspService.scala:1248)
	at scala.meta.metals.lsp.DelegatingScalaService.didChange(DelegatingScalaService.scala:50)
	at jdk.internal.reflect.GeneratedMethodAccessor1.invoke(null)
	at jdk.internal.reflect.DelegatingMethodAccessorImpl.invoke(DelegatingMethodAccessorImpl.java:43)
	at java.lang.reflect.Method.invoke(Method.java:566)
	at org.eclipse.lsp4j.jsonrpc.services.GenericEndpoint.lambda$null$0(GenericEndpoint.java:65)
	at org.eclipse.lsp4j.jsonrpc.services.GenericEndpoint.notify(GenericEndpoint.java:152)
	at org.eclipse.lsp4j.jsonrpc.RemoteEndpoint.handleNotification(RemoteEndpoint.java:220)
	at org.eclipse.lsp4j.jsonrpc.RemoteEndpoint.consume(RemoteEndpoint.java:187)
	at org.eclipse.lsp4j.jsonrpc.json.StreamMessageProducer.handleMessage(StreamMessageProducer.java:194)
	at org.eclipse.lsp4j.jsonrpc.json.StreamMessageProducer.listen(StreamMessageProducer.java:94)
	at org.eclipse.lsp4j.jsonrpc.json.ConcurrentMessageProcessor.run(ConcurrentMessageProcessor.java:113)
	at java.util.concurrent.Executors$RunnableAdapter.call(Executors.java:515)
	at java.util.concurrent.FutureTask.run(FutureTask.java:264)
	at java.util.concurrent.ThreadPoolExecutor.runWorker(ThreadPoolExecutor.java:1128)
	at java.util.concurrent.ThreadPoolExecutor$Worker.run(ThreadPoolExecutor.java:628)
	at java.lang.Thread.run(Thread.java:829)
[0m
Mar 27, 2023 5:10:59 PM org.eclipse.lsp4j.jsonrpc.RemoteEndpoint fallbackResponseError
SEVERE: Internal error: org.eclipse.jdt.core.compiler.InvalidInputException: Invalid_Char_In_String
java.util.concurrent.CompletionException: org.eclipse.jdt.core.compiler.InvalidInputException: Invalid_Char_In_String
	at java.base/java.util.concurrent.CompletableFuture.encodeThrowable(CompletableFuture.java:331)
	at java.base/java.util.concurrent.CompletableFuture.completeThrowable(CompletableFuture.java:346)
	at java.base/java.util.concurrent.CompletableFuture$UniAccept.tryFire(CompletableFuture.java:704)
	at java.base/java.util.concurrent.CompletableFuture.postComplete(CompletableFuture.java:506)
	at java.base/java.util.concurrent.CompletableFuture.completeExceptionally(CompletableFuture.java:2088)
	at scala.meta.internal.metals.CancelTokens$.$anonfun$future$1(CancelTokens.scala:40)
	at scala.meta.internal.metals.CancelTokens$.$anonfun$future$1$adapted(CancelTokens.scala:38)
	at scala.concurrent.impl.Promise$Transformation.run(Promise.scala:484)
	at java.base/java.util.concurrent.ThreadPoolExecutor.runWorker(ThreadPoolExecutor.java:1128)
	at java.base/java.util.concurrent.ThreadPoolExecutor$Worker.run(ThreadPoolExecutor.java:628)
	at java.base/java.lang.Thread.run(Thread.java:829)
Caused by: org.eclipse.jdt.core.compiler.InvalidInputException: Invalid_Char_In_String
	at org.eclipse.jdt.internal.core.util.PublicScanner.getNextToken(PublicScanner.java:1564)
	at scala.meta.internal.parsing.JavaFoldingRangeExtractor.next$1(JavaFoldingRangeExtractor.scala:100)
	at scala.meta.internal.parsing.JavaFoldingRangeExtractor.gather$1(JavaFoldingRangeExtractor.scala:145)
	at scala.meta.internal.parsing.JavaFoldingRangeExtractor.extract(JavaFoldingRangeExtractor.scala:155)
	at scala.meta.internal.parsing.FoldingRangeProvider.$anonfun$getRangedForJava$2(FoldingRangeProvider.scala:48)
	at scala.Option$WithFilter.map(Option.scala:242)
	at scala.meta.internal.parsing.FoldingRangeProvider.getRangedForJava(FoldingRangeProvider.scala:43)
	at scala.meta.internal.metals.MetalsLspService.$anonfun$foldingRange$3(MetalsLspService.scala:1776)
	at scala.concurrent.Future$.$anonfun$apply$1(Future.scala:678)
	at scala.concurrent.impl.Promise$Transformation.run(Promise.scala:467)
	... 3 more

2023.03.27 17:10:59 WARN  Cannot tokenize Java file file:///home/cytech/Travail/S2/OptiLin/src/main/java/com/example/optilin/Probleme.java
org.eclipse.jdt.core.compiler.InvalidInputException: Invalid_Char_In_String
	at org.eclipse.jdt.internal.core.util.PublicScanner.getNextToken(PublicScanner.java:1564)
	at scala.meta.internal.parsing.JavaTokens$.loop$1(JavaTokens.scala:71)
	at scala.meta.internal.parsing.JavaTokens$.$anonfun$tokenize$1(JavaTokens.scala:75)
	at scala.util.Try$.apply(Try.scala:210)
	at scala.meta.internal.parsing.JavaTokens$.tokenize(JavaTokens.scala:35)
	at scala.meta.internal.parsing.TokenEditDistance$.apply(TokenEditDistance.scala:370)
	at scala.meta.internal.metals.Buffers.tokenEditDistance(Buffers.scala:30)
	at scala.meta.internal.metals.codelenses.RunTestCodeLens.codeLenses(RunTestCodeLens.scala:62)
	at scala.meta.internal.metals.CodeLensProvider.$anonfun$findLenses$3(CodeLensProvider.scala:26)
	at scala.collection.immutable.List.flatMap(List.scala:293)
	at scala.meta.internal.metals.CodeLensProvider.$anonfun$findLenses$2(CodeLensProvider.scala:26)
	at scala.Option.map(Option.scala:242)
	at scala.meta.internal.metals.CodeLensProvider.findLenses(CodeLensProvider.scala:24)
	at scala.meta.internal.metals.MetalsLspService.$anonfun$codeLens$2(MetalsLspService.scala:1761)
	at scala.meta.internal.metals.TimerProvider.timedThunk(TimerProvider.scala:25)
	at scala.meta.internal.metals.MetalsLspService.$anonfun$codeLens$1(MetalsLspService.scala:1759)
	at scala.meta.internal.metals.CancelTokens$.$anonfun$apply$2(CancelTokens.scala:26)
	at scala.concurrent.Future$.$anonfun$apply$1(Future.scala:678)
	at scala.concurrent.impl.Promise$Transformation.run(Promise.scala:467)
	at java.util.concurrent.ThreadPoolExecutor.runWorker(ThreadPoolExecutor.java:1128)
	at java.util.concurrent.ThreadPoolExecutor$Worker.run(ThreadPoolExecutor.java:628)
	at java.lang.Thread.run(Thread.java:829)
[0m
2023.03.27 17:10:59 WARN  Cannot tokenize Java file file:///home/cytech/Travail/S2/OptiLin/src/main/java/com/example/optilin/Probleme.java
org.eclipse.jdt.core.compiler.InvalidInputException: Invalid_Char_In_String
	at org.eclipse.jdt.internal.core.util.PublicScanner.getNextToken(PublicScanner.java:1564)
	at scala.meta.internal.parsing.JavaTokens$.loop$1(JavaTokens.scala:71)
	at scala.meta.internal.parsing.JavaTokens$.$anonfun$tokenize$1(JavaTokens.scala:75)
	at scala.util.Try$.apply(Try.scala:210)
	at scala.meta.internal.parsing.JavaTokens$.tokenize(JavaTokens.scala:35)
	at scala.meta.internal.parsing.TokenEditDistance$.apply(TokenEditDistance.scala:370)
	at scala.meta.internal.metals.Buffers.tokenEditDistance(Buffers.scala:30)
	at scala.meta.internal.metals.codelenses.SuperMethodCodeLens.codeLenses(SuperMethodCodeLens.scala:36)
	at scala.meta.internal.metals.CodeLensProvider.$anonfun$findLenses$3(CodeLensProvider.scala:26)
	at scala.collection.immutable.List.flatMap(List.scala:293)
	at scala.meta.internal.metals.CodeLensProvider.$anonfun$findLenses$2(CodeLensProvider.scala:26)
	at scala.Option.map(Option.scala:242)
	at scala.meta.internal.metals.CodeLensProvider.findLenses(CodeLensProvider.scala:24)
	at scala.meta.internal.metals.MetalsLspService.$anonfun$codeLens$2(MetalsLspService.scala:1761)
	at scala.meta.internal.metals.TimerProvider.timedThunk(TimerProvider.scala:25)
	at scala.meta.internal.metals.MetalsLspService.$anonfun$codeLens$1(MetalsLspService.scala:1759)
	at scala.meta.internal.metals.CancelTokens$.$anonfun$apply$2(CancelTokens.scala:26)
	at scala.concurrent.Future$.$anonfun$apply$1(Future.scala:678)
	at scala.concurrent.impl.Promise$Transformation.run(Promise.scala:467)
	at java.util.concurrent.ThreadPoolExecutor.runWorker(ThreadPoolExecutor.java:1128)
	at java.util.concurrent.ThreadPoolExecutor$Worker.run(ThreadPoolExecutor.java:628)
	at java.lang.Thread.run(Thread.java:829)
[0m
2023.03.27 17:10:59 WARN  Cannot tokenize Java file file:///home/cytech/Travail/S2/OptiLin/src/main/java/com/example/optilin/Probleme.java
org.eclipse.jdt.core.compiler.InvalidInputException: Invalid_Char_In_String
	at org.eclipse.jdt.internal.core.util.PublicScanner.getNextToken(PublicScanner.java:1564)
	at scala.meta.internal.parsing.JavaTokens$.loop$1(JavaTokens.scala:71)
	at scala.meta.internal.parsing.JavaTokens$.$anonfun$tokenize$1(JavaTokens.scala:75)
	at scala.util.Try$.apply(Try.scala:210)
	at scala.meta.internal.parsing.JavaTokens$.tokenize(JavaTokens.scala:35)
	at scala.meta.internal.parsing.TokenEditDistance$.apply(TokenEditDistance.scala:370)
	at scala.meta.internal.metals.Diagnostics.publishDiagnostics(Diagnostics.scala:226)
	at scala.meta.internal.metals.Diagnostics.publishDiagnostics(Diagnostics.scala:188)
	at scala.meta.internal.metals.Diagnostics.didChange(Diagnostics.scala:136)
	at scala.meta.internal.metals.MetalsLspService.didChange(MetalsLspService.scala:1248)
	at scala.meta.metals.lsp.DelegatingScalaService.didChange(DelegatingScalaService.scala:50)
	at jdk.internal.reflect.GeneratedMethodAccessor1.invoke(null)
	at jdk.internal.reflect.DelegatingMethodAccessorImpl.invoke(DelegatingMethodAccessorImpl.java:43)
	at java.lang.reflect.Method.invoke(Method.java:566)
	at org.eclipse.lsp4j.jsonrpc.services.GenericEndpoint.lambda$null$0(GenericEndpoint.java:65)
	at org.eclipse.lsp4j.jsonrpc.services.GenericEndpoint.notify(GenericEndpoint.java:152)
	at org.eclipse.lsp4j.jsonrpc.RemoteEndpoint.handleNotification(RemoteEndpoint.java:220)
	at org.eclipse.lsp4j.jsonrpc.RemoteEndpoint.consume(RemoteEndpoint.java:187)
	at org.eclipse.lsp4j.jsonrpc.json.StreamMessageProducer.handleMessage(StreamMessageProducer.java:194)
	at org.eclipse.lsp4j.jsonrpc.json.StreamMessageProducer.listen(StreamMessageProducer.java:94)
	at org.eclipse.lsp4j.jsonrpc.json.ConcurrentMessageProcessor.run(ConcurrentMessageProcessor.java:113)
	at java.util.concurrent.Executors$RunnableAdapter.call(Executors.java:515)
	at java.util.concurrent.FutureTask.run(FutureTask.java:264)
	at java.util.concurrent.ThreadPoolExecutor.runWorker(ThreadPoolExecutor.java:1128)
	at java.util.concurrent.ThreadPoolExecutor$Worker.run(ThreadPoolExecutor.java:628)
	at java.lang.Thread.run(Thread.java:829)
[0m
2023.03.27 17:11:00 WARN  no build target for: /home/cytech/Travail/S2/OptiLin/src/main/java/com/example/optilin/Probleme.java[0m
Mar 27, 2023 5:11:00 PM org.eclipse.lsp4j.jsonrpc.RemoteEndpoint fallbackResponseError
SEVERE: Internal error: org.eclipse.jdt.core.compiler.InvalidInputException: Invalid_Char_In_String
java.util.concurrent.CompletionException: org.eclipse.jdt.core.compiler.InvalidInputException: Invalid_Char_In_String
	at java.base/java.util.concurrent.CompletableFuture.encodeThrowable(CompletableFuture.java:331)
	at java.base/java.util.concurrent.CompletableFuture.completeThrowable(CompletableFuture.java:346)
	at java.base/java.util.concurrent.CompletableFuture$UniAccept.tryFire(CompletableFuture.java:704)
	at java.base/java.util.concurrent.CompletableFuture.postComplete(CompletableFuture.java:506)
	at java.base/java.util.concurrent.CompletableFuture.completeExceptionally(CompletableFuture.java:2088)
	at scala.meta.internal.metals.CancelTokens$.$anonfun$future$1(CancelTokens.scala:40)
	at scala.meta.internal.metals.CancelTokens$.$anonfun$future$1$adapted(CancelTokens.scala:38)
	at scala.concurrent.impl.Promise$Transformation.run(Promise.scala:484)
	at java.base/java.util.concurrent.ThreadPoolExecutor.runWorker(ThreadPoolExecutor.java:1128)
	at java.base/java.util.concurrent.ThreadPoolExecutor$Worker.run(ThreadPoolExecutor.java:628)
	at java.base/java.lang.Thread.run(Thread.java:829)
Caused by: org.eclipse.jdt.core.compiler.InvalidInputException: Invalid_Char_In_String
	at org.eclipse.jdt.internal.core.util.PublicScanner.getNextToken(PublicScanner.java:1564)
	at scala.meta.internal.parsing.JavaFoldingRangeExtractor.next$1(JavaFoldingRangeExtractor.scala:100)
	at scala.meta.internal.parsing.JavaFoldingRangeExtractor.gather$1(JavaFoldingRangeExtractor.scala:145)
	at scala.meta.internal.parsing.JavaFoldingRangeExtractor.extract(JavaFoldingRangeExtractor.scala:155)
	at scala.meta.internal.parsing.FoldingRangeProvider.$anonfun$getRangedForJava$2(FoldingRangeProvider.scala:48)
	at scala.Option$WithFilter.map(Option.scala:242)
	at scala.meta.internal.parsing.FoldingRangeProvider.getRangedForJava(FoldingRangeProvider.scala:43)
	at scala.meta.internal.metals.MetalsLspService.$anonfun$foldingRange$3(MetalsLspService.scala:1776)
	at scala.concurrent.Future$.$anonfun$apply$1(Future.scala:678)
	at scala.concurrent.impl.Promise$Transformation.run(Promise.scala:467)
	... 3 more

2023.03.27 17:11:01 WARN  Running javac-semanticdb failed for file:///home/cytech/Travail/S2/OptiLin/src/main/java/com/example/optilin/Probleme.java. Output:
/home/cytech/Travail/S2/OptiLin/src/main/java/com/example/optilin/Probleme.java:68: error: unclosed string literal
            return "max ret.toString();
                   ^
1 error[0m
2023.03.27 17:11:01 WARN  Cannot tokenize Java file file:///home/cytech/Travail/S2/OptiLin/src/main/java/com/example/optilin/Probleme.java
org.eclipse.jdt.core.compiler.InvalidInputException: Invalid_Char_In_String
	at org.eclipse.jdt.internal.core.util.PublicScanner.getNextToken(PublicScanner.java:1564)
	at scala.meta.internal.parsing.JavaTokens$.loop$1(JavaTokens.scala:71)
	at scala.meta.internal.parsing.JavaTokens$.$anonfun$tokenize$1(JavaTokens.scala:75)
	at scala.util.Try$.apply(Try.scala:210)
	at scala.meta.internal.parsing.JavaTokens$.tokenize(JavaTokens.scala:35)
	at scala.meta.internal.parsing.TokenEditDistance$.$anonfun$apply$1(TokenEditDistance.scala:371)
	at scala.Option.flatMap(Option.scala:283)
	at scala.meta.internal.parsing.TokenEditDistance$.apply(TokenEditDistance.scala:370)
	at scala.meta.internal.metals.Buffers.tokenEditDistance(Buffers.scala:30)
	at scala.meta.internal.metals.codelenses.RunTestCodeLens.codeLenses(RunTestCodeLens.scala:62)
	at scala.meta.internal.metals.CodeLensProvider.$anonfun$findLenses$3(CodeLensProvider.scala:26)
	at scala.collection.immutable.List.flatMap(List.scala:293)
	at scala.meta.internal.metals.CodeLensProvider.$anonfun$findLenses$2(CodeLensProvider.scala:26)
	at scala.Option.map(Option.scala:242)
	at scala.meta.internal.metals.CodeLensProvider.findLenses(CodeLensProvider.scala:24)
	at scala.meta.internal.metals.MetalsLspService.$anonfun$codeLens$2(MetalsLspService.scala:1761)
	at scala.meta.internal.metals.TimerProvider.timedThunk(TimerProvider.scala:25)
	at scala.meta.internal.metals.MetalsLspService.$anonfun$codeLens$1(MetalsLspService.scala:1759)
	at scala.meta.internal.metals.CancelTokens$.$anonfun$apply$2(CancelTokens.scala:26)
	at scala.concurrent.Future$.$anonfun$apply$1(Future.scala:678)
	at scala.concurrent.impl.Promise$Transformation.run(Promise.scala:467)
	at java.util.concurrent.ThreadPoolExecutor.runWorker(ThreadPoolExecutor.java:1128)
	at java.util.concurrent.ThreadPoolExecutor$Worker.run(ThreadPoolExecutor.java:628)
	at java.lang.Thread.run(Thread.java:829)
[0m
2023.03.27 17:11:01 WARN  Cannot tokenize Java file file:///home/cytech/Travail/S2/OptiLin/src/main/java/com/example/optilin/Probleme.java
org.eclipse.jdt.core.compiler.InvalidInputException: Invalid_Char_In_String
	at org.eclipse.jdt.internal.core.util.PublicScanner.getNextToken(PublicScanner.java:1564)
	at scala.meta.internal.parsing.JavaTokens$.loop$1(JavaTokens.scala:71)
	at scala.meta.internal.parsing.JavaTokens$.$anonfun$tokenize$1(JavaTokens.scala:75)
	at scala.util.Try$.apply(Try.scala:210)
	at scala.meta.internal.parsing.JavaTokens$.tokenize(JavaTokens.scala:35)
	at scala.meta.internal.parsing.TokenEditDistance$.$anonfun$apply$1(TokenEditDistance.scala:371)
	at scala.Option.flatMap(Option.scala:283)
	at scala.meta.internal.parsing.TokenEditDistance$.apply(TokenEditDistance.scala:370)
	at scala.meta.internal.metals.Buffers.tokenEditDistance(Buffers.scala:30)
	at scala.meta.internal.metals.codelenses.SuperMethodCodeLens.codeLenses(SuperMethodCodeLens.scala:36)
	at scala.meta.internal.metals.CodeLensProvider.$anonfun$findLenses$3(CodeLensProvider.scala:26)
	at scala.collection.immutable.List.flatMap(List.scala:293)
	at scala.meta.internal.metals.CodeLensProvider.$anonfun$findLenses$2(CodeLensProvider.scala:26)
	at scala.Option.map(Option.scala:242)
	at scala.meta.internal.metals.CodeLensProvider.findLenses(CodeLensProvider.scala:24)
	at scala.meta.internal.metals.MetalsLspService.$anonfun$codeLens$2(MetalsLspService.scala:1761)
	at scala.meta.internal.metals.TimerProvider.timedThunk(TimerProvider.scala:25)
	at scala.meta.internal.metals.MetalsLspService.$anonfun$codeLens$1(MetalsLspService.scala:1759)
	at scala.meta.internal.metals.CancelTokens$.$anonfun$apply$2(CancelTokens.scala:26)
	at scala.concurrent.Future$.$anonfun$apply$1(Future.scala:678)
	at scala.concurrent.impl.Promise$Transformation.run(Promise.scala:467)
	at java.util.concurrent.ThreadPoolExecutor.runWorker(ThreadPoolExecutor.java:1128)
	at java.util.concurrent.ThreadPoolExecutor$Worker.run(ThreadPoolExecutor.java:628)
	at java.lang.Thread.run(Thread.java:829)
[0m
2023.03.27 17:11:02 WARN  Cannot tokenize Java file file:///home/cytech/Travail/S2/OptiLin/src/main/java/com/example/optilin/Probleme.java
org.eclipse.jdt.core.compiler.InvalidInputException: Invalid_Char_In_String
	at org.eclipse.jdt.internal.core.util.PublicScanner.getNextToken(PublicScanner.java:1564)
	at scala.meta.internal.parsing.JavaTokens$.loop$1(JavaTokens.scala:71)
	at scala.meta.internal.parsing.JavaTokens$.$anonfun$tokenize$1(JavaTokens.scala:75)
	at scala.util.Try$.apply(Try.scala:210)
	at scala.meta.internal.parsing.JavaTokens$.tokenize(JavaTokens.scala:35)
	at scala.meta.internal.parsing.TokenEditDistance$.$anonfun$apply$1(TokenEditDistance.scala:371)
	at scala.Option.flatMap(Option.scala:283)
	at scala.meta.internal.parsing.TokenEditDistance$.apply(TokenEditDistance.scala:370)
	at scala.meta.internal.metals.Buffers.tokenEditDistance(Buffers.scala:30)
	at scala.meta.internal.metals.codelenses.RunTestCodeLens.codeLenses(RunTestCodeLens.scala:62)
	at scala.meta.internal.metals.CodeLensProvider.$anonfun$findLenses$3(CodeLensProvider.scala:26)
	at scala.collection.immutable.List.flatMap(List.scala:293)
	at scala.meta.internal.metals.CodeLensProvider.$anonfun$findLenses$2(CodeLensProvider.scala:26)
	at scala.Option.map(Option.scala:242)
	at scala.meta.internal.metals.CodeLensProvider.findLenses(CodeLensProvider.scala:24)
	at scala.meta.internal.metals.MetalsLspService.$anonfun$codeLens$2(MetalsLspService.scala:1761)
	at scala.meta.internal.metals.TimerProvider.timedThunk(TimerProvider.scala:25)
	at scala.meta.internal.metals.MetalsLspService.$anonfun$codeLens$1(MetalsLspService.scala:1759)
	at scala.meta.internal.metals.CancelTokens$.$anonfun$apply$2(CancelTokens.scala:26)
	at scala.concurrent.Future$.$anonfun$apply$1(Future.scala:678)
	at scala.concurrent.impl.Promise$Transformation.run(Promise.scala:467)
	at java.util.concurrent.ThreadPoolExecutor.runWorker(ThreadPoolExecutor.java:1128)
	at java.util.concurrent.ThreadPoolExecutor$Worker.run(ThreadPoolExecutor.java:628)
	at java.lang.Thread.run(Thread.java:829)
[0m
2023.03.27 17:11:02 WARN  Cannot tokenize Java file file:///home/cytech/Travail/S2/OptiLin/src/main/java/com/example/optilin/Probleme.java
org.eclipse.jdt.core.compiler.InvalidInputException: Invalid_Char_In_String
	at org.eclipse.jdt.internal.core.util.PublicScanner.getNextToken(PublicScanner.java:1564)
	at scala.meta.internal.parsing.JavaTokens$.loop$1(JavaTokens.scala:71)
	at scala.meta.internal.parsing.JavaTokens$.$anonfun$tokenize$1(JavaTokens.scala:75)
	at scala.util.Try$.apply(Try.scala:210)
	at scala.meta.internal.parsing.JavaTokens$.tokenize(JavaTokens.scala:35)
	at scala.meta.internal.parsing.TokenEditDistance$.$anonfun$apply$1(TokenEditDistance.scala:371)
	at scala.Option.flatMap(Option.scala:283)
	at scala.meta.internal.parsing.TokenEditDistance$.apply(TokenEditDistance.scala:370)
	at scala.meta.internal.metals.Buffers.tokenEditDistance(Buffers.scala:30)
	at scala.meta.internal.metals.codelenses.SuperMethodCodeLens.codeLenses(SuperMethodCodeLens.scala:36)
	at scala.meta.internal.metals.CodeLensProvider.$anonfun$findLenses$3(CodeLensProvider.scala:26)
	at scala.collection.immutable.List.flatMap(List.scala:293)
	at scala.meta.internal.metals.CodeLensProvider.$anonfun$findLenses$2(CodeLensProvider.scala:26)
	at scala.Option.map(Option.scala:242)
	at scala.meta.internal.metals.CodeLensProvider.findLenses(CodeLensProvider.scala:24)
	at scala.meta.internal.metals.MetalsLspService.$anonfun$codeLens$2(MetalsLspService.scala:1761)
	at scala.meta.internal.metals.TimerProvider.timedThunk(TimerProvider.scala:25)
	at scala.meta.internal.metals.MetalsLspService.$anonfun$codeLens$1(MetalsLspService.scala:1759)
	at scala.meta.internal.metals.CancelTokens$.$anonfun$apply$2(CancelTokens.scala:26)
	at scala.concurrent.Future$.$anonfun$apply$1(Future.scala:678)
	at scala.concurrent.impl.Promise$Transformation.run(Promise.scala:467)
	at java.util.concurrent.ThreadPoolExecutor.runWorker(ThreadPoolExecutor.java:1128)
	at java.util.concurrent.ThreadPoolExecutor$Worker.run(ThreadPoolExecutor.java:628)
	at java.lang.Thread.run(Thread.java:829)
[0m
2023.03.27 17:11:03 WARN  no build target for: /home/cytech/Travail/S2/OptiLin/src/main/java/com/example/optilin/Probleme.java[0m
2023.03.27 17:11:19 WARN  no build target for: /home/cytech/Travail/S2/OptiLin/src/main/java/com/example/optilin/Probleme.java[0m
2023.03.27 17:11:30 WARN  no build target for: /home/cytech/Travail/S2/OptiLin/src/main/java/com/example/optilin/Probleme.java[0m
2023.03.27 17:11:40 WARN  no build target for: /home/cytech/Travail/S2/OptiLin/src/main/java/com/example/optilin/Probleme.java[0m
2023.03.27 17:11:40 WARN  Running javac-semanticdb failed for file:///home/cytech/Travail/S2/OptiLin/src/main/java/com/example/optilin/Probleme.java. Output:
/home/cytech/Travail/S2/OptiLin/src/main/java/com/example/optilin/Probleme.java:102: error: not a statement
        Str
        ^
/home/cytech/Travail/S2/OptiLin/src/main/java/com/example/optilin/Probleme.java:102: error: ';' expected
        Str
           ^
2 errors[0m
2023.03.27 17:11:43 WARN  no build target for: /home/cytech/Travail/S2/OptiLin/src/main/java/com/example/optilin/Probleme.java[0m
2023.03.27 17:11:43 WARN  Running javac-semanticdb failed for file:///home/cytech/Travail/S2/OptiLin/src/main/java/com/example/optilin/Probleme.java. Output:
/home/cytech/Travail/S2/OptiLin/src/main/java/com/example/optilin/Probleme.java:102: error: ';' expected
        StringBuilder ret
                         ^
1 error[0m
2023.03.27 17:11:46 WARN  no build target for: /home/cytech/Travail/S2/OptiLin/src/main/java/com/example/optilin/Probleme.java[0m
2023.03.27 17:11:47 WARN  no build target for: /home/cytech/Travail/S2/OptiLin/src/main/java/com/example/optilin/App.java[0m
2023.03.27 17:11:48 INFO  time: code lens generation in 1.57s[0m
2023.03.27 17:11:49 WARN  no build target for: /home/cytech/Travail/S2/OptiLin/src/main/java/com/example/optilin/Probleme.java[0m
2023.03.27 17:11:51 WARN  no build target for: /home/cytech/Travail/S2/OptiLin/src/main/java/com/example/optilin/Probleme.java[0m
2023.03.27 17:11:52 WARN  Running javac-semanticdb failed for file:///home/cytech/Travail/S2/OptiLin/src/main/java/com/example/optilin/Probleme.java. Output:
/home/cytech/Travail/S2/OptiLin/src/main/java/com/example/optilin/Probleme.java:102: error: not a statement
        Str
        ^
/home/cytech/Travail/S2/OptiLin/src/main/java/com/example/optilin/Probleme.java:102: error: ';' expected
        Str
           ^
2 errors[0m
2023.03.27 17:11:54 WARN  no build target for: /home/cytech/Travail/S2/OptiLin/src/main/java/com/example/optilin/Probleme.java[0m
2023.03.27 17:11:54 WARN  Running javac-semanticdb failed for file:///home/cytech/Travail/S2/OptiLin/src/main/java/com/example/optilin/Probleme.java. Output:
/home/cytech/Travail/S2/OptiLin/src/main/java/com/example/optilin/Probleme.java:103: error: '(' or '[' expected
        return super.toString();
        ^
1 error[0m
2023.03.27 17:11:57 WARN  no build target for: /home/cytech/Travail/S2/OptiLin/src/main/java/com/example/optilin/Probleme.java[0m
2023.03.27 17:11:57 WARN  Running javac-semanticdb failed for file:///home/cytech/Travail/S2/OptiLin/src/main/java/com/example/optilin/Probleme.java. Output:
/home/cytech/Travail/S2/OptiLin/src/main/java/com/example/optilin/Probleme.java:102: error: not a statement
        Str
        ^
/home/cytech/Travail/S2/OptiLin/src/main/java/com/example/optilin/Probleme.java:102: error: ';' expected
        Str
           ^
2 errors[0m
2023.03.27 17:12:01 WARN  no build target for: /home/cytech/Travail/S2/OptiLin/src/main/java/com/example/optilin/Probleme.java[0m
2023.03.27 17:12:01 WARN  Running javac-semanticdb failed for file:///home/cytech/Travail/S2/OptiLin/src/main/java/com/example/optilin/Probleme.java. Output:
/home/cytech/Travail/S2/OptiLin/src/main/java/com/example/optilin/Probleme.java:102: error: not a statement
        StringJoiner 
        ^
/home/cytech/Travail/S2/OptiLin/src/main/java/com/example/optilin/Probleme.java:102: error: ';' expected
        StringJoiner 
                    ^
2 errors[0m
2023.03.27 17:12:07 WARN  Cannot tokenize Java file file:///home/cytech/Travail/S2/OptiLin/src/main/java/com/example/optilin/Probleme.java
org.eclipse.jdt.core.compiler.InvalidInputException: Invalid_Char_In_String
	at org.eclipse.jdt.internal.core.util.PublicScanner.getNextToken(PublicScanner.java:1564)
	at scala.meta.internal.parsing.JavaTokens$.loop$1(JavaTokens.scala:71)
	at scala.meta.internal.parsing.JavaTokens$.$anonfun$tokenize$1(JavaTokens.scala:75)
	at scala.util.Try$.apply(Try.scala:210)
	at scala.meta.internal.parsing.JavaTokens$.tokenize(JavaTokens.scala:35)
	at scala.meta.internal.parsing.TokenEditDistance$.apply(TokenEditDistance.scala:370)
	at scala.meta.internal.metals.Diagnostics.publishDiagnostics(Diagnostics.scala:226)
	at scala.meta.internal.metals.Diagnostics.publishDiagnostics(Diagnostics.scala:188)
	at scala.meta.internal.metals.Diagnostics.didChange(Diagnostics.scala:136)
	at scala.meta.internal.metals.MetalsLspService.didChange(MetalsLspService.scala:1248)
	at scala.meta.metals.lsp.DelegatingScalaService.didChange(DelegatingScalaService.scala:50)
	at jdk.internal.reflect.GeneratedMethodAccessor1.invoke(null)
	at jdk.internal.reflect.DelegatingMethodAccessorImpl.invoke(DelegatingMethodAccessorImpl.java:43)
	at java.lang.reflect.Method.invoke(Method.java:566)
	at org.eclipse.lsp4j.jsonrpc.services.GenericEndpoint.lambda$null$0(GenericEndpoint.java:65)
	at org.eclipse.lsp4j.jsonrpc.services.GenericEndpoint.notify(GenericEndpoint.java:152)
	at org.eclipse.lsp4j.jsonrpc.RemoteEndpoint.handleNotification(RemoteEndpoint.java:220)
	at org.eclipse.lsp4j.jsonrpc.RemoteEndpoint.consume(RemoteEndpoint.java:187)
	at org.eclipse.lsp4j.jsonrpc.json.StreamMessageProducer.handleMessage(StreamMessageProducer.java:194)
	at org.eclipse.lsp4j.jsonrpc.json.StreamMessageProducer.listen(StreamMessageProducer.java:94)
	at org.eclipse.lsp4j.jsonrpc.json.ConcurrentMessageProcessor.run(ConcurrentMessageProcessor.java:113)
	at java.util.concurrent.Executors$RunnableAdapter.call(Executors.java:515)
	at java.util.concurrent.FutureTask.run(FutureTask.java:264)
	at java.util.concurrent.ThreadPoolExecutor.runWorker(ThreadPoolExecutor.java:1128)
	at java.util.concurrent.ThreadPoolExecutor$Worker.run(ThreadPoolExecutor.java:628)
	at java.lang.Thread.run(Thread.java:829)
[0m
Mar 27, 2023 5:12:07 PM org.eclipse.lsp4j.jsonrpc.RemoteEndpoint fallbackResponseError
SEVERE: Internal error: org.eclipse.jdt.core.compiler.InvalidInputException: Invalid_Char_In_String
java.util.concurrent.CompletionException: org.eclipse.jdt.core.compiler.InvalidInputException: Invalid_Char_In_String
	at java.base/java.util.concurrent.CompletableFuture.encodeThrowable(CompletableFuture.java:331)
	at java.base/java.util.concurrent.CompletableFuture.completeThrowable(CompletableFuture.java:346)
	at java.base/java.util.concurrent.CompletableFuture$UniAccept.tryFire(CompletableFuture.java:704)
	at java.base/java.util.concurrent.CompletableFuture.postComplete(CompletableFuture.java:506)
	at java.base/java.util.concurrent.CompletableFuture.completeExceptionally(CompletableFuture.java:2088)
	at scala.meta.internal.metals.CancelTokens$.$anonfun$future$1(CancelTokens.scala:40)
	at scala.meta.internal.metals.CancelTokens$.$anonfun$future$1$adapted(CancelTokens.scala:38)
	at scala.concurrent.impl.Promise$Transformation.run(Promise.scala:484)
	at java.base/java.util.concurrent.ThreadPoolExecutor.runWorker(ThreadPoolExecutor.java:1128)
	at java.base/java.util.concurrent.ThreadPoolExecutor$Worker.run(ThreadPoolExecutor.java:628)
	at java.base/java.lang.Thread.run(Thread.java:829)
Caused by: org.eclipse.jdt.core.compiler.InvalidInputException: Invalid_Char_In_String
	at org.eclipse.jdt.internal.core.util.PublicScanner.getNextToken(PublicScanner.java:1564)
	at scala.meta.internal.parsing.JavaFoldingRangeExtractor.next$1(JavaFoldingRangeExtractor.scala:100)
	at scala.meta.internal.parsing.JavaFoldingRangeExtractor.gather$1(JavaFoldingRangeExtractor.scala:147)
	at scala.meta.internal.parsing.JavaFoldingRangeExtractor.extract(JavaFoldingRangeExtractor.scala:155)
	at scala.meta.internal.parsing.FoldingRangeProvider.$anonfun$getRangedForJava$2(FoldingRangeProvider.scala:48)
	at scala.Option$WithFilter.map(Option.scala:242)
	at scala.meta.internal.parsing.FoldingRangeProvider.getRangedForJava(FoldingRangeProvider.scala:43)
	at scala.meta.internal.metals.MetalsLspService.$anonfun$foldingRange$3(MetalsLspService.scala:1776)
	at scala.concurrent.Future$.$anonfun$apply$1(Future.scala:678)
	at scala.concurrent.impl.Promise$Transformation.run(Promise.scala:467)
	... 3 more

2023.03.27 17:12:08 WARN  no build target for: /home/cytech/Travail/S2/OptiLin/src/main/java/com/example/optilin/Probleme.java[0m
2023.03.27 17:12:10 WARN  no build target for: /home/cytech/Travail/S2/OptiLin/src/main/java/com/example/optilin/Probleme.java[0m
2023.03.27 17:12:17 WARN  no build target for: /home/cytech/Travail/S2/OptiLin/src/main/java/com/example/optilin/Probleme.java[0m
2023.03.27 17:12:17 WARN  Running javac-semanticdb failed for file:///home/cytech/Travail/S2/OptiLin/src/main/java/com/example/optilin/Probleme.java. Output:
/home/cytech/Travail/S2/OptiLin/src/main/java/com/example/optilin/Probleme.java:103: error: not a statement
        contraintes.fo
                   ^
/home/cytech/Travail/S2/OptiLin/src/main/java/com/example/optilin/Probleme.java:103: error: ';' expected
        contraintes.fo
                      ^
2 errors[0m
2023.03.27 17:12:19 WARN  no build target for: /home/cytech/Travail/S2/OptiLin/src/main/java/com/example/optilin/Probleme.java[0m
2023.03.27 17:12:19 WARN  Running javac-semanticdb failed for file:///home/cytech/Travail/S2/OptiLin/src/main/java/com/example/optilin/Probleme.java. Output:
/home/cytech/Travail/S2/OptiLin/src/main/java/com/example/optilin/Probleme.java:103: error: not a statement
        contraintes.m
                   ^
/home/cytech/Travail/S2/OptiLin/src/main/java/com/example/optilin/Probleme.java:103: error: ';' expected
        contraintes.m
                     ^
2 errors[0m
2023.03.27 17:12:20 WARN  no build target for: /home/cytech/Travail/S2/OptiLin/src/main/java/com/example/optilin/Probleme.java[0m
2023.03.27 17:12:20 WARN  Running javac-semanticdb failed for file:///home/cytech/Travail/S2/OptiLin/src/main/java/com/example/optilin/Probleme.java. Output:
/home/cytech/Travail/S2/OptiLin/src/main/java/com/example/optilin/Probleme.java:103: error: <identifier> expected
        contraintes.
                    ^
/home/cytech/Travail/S2/OptiLin/src/main/java/com/example/optilin/Probleme.java:103: error: not a statement
        contraintes.
                   ^
2 errors[0m
2023.03.27 17:12:21 WARN  no build target for: /home/cytech/Travail/S2/OptiLin/src/main/java/com/example/optilin/Probleme.java[0m
2023.03.27 17:12:39 WARN  no build target for: /home/cytech/Travail/S2/OptiLin/src/main/java/com/example/optilin/Probleme.java[0m
2023.03.27 17:12:39 WARN  Running javac-semanticdb failed for file:///home/cytech/Travail/S2/OptiLin/src/main/java/com/example/optilin/Probleme.java. Output:
/home/cytech/Travail/S2/OptiLin/src/main/java/com/example/optilin/Probleme.java:103: error: -> expected
        contraintes.forEach(());
                              ^
1 error[0m
2023.03.27 17:12:42 WARN  no build target for: /home/cytech/Travail/S2/OptiLin/src/main/java/com/example/optilin/Probleme.java[0m
2023.03.27 17:12:46 WARN  no build target for: /home/cytech/Travail/S2/OptiLin/src/main/java/com/example/optilin/Probleme.java[0m
2023.03.27 17:12:46 WARN  Running javac-semanticdb failed for file:///home/cytech/Travail/S2/OptiLin/src/main/java/com/example/optilin/Probleme.java. Output:
/home/cytech/Travail/S2/OptiLin/src/main/java/com/example/optilin/Probleme.java:103: error: illegal start of expression
        contraintes.forEach((c) => );
                                 ^
/home/cytech/Travail/S2/OptiLin/src/main/java/com/example/optilin/Probleme.java:103: error: illegal start of expression
        contraintes.forEach((c) => );
                                   ^
2 errors[0m
2023.03.27 17:12:47 WARN  no build target for: /home/cytech/Travail/S2/OptiLin/src/main/java/com/example/optilin/Probleme.java[0m
2023.03.27 17:12:47 WARN  Running javac-semanticdb failed for file:///home/cytech/Travail/S2/OptiLin/src/main/java/com/example/optilin/Probleme.java. Output:
/home/cytech/Travail/S2/OptiLin/src/main/java/com/example/optilin/Probleme.java:103: error: illegal start of expression
        contraintes.forEach((c) => {});
                                 ^
/home/cytech/Travail/S2/OptiLin/src/main/java/com/example/optilin/Probleme.java:103: error: illegal start of expression
        contraintes.forEach((c) => {});
                                   ^
/home/cytech/Travail/S2/OptiLin/src/main/java/com/example/optilin/Probleme.java:103: error: illegal start of expression
        contraintes.forEach((c) => {});
                                     ^
3 errors[0m
2023.03.27 17:12:54 WARN  no build target for: /home/cytech/Travail/S2/OptiLin/src/main/java/com/example/optilin/Probleme.java[0m
2023.03.27 17:12:55 WARN  Running javac-semanticdb failed for file:///home/cytech/Travail/S2/OptiLin/src/main/java/com/example/optilin/Probleme.java. Output:
/home/cytech/Travail/S2/OptiLin/src/main/java/com/example/optilin/Probleme.java:103: error: illegal start of expression
        contraintes.forEach((c) -> );
                                   ^
1 error[0m
2023.03.27 17:13:02 WARN  no build target for: /home/cytech/Travail/S2/OptiLin/src/main/java/com/example/optilin/Probleme.java[0m
2023.03.27 17:13:06 WARN  no build target for: /home/cytech/Travail/S2/OptiLin/src/main/java/com/example/optilin/Probleme.java[0m
2023.03.27 17:13:13 WARN  no build target for: /home/cytech/Travail/S2/OptiLin/src/main/java/com/example/optilin/Probleme.java[0m
2023.03.27 17:13:13 WARN  Running javac-semanticdb failed for file:///home/cytech/Travail/S2/OptiLin/src/main/java/com/example/optilin/Probleme.java. Output:
/home/cytech/Travail/S2/OptiLin/src/main/java/com/example/optilin/Probleme.java:103: error: ';' expected
        contraintes.forEach(c -> {ret.add(null)});
                                               ^
1 error[0m
2023.03.27 17:13:16 WARN  no build target for: /home/cytech/Travail/S2/OptiLin/src/main/java/com/example/optilin/Probleme.java[0m
2023.03.27 17:13:17 WARN  Running javac-semanticdb failed for file:///home/cytech/Travail/S2/OptiLin/src/main/java/com/example/optilin/Probleme.java. Output:
/home/cytech/Travail/S2/OptiLin/src/main/java/com/example/optilin/Probleme.java:103: error: ';' expected
        contraintes.forEach(c -> {ret.add(c.toString())});
                                                       ^
1 error[0m
2023.03.27 17:13:22 WARN  no build target for: /home/cytech/Travail/S2/OptiLin/src/main/java/com/example/optilin/Probleme.java[0m
2023.03.27 17:13:29 WARN  no build target for: /home/cytech/Travail/S2/OptiLin/src/main/java/com/example/optilin/Probleme.java[0m
2023.03.27 17:13:30 WARN  Running javac-semanticdb failed for file:///home/cytech/Travail/S2/OptiLin/src/main/java/com/example/optilin/Probleme.java. Output:
/home/cytech/Travail/S2/OptiLin/src/main/java/com/example/optilin/Probleme.java:103: error: ')' expected
        contraintes.forEach(c -> ret.add(c.toString());});
                                                      ^
/home/cytech/Travail/S2/OptiLin/src/main/java/com/example/optilin/Probleme.java:103: error: illegal start of type
        contraintes.forEach(c -> ret.add(c.toString());});
                                                        ^
/home/cytech/Travail/S2/OptiLin/src/main/java/com/example/optilin/Probleme.java:104: error: illegal start of type
        return super.toString();
        ^
/home/cytech/Travail/S2/OptiLin/src/main/java/com/example/optilin/Probleme.java:104: error: invalid method declaration; return type required
        return super.toString();
                     ^
/home/cytech/Travail/S2/OptiLin/src/main/java/com/example/optilin/Probleme.java:107: error: class, interface, or enum expected
}
^
5 errors[0m
2023.03.27 17:13:32 WARN  no build target for: /home/cytech/Travail/S2/OptiLin/src/main/java/com/example/optilin/Probleme.java[0m
2023.03.27 17:13:40 WARN  no build target for: /home/cytech/Travail/S2/OptiLin/src/main/java/com/example/optilin/Probleme.java[0m
2023.03.27 17:13:42 WARN  no build target for: /home/cytech/Travail/S2/OptiLin/src/main/java/com/example/optilin/Probleme.java[0m
2023.03.27 17:13:42 WARN  Running javac-semanticdb failed for file:///home/cytech/Travail/S2/OptiLin/src/main/java/com/example/optilin/Probleme.java. Output:
/home/cytech/Travail/S2/OptiLin/src/main/java/com/example/optilin/Probleme.java:104: error: <identifier> expected
        return ret.;
                   ^
1 error[0m
2023.03.27 17:13:44 WARN  no build target for: /home/cytech/Travail/S2/OptiLin/src/main/java/com/example/optilin/Probleme.java[0m
2023.03.27 17:13:50 WARN  no build target for: /home/cytech/Travail/S2/OptiLin/src/main/java/com/example/optilin/Probleme.java[0m
2023.03.27 17:13:50 WARN  Running javac-semanticdb failed for file:///home/cytech/Travail/S2/OptiLin/src/main/java/com/example/optilin/Probleme.java. Output:
/home/cytech/Travail/S2/OptiLin/src/main/java/com/example/optilin/Probleme.java:103: error: ';' expected
        ret.add(null)
                     ^
1 error[0m
2023.03.27 17:13:57 WARN  no build target for: /home/cytech/Travail/S2/OptiLin/src/main/java/com/example/optilin/Probleme.java[0m
2023.03.27 17:13:58 WARN  Running javac-semanticdb failed for file:///home/cytech/Travail/S2/OptiLin/src/main/java/com/example/optilin/Probleme.java. Output:
/home/cytech/Travail/S2/OptiLin/src/main/java/com/example/optilin/Probleme.java:103: error: ';' expected
        ret.add(critaire.toString())
                                    ^
1 error[0m
2023.03.27 17:13:59 WARN  no build target for: /home/cytech/Travail/S2/OptiLin/src/main/java/com/example/optilin/Probleme.java[0m
2023.03.27 17:14:43 WARN  no build target for: /home/cytech/Travail/S2/OptiLin/src/main/java/com/example/optilin/App.java[0m
2023.03.27 17:14:44 WARN  Running javac-semanticdb failed for file:///home/cytech/Travail/S2/OptiLin/src/main/java/com/example/optilin/App.java. Output:
/home/cytech/Travail/S2/OptiLin/src/main/java/com/example/optilin/App.java:4: error: not a statement
        Probleme
        ^
/home/cytech/Travail/S2/OptiLin/src/main/java/com/example/optilin/App.java:4: error: ';' expected
        Probleme
                ^
2 errors[0m
2023.03.27 17:14:46 WARN  no build target for: /home/cytech/Travail/S2/OptiLin/src/main/java/com/example/optilin/App.java[0m
2023.03.27 17:14:47 WARN  Running javac-semanticdb failed for file:///home/cytech/Travail/S2/OptiLin/src/main/java/com/example/optilin/App.java. Output:
/home/cytech/Travail/S2/OptiLin/src/main/java/com/example/optilin/App.java:5: error: '(' or '[' expected
    }
    ^
1 error[0m
2023.03.27 17:14:47 WARN  no build target for: /home/cytech/Travail/S2/OptiLin/src/main/java/com/example/optilin/App.java[0m
2023.03.27 17:14:48 WARN  Running javac-semanticdb failed for file:///home/cytech/Travail/S2/OptiLin/src/main/java/com/example/optilin/App.java. Output:
/home/cytech/Travail/S2/OptiLin/src/main/java/com/example/optilin/App.java:4: error: ';' expected
        Probleme = new Probleme()
                                 ^
1 error[0m
2023.03.27 17:14:50 WARN  no build target for: /home/cytech/Travail/S2/OptiLin/src/main/java/com/example/optilin/App.java[0m
2023.03.27 17:14:52 WARN  no build target for: /home/cytech/Travail/S2/OptiLin/src/main/java/com/example/optilin/App.java[0m
2023.03.27 17:14:56 WARN  no build target for: /home/cytech/Travail/S2/OptiLin/src/main/java/com/example/optilin/App.java[0m
2023.03.27 17:14:57 WARN  Running javac-semanticdb failed for file:///home/cytech/Travail/S2/OptiLin/src/main/java/com/example/optilin/App.java. Output:
/home/cytech/Travail/S2/OptiLin/src/main/java/com/example/optilin/App.java:4: error: <identifier> expected
        Probleme p = new Probleme(new );
                                     ^
/home/cytech/Travail/S2/OptiLin/src/main/java/com/example/optilin/App.java:4: error: '(' or '[' expected
        Probleme p = new Probleme(new );
                                      ^
2 errors[0m
2023.03.27 17:14:58 WARN  no build target for: /home/cytech/Travail/S2/OptiLin/src/main/java/com/example/optilin/App.java[0m
2023.03.27 17:15:02 WARN  no build target for: /home/cytech/Travail/S2/OptiLin/src/main/java/com/example/optilin/App.java[0m
2023.03.27 17:15:03 WARN  no build target for: /home/cytech/Travail/S2/OptiLin/src/main/java/com/example/optilin/App.java[0m
2023.03.27 17:15:04 WARN  Running javac-semanticdb failed for file:///home/cytech/Travail/S2/OptiLin/src/main/java/com/example/optilin/App.java. Output:
/home/cytech/Travail/S2/OptiLin/src/main/java/com/example/optilin/App.java:4: error: illegal start of expression
        Probleme p = new Probleme(new Critaire(1, ));
                                                  ^
1 error[0m
2023.03.27 17:15:06 WARN  no build target for: /home/cytech/Travail/S2/OptiLin/src/main/java/com/example/optilin/App.java[0m
2023.03.27 17:15:23 WARN  no build target for: /home/cytech/Travail/S2/OptiLin/src/main/java/com/example/optilin/App.java[0m
2023.03.27 17:15:24 WARN  no build target for: /home/cytech/Travail/S2/OptiLin/src/main/java/com/example/optilin/App.java[0m
2023.03.27 17:15:27 WARN  no build target for: /home/cytech/Travail/S2/OptiLin/src/main/java/com/example/optilin/App.java[0m
2023.03.27 17:15:36 WARN  no build target for: /home/cytech/Travail/S2/OptiLin/src/main/java/com/example/optilin/App.java[0m
2023.03.27 17:16:01 WARN  no build target for: /home/cytech/Travail/S2/OptiLin/src/main/java/com/example/optilin/Probleme.java[0m
2023.03.27 17:16:11 WARN  no build target for: /home/cytech/Travail/S2/OptiLin/src/main/java/com/example/optilin/App.java[0m
2023.03.27 17:16:11 WARN  Running javac-semanticdb failed for file:///home/cytech/Travail/S2/OptiLin/src/main/java/com/example/optilin/App.java. Output:
/home/cytech/Travail/S2/OptiLin/src/main/java/com/example/optilin/App.java:4: error: <identifier> expected
        Probleme p = new Probleme(new );
                                     ^
/home/cytech/Travail/S2/OptiLin/src/main/java/com/example/optilin/App.java:4: error: '(' or '[' expected
        Probleme p = new Probleme(new );
                                      ^
2 errors[0m
2023.03.27 17:16:13 WARN  no build target for: /home/cytech/Travail/S2/OptiLin/src/main/java/com/example/optilin/App.java[0m
2023.03.27 17:16:16 WARN  no build target for: /home/cytech/Travail/S2/OptiLin/src/main/java/com/example/optilin/App.java[0m
2023.03.27 17:16:24 WARN  no build target for: /home/cytech/Travail/S2/OptiLin/src/main/java/com/example/optilin/App.java[0m
2023.03.27 17:16:24 WARN  Running javac-semanticdb failed for file:///home/cytech/Travail/S2/OptiLin/src/main/java/com/example/optilin/App.java. Output:
/home/cytech/Travail/S2/OptiLin/src/main/java/com/example/optilin/App.java:4: error: <identifier> expected
        Probleme p = new Probleme(new );
                                     ^
/home/cytech/Travail/S2/OptiLin/src/main/java/com/example/optilin/App.java:4: error: '(' or '[' expected
        Probleme p = new Probleme(new );
                                      ^
2 errors[0m
2023.03.27 17:16:26 WARN  no build target for: /home/cytech/Travail/S2/OptiLin/src/main/java/com/example/optilin/App.java[0m
2023.03.27 17:16:44 WARN  no build target for: /home/cytech/Travail/S2/OptiLin/src/main/java/com/example/optilin/Probleme.java[0m
2023.03.27 17:16:44 WARN  Running javac-semanticdb failed for file:///home/cytech/Travail/S2/OptiLin/src/main/java/com/example/optilin/Probleme.java. Output:
/home/cytech/Travail/S2/OptiLin/src/main/java/com/example/optilin/Probleme.java:76: error: <identifier> expected
    public Probleme(float) {
                         ^
1 error[0m
2023.03.27 17:16:47 WARN  no build target for: /home/cytech/Travail/S2/OptiLin/src/main/java/com/example/optilin/Probleme.java[0m
2023.03.27 17:16:47 WARN  Running javac-semanticdb failed for file:///home/cytech/Travail/S2/OptiLin/src/main/java/com/example/optilin/Probleme.java. Output:
/home/cytech/Travail/S2/OptiLin/src/main/java/com/example/optilin/Probleme.java:76: error: <identifier> expected
    public Probleme(float[]) {
                           ^
1 error[0m
2023.03.27 17:16:51 WARN  no build target for: /home/cytech/Travail/S2/OptiLin/src/main/java/com/example/optilin/Probleme.java[0m
2023.03.27 17:16:53 WARN  no build target for: /home/cytech/Travail/S2/OptiLin/src/main/java/com/example/optilin/Probleme.java[0m
2023.03.27 17:16:59 WARN  no build target for: /home/cytech/Travail/S2/OptiLin/src/main/java/com/example/optilin/Probleme.java[0m
2023.03.27 17:17:09 WARN  no build target for: /home/cytech/Travail/S2/OptiLin/src/main/java/com/example/optilin/Probleme.java[0m
2023.03.27 17:17:10 WARN  Running javac-semanticdb failed for file:///home/cytech/Travail/S2/OptiLin/src/main/java/com/example/optilin/Probleme.java. Output:
/home/cytech/Travail/S2/OptiLin/src/main/java/com/example/optilin/Probleme.java:77: error: <identifier> expected
        this.critaire = new ;
                           ^
/home/cytech/Travail/S2/OptiLin/src/main/java/com/example/optilin/Probleme.java:77: error: '(' or '[' expected
        this.critaire = new ;
                            ^
2 errors[0m
2023.03.27 17:17:10 WARN  no build target for: /home/cytech/Travail/S2/OptiLin/src/main/java/com/example/optilin/Probleme.java[0m
2023.03.27 17:17:11 WARN  Running javac-semanticdb failed for file:///home/cytech/Travail/S2/OptiLin/src/main/java/com/example/optilin/Probleme.java. Output:
/home/cytech/Travail/S2/OptiLin/src/main/java/com/example/optilin/Probleme.java:77: error: '(' or '[' expected
        this.critaire = new C;
                             ^
1 error[0m
2023.03.27 17:17:12 WARN  no build target for: /home/cytech/Travail/S2/OptiLin/src/main/java/com/example/optilin/Probleme.java[0m
2023.03.27 17:17:18 WARN  no build target for: /home/cytech/Travail/S2/OptiLin/src/main/java/com/example/optilin/App.java[0m
2023.03.27 17:17:18 WARN  Running javac-semanticdb failed for file:///home/cytech/Travail/S2/OptiLin/src/main/java/com/example/optilin/App.java. Output:
/home/cytech/Travail/S2/OptiLin/src/main/java/com/example/optilin/App.java:4: error: illegal start of expression
        Probleme p = new Probleme({});
                                  ^
/home/cytech/Travail/S2/OptiLin/src/main/java/com/example/optilin/App.java:4: error: ';' expected
        Probleme p = new Probleme({});
                                    ^
2 errors[0m
2023.03.27 17:17:21 WARN  no build target for: /home/cytech/Travail/S2/OptiLin/src/main/java/com/example/optilin/App.java[0m
2023.03.27 17:17:21 WARN  Running javac-semanticdb failed for file:///home/cytech/Travail/S2/OptiLin/src/main/java/com/example/optilin/App.java. Output:
/home/cytech/Travail/S2/OptiLin/src/main/java/com/example/optilin/App.java:4: error: illegal start of expression
        Probleme p = new Probleme({1});
                                  ^
/home/cytech/Travail/S2/OptiLin/src/main/java/com/example/optilin/App.java:4: error: illegal start of type
        Probleme p = new Probleme({1});
                                   ^
/home/cytech/Travail/S2/OptiLin/src/main/java/com/example/optilin/App.java:4: error: ';' expected
        Probleme p = new Probleme({1});
                                     ^
3 errors[0m
2023.03.27 17:17:24 WARN  no build target for: /home/cytech/Travail/S2/OptiLin/src/main/java/com/example/optilin/App.java[0m
2023.03.27 17:17:25 WARN  Running javac-semanticdb failed for file:///home/cytech/Travail/S2/OptiLin/src/main/java/com/example/optilin/App.java. Output:
/home/cytech/Travail/S2/OptiLin/src/main/java/com/example/optilin/App.java:4: error: illegal start of expression
        Probleme p = new Probleme({1.0, 0.5});
                                  ^
/home/cytech/Travail/S2/OptiLin/src/main/java/com/example/optilin/App.java:4: error: illegal start of type
        Probleme p = new Probleme({1.0, 0.5});
                                   ^
/home/cytech/Travail/S2/OptiLin/src/main/java/com/example/optilin/App.java:4: error: ';' expected
        Probleme p = new Probleme({1.0, 0.5});
                                            ^
3 errors[0m
2023.03.27 17:17:28 WARN  no build target for: /home/cytech/Travail/S2/OptiLin/src/main/java/com/example/optilin/App.java[0m
2023.03.27 17:17:28 WARN  Running javac-semanticdb failed for file:///home/cytech/Travail/S2/OptiLin/src/main/java/com/example/optilin/App.java. Output:
/home/cytech/Travail/S2/OptiLin/src/main/java/com/example/optilin/App.java:4: error: illegal start of expression
        Probleme p = new Probleme({1.0, 0.5]);
                                  ^
/home/cytech/Travail/S2/OptiLin/src/main/java/com/example/optilin/App.java:4: error: illegal start of type
        Probleme p = new Probleme({1.0, 0.5]);
                                   ^
/home/cytech/Travail/S2/OptiLin/src/main/java/com/example/optilin/App.java:5: error: ';' expected
    }
     ^
/home/cytech/Travail/S2/OptiLin/src/main/java/com/example/optilin/App.java:6: error: reached end of file while parsing
}   
 ^
4 errors[0m
2023.03.27 17:17:30 WARN  no build target for: /home/cytech/Travail/S2/OptiLin/src/main/java/com/example/optilin/App.java[0m
2023.03.27 17:17:30 WARN  Running javac-semanticdb failed for file:///home/cytech/Travail/S2/OptiLin/src/main/java/com/example/optilin/App.java. Output:
/home/cytech/Travail/S2/OptiLin/src/main/java/com/example/optilin/App.java:4: error: illegal start of expression
        Probleme p = new Probleme([1.0, 0.5]);
                                  ^
/home/cytech/Travail/S2/OptiLin/src/main/java/com/example/optilin/App.java:4: error: ']' expected
        Probleme p = new Probleme([1.0, 0.5]);
                                      ^
/home/cytech/Travail/S2/OptiLin/src/main/java/com/example/optilin/App.java:4: error: <identifier> expected
        Probleme p = new Probleme([1.0, 0.5]);
                                       ^
3 errors[0m
2023.03.27 17:17:39 WARN  no build target for: /home/cytech/Travail/S2/OptiLin/src/main/java/com/example/optilin/App.java[0m
2023.03.27 17:17:40 WARN  Running javac-semanticdb failed for file:///home/cytech/Travail/S2/OptiLin/src/main/java/com/example/optilin/App.java. Output:
/home/cytech/Travail/S2/OptiLin/src/main/java/com/example/optilin/App.java:4: error: illegal start of expression
        Probleme p = new Probleme([1.0, 0.5});
                                  ^
/home/cytech/Travail/S2/OptiLin/src/main/java/com/example/optilin/App.java:4: error: ']' expected
        Probleme p = new Probleme([1.0, 0.5});
                                      ^
/home/cytech/Travail/S2/OptiLin/src/main/java/com/example/optilin/App.java:4: error: <identifier> expected
        Probleme p = new Probleme([1.0, 0.5});
                                       ^
/home/cytech/Travail/S2/OptiLin/src/main/java/com/example/optilin/App.java:4: error: illegal start of type
        Probleme p = new Probleme([1.0, 0.5});
                                            ^
/home/cytech/Travail/S2/OptiLin/src/main/java/com/example/optilin/App.java:6: error: class, interface, or enum expected
}   
^
5 errors[0m
2023.03.27 17:17:42 WARN  no build target for: /home/cytech/Travail/S2/OptiLin/src/main/java/com/example/optilin/App.java[0m
2023.03.27 17:17:42 WARN  Running javac-semanticdb failed for file:///home/cytech/Travail/S2/OptiLin/src/main/java/com/example/optilin/App.java. Output:
/home/cytech/Travail/S2/OptiLin/src/main/java/com/example/optilin/App.java:4: error: illegal start of expression
        Probleme p = new Probleme({1.0, 0.5});
                                  ^
/home/cytech/Travail/S2/OptiLin/src/main/java/com/example/optilin/App.java:4: error: illegal start of type
        Probleme p = new Probleme({1.0, 0.5});
                                   ^
/home/cytech/Travail/S2/OptiLin/src/main/java/com/example/optilin/App.java:4: error: ';' expected
        Probleme p = new Probleme({1.0, 0.5});
                                            ^
3 errors[0m
2023.03.27 17:18:12 WARN  no build target for: /home/cytech/Travail/S2/OptiLin/src/main/java/com/example/optilin/App.java[0m
2023.03.27 17:18:12 WARN  Running javac-semanticdb failed for file:///home/cytech/Travail/S2/OptiLin/src/main/java/com/example/optilin/App.java. Output:
/home/cytech/Travail/S2/OptiLin/src/main/java/com/example/optilin/App.java:5: error: illegal start of expression
        Probleme p = new Probleme({1.0, 0.5});
                                  ^
/home/cytech/Travail/S2/OptiLin/src/main/java/com/example/optilin/App.java:5: error: illegal start of type
        Probleme p = new Probleme({1.0, 0.5});
                                   ^
/home/cytech/Travail/S2/OptiLin/src/main/java/com/example/optilin/App.java:5: error: ';' expected
        Probleme p = new Probleme({1.0, 0.5});
                                            ^
3 errors[0m
2023.03.27 17:18:14 WARN  no build target for: /home/cytech/Travail/S2/OptiLin/src/main/java/com/example/optilin/App.java[0m
2023.03.27 17:18:14 WARN  Running javac-semanticdb failed for file:///home/cytech/Travail/S2/OptiLin/src/main/java/com/example/optilin/App.java. Output:
/home/cytech/Travail/S2/OptiLin/src/main/java/com/example/optilin/App.java:5: error: ';' expected
        Probleme p = new Probleme({1.0, 0.5});
                ^
/home/cytech/Travail/S2/OptiLin/src/main/java/com/example/optilin/App.java:5: error: illegal start of expression
        Probleme p = new Probleme({1.0, 0.5});
                                  ^
/home/cytech/Travail/S2/OptiLin/src/main/java/com/example/optilin/App.java:5: error: illegal start of type
        Probleme p = new Probleme({1.0, 0.5});
                                   ^
/home/cytech/Travail/S2/OptiLin/src/main/java/com/example/optilin/App.java:5: error: ';' expected
        Probleme p = new Probleme({1.0, 0.5});
                                            ^
4 errors[0m
2023.03.27 17:18:17 WARN  no build target for: /home/cytech/Travail/S2/OptiLin/src/main/java/com/example/optilin/App.java[0m
2023.03.27 17:18:17 WARN  Running javac-semanticdb failed for file:///home/cytech/Travail/S2/OptiLin/src/main/java/com/example/optilin/App.java. Output:
/home/cytech/Travail/S2/OptiLin/src/main/java/com/example/optilin/App.java:5: error: ';' expected
        Probleme p = new Probleme({1.0, 0.5});
                ^
/home/cytech/Travail/S2/OptiLin/src/main/java/com/example/optilin/App.java:5: error: illegal start of expression
        Probleme p = new Probleme({1.0, 0.5});
                                  ^
/home/cytech/Travail/S2/OptiLin/src/main/java/com/example/optilin/App.java:5: error: illegal start of type
        Probleme p = new Probleme({1.0, 0.5});
                                   ^
/home/cytech/Travail/S2/OptiLin/src/main/java/com/example/optilin/App.java:5: error: ';' expected
        Probleme p = new Probleme({1.0, 0.5});
                                            ^
4 errors[0m
2023.03.27 17:18:21 WARN  no build target for: /home/cytech/Travail/S2/OptiLin/src/main/java/com/example/optilin/App.java[0m
2023.03.27 17:18:22 WARN  Running javac-semanticdb failed for file:///home/cytech/Travail/S2/OptiLin/src/main/java/com/example/optilin/App.java. Output:
/home/cytech/Travail/S2/OptiLin/src/main/java/com/example/optilin/App.java:5: error: ';' expected
        Probleme p = new Probleme({1.0, 0.5});
                ^
/home/cytech/Travail/S2/OptiLin/src/main/java/com/example/optilin/App.java:5: error: illegal start of expression
        Probleme p = new Probleme({1.0, 0.5});
                                  ^
/home/cytech/Travail/S2/OptiLin/src/main/java/com/example/optilin/App.java:5: error: illegal start of type
        Probleme p = new Probleme({1.0, 0.5});
                                   ^
/home/cytech/Travail/S2/OptiLin/src/main/java/com/example/optilin/App.java:5: error: ';' expected
        Probleme p = new Probleme({1.0, 0.5});
                                            ^
4 errors[0m
2023.03.27 17:18:25 WARN  no build target for: /home/cytech/Travail/S2/OptiLin/src/main/java/com/example/optilin/App.java[0m
2023.03.27 17:18:25 WARN  Running javac-semanticdb failed for file:///home/cytech/Travail/S2/OptiLin/src/main/java/com/example/optilin/App.java. Output:
/home/cytech/Travail/S2/OptiLin/src/main/java/com/example/optilin/App.java:5: error: ';' expected
        Probleme p = new Probleme({1.0, 0.5});
                ^
/home/cytech/Travail/S2/OptiLin/src/main/java/com/example/optilin/App.java:5: error: illegal start of expression
        Probleme p = new Probleme({1.0, 0.5});
                                  ^
/home/cytech/Travail/S2/OptiLin/src/main/java/com/example/optilin/App.java:5: error: illegal start of type
        Probleme p = new Probleme({1.0, 0.5});
                                   ^
/home/cytech/Travail/S2/OptiLin/src/main/java/com/example/optilin/App.java:5: error: ';' expected
        Probleme p = new Probleme({1.0, 0.5});
                                            ^
4 errors[0m
2023.03.27 17:18:30 WARN  no build target for: /home/cytech/Travail/S2/OptiLin/src/main/java/com/example/optilin/App.java[0m
2023.03.27 17:18:30 WARN  Running javac-semanticdb failed for file:///home/cytech/Travail/S2/OptiLin/src/main/java/com/example/optilin/App.java. Output:
/home/cytech/Travail/S2/OptiLin/src/main/java/com/example/optilin/App.java:4: error: ';' expected
        float[] x = {1.0, 0.5}
                              ^
/home/cytech/Travail/S2/OptiLin/src/main/java/com/example/optilin/App.java:5: error: illegal start of expression
        Probleme p = new Probleme({1.0, 0.5});
                                  ^
/home/cytech/Travail/S2/OptiLin/src/main/java/com/example/optilin/App.java:5: error: illegal start of type
        Probleme p = new Probleme({1.0, 0.5});
                                   ^
/home/cytech/Travail/S2/OptiLin/src/main/java/com/example/optilin/App.java:5: error: ';' expected
        Probleme p = new Probleme({1.0, 0.5});
                                            ^
4 errors[0m
2023.03.27 17:18:32 WARN  no build target for: /home/cytech/Travail/S2/OptiLin/src/main/java/com/example/optilin/App.java[0m
2023.03.27 17:18:33 WARN  Running javac-semanticdb failed for file:///home/cytech/Travail/S2/OptiLin/src/main/java/com/example/optilin/App.java. Output:
/home/cytech/Travail/S2/OptiLin/src/main/java/com/example/optilin/App.java:5: error: illegal start of expression
        Probleme p = new Probleme({1.0, 0.5});
                                  ^
/home/cytech/Travail/S2/OptiLin/src/main/java/com/example/optilin/App.java:5: error: illegal start of type
        Probleme p = new Probleme({1.0, 0.5});
                                   ^
/home/cytech/Travail/S2/OptiLin/src/main/java/com/example/optilin/App.java:5: error: ';' expected
        Probleme p = new Probleme({1.0, 0.5});
                                            ^
3 errors[0m
2023.03.27 17:18:40 WARN  no build target for: /home/cytech/Travail/S2/OptiLin/src/main/java/com/example/optilin/App.java[0m
2023.03.27 17:18:41 WARN  Running javac-semanticdb failed for file:///home/cytech/Travail/S2/OptiLin/src/main/java/com/example/optilin/App.java. Output:
/home/cytech/Travail/S2/OptiLin/src/main/java/com/example/optilin/App.java:5: error: illegal start of expression
        Probleme p = new Probleme({1.0, 0.5});
                                  ^
/home/cytech/Travail/S2/OptiLin/src/main/java/com/example/optilin/App.java:5: error: illegal start of type
        Probleme p = new Probleme({1.0, 0.5});
                                   ^
/home/cytech/Travail/S2/OptiLin/src/main/java/com/example/optilin/App.java:5: error: ';' expected
        Probleme p = new Probleme({1.0, 0.5});
                                            ^
3 errors[0m
2023.03.27 17:19:04 WARN  no build target for: /home/cytech/Travail/S2/OptiLin/src/main/java/com/example/optilin/Probleme.java[0m
2023.03.27 17:19:10 WARN  no build target for: /home/cytech/Travail/S2/OptiLin/src/main/java/com/example/optilin/App.java[0m
2023.03.27 17:19:11 WARN  Running javac-semanticdb failed for file:///home/cytech/Travail/S2/OptiLin/src/main/java/com/example/optilin/App.java. Output:
/home/cytech/Travail/S2/OptiLin/src/main/java/com/example/optilin/App.java:5: error: illegal start of expression
        Probleme p = new Probleme({1.0, 0.5});
                                  ^
/home/cytech/Travail/S2/OptiLin/src/main/java/com/example/optilin/App.java:5: error: illegal start of type
        Probleme p = new Probleme({1.0, 0.5});
                                   ^
/home/cytech/Travail/S2/OptiLin/src/main/java/com/example/optilin/App.java:5: error: ';' expected
        Probleme p = new Probleme({1.0, 0.5});
                                            ^
3 errors[0m
2023.03.27 17:19:15 WARN  no build target for: /home/cytech/Travail/S2/OptiLin/src/main/java/com/example/optilin/App.java[0m
2023.03.27 17:19:19 WARN  no build target for: /home/cytech/Travail/S2/OptiLin/src/main/java/com/example/optilin/App.java[0m
2023.03.27 17:19:26 WARN  no build target for: /home/cytech/Travail/S2/OptiLin/src/main/java/com/example/optilin/App.java[0m
2023.03.27 17:19:28 WARN  no build target for: /home/cytech/Travail/S2/OptiLin/src/main/java/com/example/optilin/App.java[0m
2023.03.27 17:19:32 WARN  no build target for: /home/cytech/Travail/S2/OptiLin/src/main/java/com/example/optilin/App.java[0m
2023.03.27 17:19:32 WARN  Running javac-semanticdb failed for file:///home/cytech/Travail/S2/OptiLin/src/main/java/com/example/optilin/App.java. Output:
/home/cytech/Travail/S2/OptiLin/src/main/java/com/example/optilin/App.java:6: error: ';' expected
        Probleme p = new Probleme(x);
                ^
1 error[0m
2023.03.27 17:19:33 WARN  no build target for: /home/cytech/Travail/S2/OptiLin/src/main/java/com/example/optilin/App.java[0m
2023.03.27 17:19:33 WARN  Running javac-semanticdb failed for file:///home/cytech/Travail/S2/OptiLin/src/main/java/com/example/optilin/App.java. Output:
/home/cytech/Travail/S2/OptiLin/src/main/java/com/example/optilin/App.java:6: error: ';' expected
        Probleme p = new Probleme(x);
                ^
1 error[0m
2023.03.27 17:19:35 WARN  no build target for: /home/cytech/Travail/S2/OptiLin/src/main/java/com/example/optilin/App.java[0m
2023.03.27 17:19:36 WARN  Running javac-semanticdb failed for file:///home/cytech/Travail/S2/OptiLin/src/main/java/com/example/optilin/App.java. Output:
/home/cytech/Travail/S2/OptiLin/src/main/java/com/example/optilin/App.java:9: error: ';' expected
        Probleme p = new Probleme(x);
                ^
1 error[0m
2023.03.27 17:19:40 WARN  no build target for: /home/cytech/Travail/S2/OptiLin/src/main/java/com/example/optilin/App.java[0m
2023.03.27 17:19:44 WARN  no build target for: /home/cytech/Travail/S2/OptiLin/src/main/java/com/example/optilin/App.java[0m
2023.03.27 17:19:52 WARN  no build target for: /home/cytech/Travail/S2/OptiLin/src/main/java/com/example/optilin/App.java[0m
2023.03.27 17:19:52 WARN  Running javac-semanticdb failed for file:///home/cytech/Travail/S2/OptiLin/src/main/java/com/example/optilin/App.java. Output:
/home/cytech/Travail/S2/OptiLin/src/main/java/com/example/optilin/App.java:5: error: '.class' expected
        Probleme p = new Probleme(double);
                                        ^
1 error[0m
2023.03.27 17:19:55 WARN  no build target for: /home/cytech/Travail/S2/OptiLin/src/main/java/com/example/optilin/App.java[0m
2023.03.27 17:19:55 WARN  Running javac-semanticdb failed for file:///home/cytech/Travail/S2/OptiLin/src/main/java/com/example/optilin/App.java. Output:
/home/cytech/Travail/S2/OptiLin/src/main/java/com/example/optilin/App.java:5: error: '.class' expected
        Probleme p = new Probleme(double[] );
                                           ^
1 error[0m
2023.03.27 17:19:56 WARN  no build target for: /home/cytech/Travail/S2/OptiLin/src/main/java/com/example/optilin/App.java[0m
2023.03.27 17:19:56 WARN  Running javac-semanticdb failed for file:///home/cytech/Travail/S2/OptiLin/src/main/java/com/example/optilin/App.java. Output:
/home/cytech/Travail/S2/OptiLin/src/main/java/com/example/optilin/App.java:5: error: '.class' expected
        Probleme p = new Probleme(double[] {});
                                           ^
/home/cytech/Travail/S2/OptiLin/src/main/java/com/example/optilin/App.java:5: error: ';' expected
        Probleme p = new Probleme(double[] {});
                                             ^
2 errors[0m
2023.03.27 17:19:58 WARN  no build target for: /home/cytech/Travail/S2/OptiLin/src/main/java/com/example/optilin/App.java[0m
2023.03.27 17:19:59 WARN  Running javac-semanticdb failed for file:///home/cytech/Travail/S2/OptiLin/src/main/java/com/example/optilin/App.java. Output:
/home/cytech/Travail/S2/OptiLin/src/main/java/com/example/optilin/App.java:5: error: '.class' expected
        Probleme p = new Probleme(double[] {1, 0.5});
                                           ^
/home/cytech/Travail/S2/OptiLin/src/main/java/com/example/optilin/App.java:5: error: illegal start of type
        Probleme p = new Probleme(double[] {1, 0.5});
                                            ^
/home/cytech/Travail/S2/OptiLin/src/main/java/com/example/optilin/App.java:5: error: ';' expected
        Probleme p = new Probleme(double[] {1, 0.5});
                                                   ^
3 errors[0m
2023.03.27 17:20:04 WARN  no build target for: /home/cytech/Travail/S2/OptiLin/src/main/java/com/example/optilin/App.java[0m
2023.03.27 17:20:05 WARN  Running javac-semanticdb failed for file:///home/cytech/Travail/S2/OptiLin/src/main/java/com/example/optilin/App.java. Output:
/home/cytech/Travail/S2/OptiLin/src/main/java/com/example/optilin/App.java:5: error: illegal start of expression
        Probleme p = new Probleme((double[]) {1, 0.5});
                                             ^
/home/cytech/Travail/S2/OptiLin/src/main/java/com/example/optilin/App.java:5: error: illegal start of type
        Probleme p = new Probleme((double[]) {1, 0.5});
                                              ^
/home/cytech/Travail/S2/OptiLin/src/main/java/com/example/optilin/App.java:5: error: ';' expected
        Probleme p = new Probleme((double[]) {1, 0.5});
                                                     ^
3 errors[0m
2023.03.27 17:20:19 WARN  no build target for: /home/cytech/Travail/S2/OptiLin/src/main/java/com/example/optilin/App.java[0m
2023.03.27 17:20:21 WARN  no build target for: /home/cytech/Travail/S2/OptiLin/src/main/java/com/example/optilin/App.java[0m
2023.03.27 17:20:23 WARN  no build target for: /home/cytech/Travail/S2/OptiLin/src/main/java/com/example/optilin/App.java[0m
2023.03.27 17:20:33 WARN  no build target for: /home/cytech/Travail/S2/OptiLin/src/main/java/com/example/optilin/App.java[0m
2023.03.27 17:20:33 WARN  Running javac-semanticdb failed for file:///home/cytech/Travail/S2/OptiLin/src/main/java/com/example/optilin/App.java. Output:
/home/cytech/Travail/S2/OptiLin/src/main/java/com/example/optilin/App.java:7: error: <identifier> expected
        p.
          ^
/home/cytech/Travail/S2/OptiLin/src/main/java/com/example/optilin/App.java:7: error: not a statement
        p.
         ^
2 errors[0m
2023.03.27 17:20:36 WARN  no build target for: /home/cytech/Travail/S2/OptiLin/src/main/java/com/example/optilin/App.java[0m
2023.03.27 17:20:38 WARN  no build target for: /home/cytech/Travail/S2/OptiLin/src/main/java/com/example/optilin/App.java[0m
2023.03.27 17:20:38 WARN  Running javac-semanticdb failed for file:///home/cytech/Travail/S2/OptiLin/src/main/java/com/example/optilin/App.java. Output:
/home/cytech/Travail/S2/OptiLin/src/main/java/com/example/optilin/App.java:7: error: <identifier> expected
        p.addContrainte(new );
                           ^
/home/cytech/Travail/S2/OptiLin/src/main/java/com/example/optilin/App.java:7: error: '(' or '[' expected
        p.addContrainte(new );
                            ^
2 errors[0m
2023.03.27 17:20:40 WARN  no build target for: /home/cytech/Travail/S2/OptiLin/src/main/java/com/example/optilin/App.java[0m
2023.03.27 17:20:50 WARN  no build target for: /home/cytech/Travail/S2/OptiLin/src/main/java/com/example/optilin/App.java[0m
2023.03.27 17:20:52 WARN  Using indexes to guess the definition of Contrainte[0m
2023.03.27 17:21:01 WARN  no build target for: /home/cytech/Travail/S2/OptiLin/src/main/java/com/example/optilin/App.java[0m
2023.03.27 17:21:02 WARN  Running javac-semanticdb failed for file:///home/cytech/Travail/S2/OptiLin/src/main/java/com/example/optilin/App.java. Output:
/home/cytech/Travail/S2/OptiLin/src/main/java/com/example/optilin/App.java:8: error: '(' or '[' expected
        p.addContrainte(new Contrainte(x, 0));
        ^
1 error[0m
2023.03.27 17:21:03 WARN  no build target for: /home/cytech/Travail/S2/OptiLin/src/main/java/com/example/optilin/App.java[0m
2023.03.27 17:21:04 WARN  Running javac-semanticdb failed for file:///home/cytech/Travail/S2/OptiLin/src/main/java/com/example/optilin/App.java. Output:
/home/cytech/Travail/S2/OptiLin/src/main/java/com/example/optilin/App.java:8: error: '(' or '[' expected
        p.addContrainte(new Contrainte(x, 0));
        ^
1 error[0m
2023.03.27 17:21:05 WARN  no build target for: /home/cytech/Travail/S2/OptiLin/src/main/java/com/example/optilin/App.java[0m
2023.03.27 17:21:05 WARN  Running javac-semanticdb failed for file:///home/cytech/Travail/S2/OptiLin/src/main/java/com/example/optilin/App.java. Output:
/home/cytech/Travail/S2/OptiLin/src/main/java/com/example/optilin/App.java:8: error: '(' or '[' expected
        p.addContrainte(new Contrainte(x, 0));
        ^
1 error[0m
2023.03.27 17:21:08 WARN  no build target for: /home/cytech/Travail/S2/OptiLin/src/main/java/com/example/optilin/App.java[0m
2023.03.27 17:21:09 WARN  Running javac-semanticdb failed for file:///home/cytech/Travail/S2/OptiLin/src/main/java/com/example/optilin/App.java. Output:
/home/cytech/Travail/S2/OptiLin/src/main/java/com/example/optilin/App.java:8: error: ';' expected
        p.addContrainte(new Contrainte(x, 0));
         ^
1 error[0m
2023.03.27 17:21:10 WARN  no build target for: /home/cytech/Travail/S2/OptiLin/src/main/java/com/example/optilin/App.java[0m
2023.03.27 17:21:19 WARN  no build target for: /home/cytech/Travail/S2/OptiLin/src/main/java/com/example/optilin/App.java[0m
2023.03.27 17:21:27 WARN  no build target for: /home/cytech/Travail/S2/OptiLin/src/main/java/com/example/optilin/App.java[0m
2023.03.27 17:21:34 WARN  no build target for: /home/cytech/Travail/S2/OptiLin/src/main/java/com/example/optilin/App.java[0m
2023.03.27 17:21:46 WARN  no build target for: /home/cytech/Travail/S2/OptiLin/src/main/java/com/example/optilin/Probleme.java[0m
2023.03.27 17:21:50 WARN  no build target for: /home/cytech/Travail/S2/OptiLin/src/main/java/com/example/optilin/Probleme.java[0m
2023.03.27 17:21:51 WARN  Running javac-semanticdb failed for file:///home/cytech/Travail/S2/OptiLin/src/main/java/com/example/optilin/Probleme.java. Output:
/home/cytech/Travail/S2/OptiLin/src/main/java/com/example/optilin/Probleme.java:45: error: <identifier> expected
    public stat class Critaire {
               ^
1 error[0m
2023.03.27 17:21:52 WARN  no build target for: /home/cytech/Travail/S2/OptiLin/src/main/java/com/example/optilin/Probleme.java[0m
2023.03.27 17:22:07 WARN  no build target for: /home/cytech/Travail/S2/OptiLin/src/main/java/com/example/optilin/App.java[0m
2023.03.27 17:22:08 WARN  Running javac-semanticdb failed for file:///home/cytech/Travail/S2/OptiLin/src/main/java/com/example/optilin/App.java. Output:
/home/cytech/Travail/S2/OptiLin/src/main/java/com/example/optilin/App.java:6: error: ';' expected
        Probleme p = new Probleme(x);
                ^
1 error[0m
2023.03.27 17:22:11 WARN  no build target for: /home/cytech/Travail/S2/OptiLin/src/main/java/com/example/optilin/App.java[0m
2023.03.27 17:22:11 WARN  Running javac-semanticdb failed for file:///home/cytech/Travail/S2/OptiLin/src/main/java/com/example/optilin/App.java. Output:
/home/cytech/Travail/S2/OptiLin/src/main/java/com/example/optilin/App.java:5: error: ';' expected
        double[] y = {}
                       ^
1 error[0m
2023.03.27 17:22:14 WARN  no build target for: /home/cytech/Travail/S2/OptiLin/src/main/java/com/example/optilin/App.java[0m
2023.03.27 17:22:14 WARN  Running javac-semanticdb failed for file:///home/cytech/Travail/S2/OptiLin/src/main/java/com/example/optilin/App.java. Output:
/home/cytech/Travail/S2/OptiLin/src/main/java/com/example/optilin/App.java:5: error: ';' expected
        double[] y = {1, 1}
                           ^
1 error[0m
2023.03.27 17:22:17 WARN  no build target for: /home/cytech/Travail/S2/OptiLin/src/main/java/com/example/optilin/App.java[0m
2023.03.27 17:22:18 WARN  Running javac-semanticdb failed for file:///home/cytech/Travail/S2/OptiLin/src/main/java/com/example/optilin/App.java. Output:
/home/cytech/Travail/S2/OptiLin/src/main/java/com/example/optilin/App.java:5: error: ';' expected
        double[] y = {1, 1}
                           ^
1 error[0m
2023.03.27 17:22:19 WARN  no build target for: /home/cytech/Travail/S2/OptiLin/src/main/java/com/example/optilin/App.java[0m
2023.03.27 17:22:21 WARN  no build target for: /home/cytech/Travail/S2/OptiLin/src/main/java/com/example/optilin/App.java[0m
2023.03.27 17:22:24 WARN  no build target for: /home/cytech/Travail/S2/OptiLin/src/main/java/com/example/optilin/App.java[0m
2023.03.27 17:22:30 WARN  no build target for: /home/cytech/Travail/S2/OptiLin/src/main/java/com/example/optilin/App.java[0m
2023.03.27 17:22:36 WARN  no build target for: /home/cytech/Travail/S2/OptiLin/src/main/java/com/example/optilin/App.java[0m
2023.03.27 17:22:39 WARN  no build target for: /home/cytech/Travail/S2/OptiLin/src/main/java/com/example/optilin/App.java[0m
2023.03.27 17:22:40 WARN  no build target for: /home/cytech/Travail/S2/OptiLin/src/main/java/com/example/optilin/App.java[0m
2023.03.27 17:22:43 WARN  no build target for: /home/cytech/Travail/S2/OptiLin/src/main/java/com/example/optilin/App.java[0m
2023.03.27 17:22:49 WARN  no build target for: /home/cytech/Travail/S2/OptiLin/src/main/java/com/example/optilin/App.java[0m
2023.03.27 17:22:51 WARN  no build target for: /home/cytech/Travail/S2/OptiLin/src/main/java/com/example/optilin/App.java[0m
2023.03.27 17:22:51 WARN  Running javac-semanticdb failed for file:///home/cytech/Travail/S2/OptiLin/src/main/java/com/example/optilin/App.java. Output:
/home/cytech/Travail/S2/OptiLin/src/main/java/com/example/optilin/App.java:11: error: illegal start of expression
        p.addContrainte(new Probleme.Contrainte(z, ));
                                                   ^
1 error[0m
2023.03.27 17:22:52 WARN  no build target for: /home/cytech/Travail/S2/OptiLin/src/main/java/com/example/optilin/App.java[0m
2023.03.27 17:23:10 WARN  no build target for: /home/cytech/Travail/S2/OptiLin/src/main/java/com/example/optilin/App.java[0m
2023.03.27 17:23:15 WARN  no build target for: /home/cytech/Travail/S2/OptiLin/src/main/java/com/example/optilin/App.java[0m
2023.03.27 17:23:22 WARN  no build target for: /home/cytech/Travail/S2/OptiLin/src/main/java/com/example/optilin/App.java[0m
2023.03.27 17:23:24 WARN  no build target for: /home/cytech/Travail/S2/OptiLin/src/main/java/com/example/optilin/App.java[0m
2023.03.27 17:23:25 WARN  no build target for: /home/cytech/Travail/S2/OptiLin/src/main/java/com/example/optilin/App.java[0m
2023.03.27 17:23:27 WARN  no build target for: /home/cytech/Travail/S2/OptiLin/src/main/java/com/example/optilin/App.java[0m
2023.03.27 17:23:30 WARN  no build target for: /home/cytech/Travail/S2/OptiLin/src/main/java/com/example/optilin/App.java[0m
2023.03.27 17:23:35 WARN  no build target for: /home/cytech/Travail/S2/OptiLin/src/main/java/com/example/optilin/App.java[0m
2023.03.27 17:23:37 WARN  no build target for: /home/cytech/Travail/S2/OptiLin/src/main/java/com/example/optilin/App.java[0m
2023.03.27 17:23:39 WARN  no build target for: /home/cytech/Travail/S2/OptiLin/src/main/java/com/example/optilin/App.java[0m
2023.03.27 17:23:46 WARN  no build target for: /home/cytech/Travail/S2/OptiLin/src/main/java/com/example/optilin/App.java[0m
2023.03.27 17:23:49 WARN  no build target for: /home/cytech/Travail/S2/OptiLin/src/main/java/com/example/optilin/App.java[0m
2023.03.27 17:24:06 WARN  no build target for: /home/cytech/Travail/S2/OptiLin/src/main/java/com/example/optilin/Probleme.java[0m
2023.03.27 17:24:14 WARN  Cannot tokenize Java file file:///home/cytech/Travail/S2/OptiLin/src/main/java/com/example/optilin/Probleme.java
org.eclipse.jdt.core.compiler.InvalidInputException: Invalid_Char_In_String
	at org.eclipse.jdt.internal.core.util.PublicScanner.getNextToken(PublicScanner.java:1564)
	at scala.meta.internal.parsing.JavaTokens$.loop$1(JavaTokens.scala:71)
	at scala.meta.internal.parsing.JavaTokens$.$anonfun$tokenize$1(JavaTokens.scala:75)
	at scala.util.Try$.apply(Try.scala:210)
	at scala.meta.internal.parsing.JavaTokens$.tokenize(JavaTokens.scala:35)
	at scala.meta.internal.parsing.TokenEditDistance$.apply(TokenEditDistance.scala:370)
	at scala.meta.internal.metals.Diagnostics.publishDiagnostics(Diagnostics.scala:226)
	at scala.meta.internal.metals.Diagnostics.publishDiagnostics(Diagnostics.scala:188)
	at scala.meta.internal.metals.Diagnostics.didChange(Diagnostics.scala:136)
	at scala.meta.internal.metals.MetalsLspService.didChange(MetalsLspService.scala:1248)
	at scala.meta.metals.lsp.DelegatingScalaService.didChange(DelegatingScalaService.scala:50)
	at jdk.internal.reflect.GeneratedMethodAccessor1.invoke(null)
	at jdk.internal.reflect.DelegatingMethodAccessorImpl.invoke(DelegatingMethodAccessorImpl.java:43)
	at java.lang.reflect.Method.invoke(Method.java:566)
	at org.eclipse.lsp4j.jsonrpc.services.GenericEndpoint.lambda$null$0(GenericEndpoint.java:65)
	at org.eclipse.lsp4j.jsonrpc.services.GenericEndpoint.notify(GenericEndpoint.java:152)
	at org.eclipse.lsp4j.jsonrpc.RemoteEndpoint.handleNotification(RemoteEndpoint.java:220)
	at org.eclipse.lsp4j.jsonrpc.RemoteEndpoint.consume(RemoteEndpoint.java:187)
	at org.eclipse.lsp4j.jsonrpc.json.StreamMessageProducer.handleMessage(StreamMessageProducer.java:194)
	at org.eclipse.lsp4j.jsonrpc.json.StreamMessageProducer.listen(StreamMessageProducer.java:94)
	at org.eclipse.lsp4j.jsonrpc.json.ConcurrentMessageProcessor.run(ConcurrentMessageProcessor.java:113)
	at java.util.concurrent.Executors$RunnableAdapter.call(Executors.java:515)
	at java.util.concurrent.FutureTask.run(FutureTask.java:264)
	at java.util.concurrent.ThreadPoolExecutor.runWorker(ThreadPoolExecutor.java:1128)
	at java.util.concurrent.ThreadPoolExecutor$Worker.run(ThreadPoolExecutor.java:628)
	at java.lang.Thread.run(Thread.java:829)
[0m
Mar 27, 2023 5:24:14 PM org.eclipse.lsp4j.jsonrpc.RemoteEndpoint fallbackResponseError
SEVERE: Internal error: org.eclipse.jdt.core.compiler.InvalidInputException: Invalid_Char_In_String
java.util.concurrent.CompletionException: org.eclipse.jdt.core.compiler.InvalidInputException: Invalid_Char_In_String
	at java.base/java.util.concurrent.CompletableFuture.encodeThrowable(CompletableFuture.java:331)
	at java.base/java.util.concurrent.CompletableFuture.completeThrowable(CompletableFuture.java:346)
	at java.base/java.util.concurrent.CompletableFuture$UniAccept.tryFire(CompletableFuture.java:704)
	at java.base/java.util.concurrent.CompletableFuture.postComplete(CompletableFuture.java:506)
	at java.base/java.util.concurrent.CompletableFuture.completeExceptionally(CompletableFuture.java:2088)
	at scala.meta.internal.metals.CancelTokens$.$anonfun$future$1(CancelTokens.scala:40)
	at scala.meta.internal.metals.CancelTokens$.$anonfun$future$1$adapted(CancelTokens.scala:38)
	at scala.concurrent.impl.Promise$Transformation.run(Promise.scala:484)
	at java.base/java.util.concurrent.ThreadPoolExecutor.runWorker(ThreadPoolExecutor.java:1128)
	at java.base/java.util.concurrent.ThreadPoolExecutor$Worker.run(ThreadPoolExecutor.java:628)
	at java.base/java.lang.Thread.run(Thread.java:829)
Caused by: org.eclipse.jdt.core.compiler.InvalidInputException: Invalid_Char_In_String
	at org.eclipse.jdt.internal.core.util.PublicScanner.getNextToken(PublicScanner.java:1564)
	at scala.meta.internal.parsing.JavaFoldingRangeExtractor.next$1(JavaFoldingRangeExtractor.scala:100)
	at scala.meta.internal.parsing.JavaFoldingRangeExtractor.gather$1(JavaFoldingRangeExtractor.scala:145)
	at scala.meta.internal.parsing.JavaFoldingRangeExtractor.extract(JavaFoldingRangeExtractor.scala:155)
	at scala.meta.internal.parsing.FoldingRangeProvider.$anonfun$getRangedForJava$2(FoldingRangeProvider.scala:48)
	at scala.Option$WithFilter.map(Option.scala:242)
	at scala.meta.internal.parsing.FoldingRangeProvider.getRangedForJava(FoldingRangeProvider.scala:43)
	at scala.meta.internal.metals.MetalsLspService.$anonfun$foldingRange$3(MetalsLspService.scala:1776)
	at scala.concurrent.Future$.$anonfun$apply$1(Future.scala:678)
	at scala.concurrent.impl.Promise$Transformation.run(Promise.scala:467)
	... 3 more

2023.03.27 17:24:15 WARN  no build target for: /home/cytech/Travail/S2/OptiLin/src/main/java/com/example/optilin/Probleme.java[0m
2023.03.27 17:24:21 WARN  Cannot tokenize Java file file:///home/cytech/Travail/S2/OptiLin/src/main/java/com/example/optilin/Probleme.java
org.eclipse.jdt.core.compiler.InvalidInputException: Invalid_Escape
	at org.eclipse.jdt.internal.core.util.PublicScanner.scanEscapeCharacter(PublicScanner.java:2906)
	at org.eclipse.jdt.internal.core.util.PublicScanner.getNextToken(PublicScanner.java:1586)
	at scala.meta.internal.parsing.JavaTokens$.loop$1(JavaTokens.scala:71)
	at scala.meta.internal.parsing.JavaTokens$.$anonfun$tokenize$1(JavaTokens.scala:75)
	at scala.util.Try$.apply(Try.scala:210)
	at scala.meta.internal.parsing.JavaTokens$.tokenize(JavaTokens.scala:35)
	at scala.meta.internal.parsing.TokenEditDistance$.apply(TokenEditDistance.scala:370)
	at scala.meta.internal.metals.Diagnostics.publishDiagnostics(Diagnostics.scala:226)
	at scala.meta.internal.metals.Diagnostics.publishDiagnostics(Diagnostics.scala:188)
	at scala.meta.internal.metals.Diagnostics.didChange(Diagnostics.scala:136)
	at scala.meta.internal.metals.MetalsLspService.didChange(MetalsLspService.scala:1248)
	at scala.meta.metals.lsp.DelegatingScalaService.didChange(DelegatingScalaService.scala:50)
	at jdk.internal.reflect.GeneratedMethodAccessor1.invoke(null)
	at jdk.internal.reflect.DelegatingMethodAccessorImpl.invoke(DelegatingMethodAccessorImpl.java:43)
	at java.lang.reflect.Method.invoke(Method.java:566)
	at org.eclipse.lsp4j.jsonrpc.services.GenericEndpoint.lambda$null$0(GenericEndpoint.java:65)
	at org.eclipse.lsp4j.jsonrpc.services.GenericEndpoint.notify(GenericEndpoint.java:152)
	at org.eclipse.lsp4j.jsonrpc.RemoteEndpoint.handleNotification(RemoteEndpoint.java:220)
	at org.eclipse.lsp4j.jsonrpc.RemoteEndpoint.consume(RemoteEndpoint.java:187)
	at org.eclipse.lsp4j.jsonrpc.json.StreamMessageProducer.handleMessage(StreamMessageProducer.java:194)
	at org.eclipse.lsp4j.jsonrpc.json.StreamMessageProducer.listen(StreamMessageProducer.java:94)
	at org.eclipse.lsp4j.jsonrpc.json.ConcurrentMessageProcessor.run(ConcurrentMessageProcessor.java:113)
	at java.util.concurrent.Executors$RunnableAdapter.call(Executors.java:515)
	at java.util.concurrent.FutureTask.run(FutureTask.java:264)
	at java.util.concurrent.ThreadPoolExecutor.runWorker(ThreadPoolExecutor.java:1128)
	at java.util.concurrent.ThreadPoolExecutor$Worker.run(ThreadPoolExecutor.java:628)
	at java.lang.Thread.run(Thread.java:829)
[0m
Mar 27, 2023 5:24:21 PM org.eclipse.lsp4j.jsonrpc.RemoteEndpoint fallbackResponseError
SEVERE: Internal error: org.eclipse.jdt.core.compiler.InvalidInputException: Invalid_Escape
java.util.concurrent.CompletionException: org.eclipse.jdt.core.compiler.InvalidInputException: Invalid_Escape
	at java.base/java.util.concurrent.CompletableFuture.encodeThrowable(CompletableFuture.java:331)
	at java.base/java.util.concurrent.CompletableFuture.completeThrowable(CompletableFuture.java:346)
	at java.base/java.util.concurrent.CompletableFuture$UniAccept.tryFire(CompletableFuture.java:704)
	at java.base/java.util.concurrent.CompletableFuture.postComplete(CompletableFuture.java:506)
	at java.base/java.util.concurrent.CompletableFuture.completeExceptionally(CompletableFuture.java:2088)
	at scala.meta.internal.metals.CancelTokens$.$anonfun$future$1(CancelTokens.scala:40)
	at scala.meta.internal.metals.CancelTokens$.$anonfun$future$1$adapted(CancelTokens.scala:38)
	at scala.concurrent.impl.Promise$Transformation.run(Promise.scala:484)
	at java.base/java.util.concurrent.ThreadPoolExecutor.runWorker(ThreadPoolExecutor.java:1128)
	at java.base/java.util.concurrent.ThreadPoolExecutor$Worker.run(ThreadPoolExecutor.java:628)
	at java.base/java.lang.Thread.run(Thread.java:829)
Caused by: org.eclipse.jdt.core.compiler.InvalidInputException: Invalid_Escape
	at org.eclipse.jdt.internal.core.util.PublicScanner.scanEscapeCharacter(PublicScanner.java:2906)
	at org.eclipse.jdt.internal.core.util.PublicScanner.getNextToken(PublicScanner.java:1586)
	at scala.meta.internal.parsing.JavaFoldingRangeExtractor.next$1(JavaFoldingRangeExtractor.scala:100)
	at scala.meta.internal.parsing.JavaFoldingRangeExtractor.gather$1(JavaFoldingRangeExtractor.scala:147)
	at scala.meta.internal.parsing.JavaFoldingRangeExtractor.extract(JavaFoldingRangeExtractor.scala:155)
	at scala.meta.internal.parsing.FoldingRangeProvider.$anonfun$getRangedForJava$2(FoldingRangeProvider.scala:48)
	at scala.Option$WithFilter.map(Option.scala:242)
	at scala.meta.internal.parsing.FoldingRangeProvider.getRangedForJava(FoldingRangeProvider.scala:43)
	at scala.meta.internal.metals.MetalsLspService.$anonfun$foldingRange$3(MetalsLspService.scala:1776)
	at scala.concurrent.Future$.$anonfun$apply$1(Future.scala:678)
	at scala.concurrent.impl.Promise$Transformation.run(Promise.scala:467)
	... 3 more

2023.03.27 17:24:21 WARN  Cannot tokenize Java file file:///home/cytech/Travail/S2/OptiLin/src/main/java/com/example/optilin/Probleme.java
org.eclipse.jdt.core.compiler.InvalidInputException: Invalid_Escape
	at org.eclipse.jdt.internal.core.util.PublicScanner.scanEscapeCharacter(PublicScanner.java:2906)
	at org.eclipse.jdt.internal.core.util.PublicScanner.getNextToken(PublicScanner.java:1586)
	at scala.meta.internal.parsing.JavaTokens$.loop$1(JavaTokens.scala:71)
	at scala.meta.internal.parsing.JavaTokens$.$anonfun$tokenize$1(JavaTokens.scala:75)
	at scala.util.Try$.apply(Try.scala:210)
	at scala.meta.internal.parsing.JavaTokens$.tokenize(JavaTokens.scala:35)
	at scala.meta.internal.parsing.TokenEditDistance$.apply(TokenEditDistance.scala:370)
	at scala.meta.internal.metals.Buffers.tokenEditDistance(Buffers.scala:30)
	at scala.meta.internal.metals.codelenses.RunTestCodeLens.codeLenses(RunTestCodeLens.scala:62)
	at scala.meta.internal.metals.CodeLensProvider.$anonfun$findLenses$3(CodeLensProvider.scala:26)
	at scala.collection.immutable.List.flatMap(List.scala:293)
	at scala.meta.internal.metals.CodeLensProvider.$anonfun$findLenses$2(CodeLensProvider.scala:26)
	at scala.Option.map(Option.scala:242)
	at scala.meta.internal.metals.CodeLensProvider.findLenses(CodeLensProvider.scala:24)
	at scala.meta.internal.metals.MetalsLspService.$anonfun$codeLens$2(MetalsLspService.scala:1761)
	at scala.meta.internal.metals.TimerProvider.timedThunk(TimerProvider.scala:25)
	at scala.meta.internal.metals.MetalsLspService.$anonfun$codeLens$1(MetalsLspService.scala:1759)
	at scala.meta.internal.metals.CancelTokens$.$anonfun$apply$2(CancelTokens.scala:26)
	at scala.concurrent.Future$.$anonfun$apply$1(Future.scala:678)
	at scala.concurrent.impl.Promise$Transformation.run(Promise.scala:467)
	at java.util.concurrent.ThreadPoolExecutor.runWorker(ThreadPoolExecutor.java:1128)
	at java.util.concurrent.ThreadPoolExecutor$Worker.run(ThreadPoolExecutor.java:628)
	at java.lang.Thread.run(Thread.java:829)
[0m
2023.03.27 17:24:21 WARN  Cannot tokenize Java file file:///home/cytech/Travail/S2/OptiLin/src/main/java/com/example/optilin/Probleme.java
org.eclipse.jdt.core.compiler.InvalidInputException: Invalid_Escape
	at org.eclipse.jdt.internal.core.util.PublicScanner.scanEscapeCharacter(PublicScanner.java:2906)
	at org.eclipse.jdt.internal.core.util.PublicScanner.getNextToken(PublicScanner.java:1586)
	at scala.meta.internal.parsing.JavaTokens$.loop$1(JavaTokens.scala:71)
	at scala.meta.internal.parsing.JavaTokens$.$anonfun$tokenize$1(JavaTokens.scala:75)
	at scala.util.Try$.apply(Try.scala:210)
	at scala.meta.internal.parsing.JavaTokens$.tokenize(JavaTokens.scala:35)
	at scala.meta.internal.parsing.TokenEditDistance$.apply(TokenEditDistance.scala:370)
	at scala.meta.internal.metals.Buffers.tokenEditDistance(Buffers.scala:30)
	at scala.meta.internal.metals.codelenses.SuperMethodCodeLens.codeLenses(SuperMethodCodeLens.scala:36)
	at scala.meta.internal.metals.CodeLensProvider.$anonfun$findLenses$3(CodeLensProvider.scala:26)
	at scala.collection.immutable.List.flatMap(List.scala:293)
	at scala.meta.internal.metals.CodeLensProvider.$anonfun$findLenses$2(CodeLensProvider.scala:26)
	at scala.Option.map(Option.scala:242)
	at scala.meta.internal.metals.CodeLensProvider.findLenses(CodeLensProvider.scala:24)
	at scala.meta.internal.metals.MetalsLspService.$anonfun$codeLens$2(MetalsLspService.scala:1761)
	at scala.meta.internal.metals.TimerProvider.timedThunk(TimerProvider.scala:25)
	at scala.meta.internal.metals.MetalsLspService.$anonfun$codeLens$1(MetalsLspService.scala:1759)
	at scala.meta.internal.metals.CancelTokens$.$anonfun$apply$2(CancelTokens.scala:26)
	at scala.concurrent.Future$.$anonfun$apply$1(Future.scala:678)
	at scala.concurrent.impl.Promise$Transformation.run(Promise.scala:467)
	at java.util.concurrent.ThreadPoolExecutor.runWorker(ThreadPoolExecutor.java:1128)
	at java.util.concurrent.ThreadPoolExecutor$Worker.run(ThreadPoolExecutor.java:628)
	at java.lang.Thread.run(Thread.java:829)
[0m
2023.03.27 17:24:21 WARN  Cannot tokenize Java file file:///home/cytech/Travail/S2/OptiLin/src/main/java/com/example/optilin/Probleme.java
org.eclipse.jdt.core.compiler.InvalidInputException: Invalid_Char_In_String
	at org.eclipse.jdt.internal.core.util.PublicScanner.getNextToken(PublicScanner.java:1564)
	at scala.meta.internal.parsing.JavaTokens$.loop$1(JavaTokens.scala:71)
	at scala.meta.internal.parsing.JavaTokens$.$anonfun$tokenize$1(JavaTokens.scala:75)
	at scala.util.Try$.apply(Try.scala:210)
	at scala.meta.internal.parsing.JavaTokens$.tokenize(JavaTokens.scala:35)
	at scala.meta.internal.parsing.TokenEditDistance$.apply(TokenEditDistance.scala:370)
	at scala.meta.internal.metals.Diagnostics.publishDiagnostics(Diagnostics.scala:226)
	at scala.meta.internal.metals.Diagnostics.publishDiagnostics(Diagnostics.scala:188)
	at scala.meta.internal.metals.Diagnostics.didChange(Diagnostics.scala:136)
	at scala.meta.internal.metals.MetalsLspService.didChange(MetalsLspService.scala:1248)
	at scala.meta.metals.lsp.DelegatingScalaService.didChange(DelegatingScalaService.scala:50)
	at jdk.internal.reflect.GeneratedMethodAccessor1.invoke(null)
	at jdk.internal.reflect.DelegatingMethodAccessorImpl.invoke(DelegatingMethodAccessorImpl.java:43)
	at java.lang.reflect.Method.invoke(Method.java:566)
	at org.eclipse.lsp4j.jsonrpc.services.GenericEndpoint.lambda$null$0(GenericEndpoint.java:65)
	at org.eclipse.lsp4j.jsonrpc.services.GenericEndpoint.notify(GenericEndpoint.java:152)
	at org.eclipse.lsp4j.jsonrpc.RemoteEndpoint.handleNotification(RemoteEndpoint.java:220)
	at org.eclipse.lsp4j.jsonrpc.RemoteEndpoint.consume(RemoteEndpoint.java:187)
	at org.eclipse.lsp4j.jsonrpc.json.StreamMessageProducer.handleMessage(StreamMessageProducer.java:194)
	at org.eclipse.lsp4j.jsonrpc.json.StreamMessageProducer.listen(StreamMessageProducer.java:94)
	at org.eclipse.lsp4j.jsonrpc.json.ConcurrentMessageProcessor.run(ConcurrentMessageProcessor.java:113)
	at java.util.concurrent.Executors$RunnableAdapter.call(Executors.java:515)
	at java.util.concurrent.FutureTask.run(FutureTask.java:264)
	at java.util.concurrent.ThreadPoolExecutor.runWorker(ThreadPoolExecutor.java:1128)
	at java.util.concurrent.ThreadPoolExecutor$Worker.run(ThreadPoolExecutor.java:628)
	at java.lang.Thread.run(Thread.java:829)
[0m
2023.03.27 17:24:22 WARN  no build target for: /home/cytech/Travail/S2/OptiLin/src/main/java/com/example/optilin/Probleme.java[0m
Mar 27, 2023 5:24:22 PM org.eclipse.lsp4j.jsonrpc.RemoteEndpoint fallbackResponseError
SEVERE: Internal error: org.eclipse.jdt.core.compiler.InvalidInputException: Invalid_Escape
java.util.concurrent.CompletionException: org.eclipse.jdt.core.compiler.InvalidInputException: Invalid_Escape
	at java.base/java.util.concurrent.CompletableFuture.encodeThrowable(CompletableFuture.java:331)
	at java.base/java.util.concurrent.CompletableFuture.completeThrowable(CompletableFuture.java:346)
	at java.base/java.util.concurrent.CompletableFuture$UniAccept.tryFire(CompletableFuture.java:704)
	at java.base/java.util.concurrent.CompletableFuture.postComplete(CompletableFuture.java:506)
	at java.base/java.util.concurrent.CompletableFuture.completeExceptionally(CompletableFuture.java:2088)
	at scala.meta.internal.metals.CancelTokens$.$anonfun$future$1(CancelTokens.scala:40)
	at scala.meta.internal.metals.CancelTokens$.$anonfun$future$1$adapted(CancelTokens.scala:38)
	at scala.concurrent.impl.Promise$Transformation.run(Promise.scala:484)
	at java.base/java.util.concurrent.ThreadPoolExecutor.runWorker(ThreadPoolExecutor.java:1128)
	at java.base/java.util.concurrent.ThreadPoolExecutor$Worker.run(ThreadPoolExecutor.java:628)
	at java.base/java.lang.Thread.run(Thread.java:829)
Caused by: org.eclipse.jdt.core.compiler.InvalidInputException: Invalid_Escape
	at org.eclipse.jdt.internal.core.util.PublicScanner.scanEscapeCharacter(PublicScanner.java:2906)
	at org.eclipse.jdt.internal.core.util.PublicScanner.getNextToken(PublicScanner.java:1586)
	at scala.meta.internal.parsing.JavaFoldingRangeExtractor.next$1(JavaFoldingRangeExtractor.scala:100)
	at scala.meta.internal.parsing.JavaFoldingRangeExtractor.gather$1(JavaFoldingRangeExtractor.scala:147)
	at scala.meta.internal.parsing.JavaFoldingRangeExtractor.extract(JavaFoldingRangeExtractor.scala:155)
	at scala.meta.internal.parsing.FoldingRangeProvider.$anonfun$getRangedForJava$2(FoldingRangeProvider.scala:48)
	at scala.Option$WithFilter.map(Option.scala:242)
	at scala.meta.internal.parsing.FoldingRangeProvider.getRangedForJava(FoldingRangeProvider.scala:43)
	at scala.meta.internal.metals.MetalsLspService.$anonfun$foldingRange$3(MetalsLspService.scala:1776)
	at scala.concurrent.Future$.$anonfun$apply$1(Future.scala:678)
	at scala.concurrent.impl.Promise$Transformation.run(Promise.scala:467)
	... 3 more

2023.03.27 17:24:22 WARN  Running javac-semanticdb failed for file:///home/cytech/Travail/S2/OptiLin/src/main/java/com/example/optilin/Probleme.java. Output:
/home/cytech/Travail/S2/OptiLin/src/main/java/com/example/optilin/Probleme.java:102: error: illegal escape character
        StringJoiner ret = new StringJoiner("\n\Ã¾");
                                                ^
1 error[0m
2023.03.27 17:24:23 WARN  no build target for: /home/cytech/Travail/S2/OptiLin/src/main/java/com/example/optilin/Probleme.java[0m
2023.03.27 17:24:23 WARN  Running javac-semanticdb failed for file:///home/cytech/Travail/S2/OptiLin/src/main/java/com/example/optilin/Probleme.java. Output:
/home/cytech/Travail/S2/OptiLin/src/main/java/com/example/optilin/Probleme.java:102: error: unclosed string literal
        StringJoiner ret = new StringJoiner("\n\");
                                            ^
1 error[0m
2023.03.27 17:24:24 WARN  Cannot tokenize Java file file:///home/cytech/Travail/S2/OptiLin/src/main/java/com/example/optilin/Probleme.java
org.eclipse.jdt.core.compiler.InvalidInputException: Invalid_Char_In_String
	at org.eclipse.jdt.internal.core.util.PublicScanner.getNextToken(PublicScanner.java:1564)
	at scala.meta.internal.parsing.JavaTokens$.loop$1(JavaTokens.scala:71)
	at scala.meta.internal.parsing.JavaTokens$.$anonfun$tokenize$1(JavaTokens.scala:75)
	at scala.util.Try$.apply(Try.scala:210)
	at scala.meta.internal.parsing.JavaTokens$.tokenize(JavaTokens.scala:35)
	at scala.meta.internal.parsing.TokenEditDistance$.$anonfun$apply$1(TokenEditDistance.scala:371)
	at scala.Option.flatMap(Option.scala:283)
	at scala.meta.internal.parsing.TokenEditDistance$.apply(TokenEditDistance.scala:370)
	at scala.meta.internal.metals.Buffers.tokenEditDistance(Buffers.scala:30)
	at scala.meta.internal.metals.codelenses.RunTestCodeLens.codeLenses(RunTestCodeLens.scala:62)
	at scala.meta.internal.metals.CodeLensProvider.$anonfun$findLenses$3(CodeLensProvider.scala:26)
	at scala.collection.immutable.List.flatMap(List.scala:293)
	at scala.meta.internal.metals.CodeLensProvider.$anonfun$findLenses$2(CodeLensProvider.scala:26)
	at scala.Option.map(Option.scala:242)
	at scala.meta.internal.metals.CodeLensProvider.findLenses(CodeLensProvider.scala:24)
	at scala.meta.internal.metals.MetalsLspService.$anonfun$codeLens$2(MetalsLspService.scala:1761)
	at scala.meta.internal.metals.TimerProvider.timedThunk(TimerProvider.scala:25)
	at scala.meta.internal.metals.MetalsLspService.$anonfun$codeLens$1(MetalsLspService.scala:1759)
	at scala.meta.internal.metals.CancelTokens$.$anonfun$apply$2(CancelTokens.scala:26)
	at scala.concurrent.Future$.$anonfun$apply$1(Future.scala:678)
	at scala.concurrent.impl.Promise$Transformation.run(Promise.scala:467)
	at java.util.concurrent.ThreadPoolExecutor.runWorker(ThreadPoolExecutor.java:1128)
	at java.util.concurrent.ThreadPoolExecutor$Worker.run(ThreadPoolExecutor.java:628)
	at java.lang.Thread.run(Thread.java:829)
[0m
2023.03.27 17:24:24 WARN  Cannot tokenize Java file file:///home/cytech/Travail/S2/OptiLin/src/main/java/com/example/optilin/Probleme.java
org.eclipse.jdt.core.compiler.InvalidInputException: Invalid_Char_In_String
	at org.eclipse.jdt.internal.core.util.PublicScanner.getNextToken(PublicScanner.java:1564)
	at scala.meta.internal.parsing.JavaTokens$.loop$1(JavaTokens.scala:71)
	at scala.meta.internal.parsing.JavaTokens$.$anonfun$tokenize$1(JavaTokens.scala:75)
	at scala.util.Try$.apply(Try.scala:210)
	at scala.meta.internal.parsing.JavaTokens$.tokenize(JavaTokens.scala:35)
	at scala.meta.internal.parsing.TokenEditDistance$.$anonfun$apply$1(TokenEditDistance.scala:371)
	at scala.Option.flatMap(Option.scala:283)
	at scala.meta.internal.parsing.TokenEditDistance$.apply(TokenEditDistance.scala:370)
	at scala.meta.internal.metals.Buffers.tokenEditDistance(Buffers.scala:30)
	at scala.meta.internal.metals.codelenses.SuperMethodCodeLens.codeLenses(SuperMethodCodeLens.scala:36)
	at scala.meta.internal.metals.CodeLensProvider.$anonfun$findLenses$3(CodeLensProvider.scala:26)
	at scala.collection.immutable.List.flatMap(List.scala:293)
	at scala.meta.internal.metals.CodeLensProvider.$anonfun$findLenses$2(CodeLensProvider.scala:26)
	at scala.Option.map(Option.scala:242)
	at scala.meta.internal.metals.CodeLensProvider.findLenses(CodeLensProvider.scala:24)
	at scala.meta.internal.metals.MetalsLspService.$anonfun$codeLens$2(MetalsLspService.scala:1761)
	at scala.meta.internal.metals.TimerProvider.timedThunk(TimerProvider.scala:25)
	at scala.meta.internal.metals.MetalsLspService.$anonfun$codeLens$1(MetalsLspService.scala:1759)
	at scala.meta.internal.metals.CancelTokens$.$anonfun$apply$2(CancelTokens.scala:26)
	at scala.concurrent.Future$.$anonfun$apply$1(Future.scala:678)
	at scala.concurrent.impl.Promise$Transformation.run(Promise.scala:467)
	at java.util.concurrent.ThreadPoolExecutor.runWorker(ThreadPoolExecutor.java:1128)
	at java.util.concurrent.ThreadPoolExecutor$Worker.run(ThreadPoolExecutor.java:628)
	at java.lang.Thread.run(Thread.java:829)
[0m
2023.03.27 17:24:25 WARN  no build target for: /home/cytech/Travail/S2/OptiLin/src/main/java/com/example/optilin/Probleme.java[0m
2023.03.27 17:24:25 WARN  Cannot tokenize Java file file:///home/cytech/Travail/S2/OptiLin/src/main/java/com/example/optilin/Probleme.java
org.eclipse.jdt.core.compiler.InvalidInputException: Invalid_Char_In_String
	at org.eclipse.jdt.internal.core.util.PublicScanner.getNextToken(PublicScanner.java:1564)
	at scala.meta.internal.parsing.JavaTokens$.loop$1(JavaTokens.scala:71)
	at scala.meta.internal.parsing.JavaTokens$.$anonfun$tokenize$1(JavaTokens.scala:75)
	at scala.util.Try$.apply(Try.scala:210)
	at scala.meta.internal.parsing.JavaTokens$.tokenize(JavaTokens.scala:35)
	at scala.meta.internal.parsing.TokenEditDistance$.apply(TokenEditDistance.scala:370)
	at scala.meta.internal.metals.Diagnostics.publishDiagnostics(Diagnostics.scala:226)
	at scala.meta.internal.metals.Diagnostics.publishDiagnostics(Diagnostics.scala:188)
	at scala.meta.internal.metals.Diagnostics.didChange(Diagnostics.scala:136)
	at scala.meta.internal.metals.MetalsLspService.didChange(MetalsLspService.scala:1248)
	at scala.meta.metals.lsp.DelegatingScalaService.didChange(DelegatingScalaService.scala:50)
	at jdk.internal.reflect.GeneratedMethodAccessor1.invoke(null)
	at jdk.internal.reflect.DelegatingMethodAccessorImpl.invoke(DelegatingMethodAccessorImpl.java:43)
	at java.lang.reflect.Method.invoke(Method.java:566)
	at org.eclipse.lsp4j.jsonrpc.services.GenericEndpoint.lambda$null$0(GenericEndpoint.java:65)
	at org.eclipse.lsp4j.jsonrpc.services.GenericEndpoint.notify(GenericEndpoint.java:152)
	at org.eclipse.lsp4j.jsonrpc.RemoteEndpoint.handleNotification(RemoteEndpoint.java:220)
	at org.eclipse.lsp4j.jsonrpc.RemoteEndpoint.consume(RemoteEndpoint.java:187)
	at org.eclipse.lsp4j.jsonrpc.json.StreamMessageProducer.handleMessage(StreamMessageProducer.java:194)
	at org.eclipse.lsp4j.jsonrpc.json.StreamMessageProducer.listen(StreamMessageProducer.java:94)
	at org.eclipse.lsp4j.jsonrpc.json.ConcurrentMessageProcessor.run(ConcurrentMessageProcessor.java:113)
	at java.util.concurrent.Executors$RunnableAdapter.call(Executors.java:515)
	at java.util.concurrent.FutureTask.run(FutureTask.java:264)
	at java.util.concurrent.ThreadPoolExecutor.runWorker(ThreadPoolExecutor.java:1128)
	at java.util.concurrent.ThreadPoolExecutor$Worker.run(ThreadPoolExecutor.java:628)
	at java.lang.Thread.run(Thread.java:829)
[0m
Mar 27, 2023 5:24:25 PM org.eclipse.lsp4j.jsonrpc.RemoteEndpoint fallbackResponseError
SEVERE: Internal error: org.eclipse.jdt.core.compiler.InvalidInputException: Invalid_Char_In_String
java.util.concurrent.CompletionException: org.eclipse.jdt.core.compiler.InvalidInputException: Invalid_Char_In_String
	at java.base/java.util.concurrent.CompletableFuture.encodeThrowable(CompletableFuture.java:331)
	at java.base/java.util.concurrent.CompletableFuture.completeThrowable(CompletableFuture.java:346)
	at java.base/java.util.concurrent.CompletableFuture$UniAccept.tryFire(CompletableFuture.java:704)
	at java.base/java.util.concurrent.CompletableFuture.postComplete(CompletableFuture.java:506)
	at java.base/java.util.concurrent.CompletableFuture.completeExceptionally(CompletableFuture.java:2088)
	at scala.meta.internal.metals.CancelTokens$.$anonfun$future$1(CancelTokens.scala:40)
	at scala.meta.internal.metals.CancelTokens$.$anonfun$future$1$adapted(CancelTokens.scala:38)
	at scala.concurrent.impl.Promise$Transformation.run(Promise.scala:484)
	at java.base/java.util.concurrent.ThreadPoolExecutor.runWorker(ThreadPoolExecutor.java:1128)
	at java.base/java.util.concurrent.ThreadPoolExecutor$Worker.run(ThreadPoolExecutor.java:628)
	at java.base/java.lang.Thread.run(Thread.java:829)
Caused by: org.eclipse.jdt.core.compiler.InvalidInputException: Invalid_Char_In_String
	at org.eclipse.jdt.internal.core.util.PublicScanner.getNextToken(PublicScanner.java:1564)
	at scala.meta.internal.parsing.JavaFoldingRangeExtractor.next$1(JavaFoldingRangeExtractor.scala:100)
	at scala.meta.internal.parsing.JavaFoldingRangeExtractor.gather$1(JavaFoldingRangeExtractor.scala:147)
	at scala.meta.internal.parsing.JavaFoldingRangeExtractor.extract(JavaFoldingRangeExtractor.scala:155)
	at scala.meta.internal.parsing.FoldingRangeProvider.$anonfun$getRangedForJava$2(FoldingRangeProvider.scala:48)
	at scala.Option$WithFilter.map(Option.scala:242)
	at scala.meta.internal.parsing.FoldingRangeProvider.getRangedForJava(FoldingRangeProvider.scala:43)
	at scala.meta.internal.metals.MetalsLspService.$anonfun$foldingRange$3(MetalsLspService.scala:1776)
	at scala.concurrent.Future$.$anonfun$apply$1(Future.scala:678)
	at scala.concurrent.impl.Promise$Transformation.run(Promise.scala:467)
	... 3 more

2023.03.27 17:24:26 WARN  Cannot tokenize Java file file:///home/cytech/Travail/S2/OptiLin/src/main/java/com/example/optilin/Probleme.java
org.eclipse.jdt.core.compiler.InvalidInputException: Invalid_Char_In_String
	at org.eclipse.jdt.internal.core.util.PublicScanner.getNextToken(PublicScanner.java:1564)
	at scala.meta.internal.parsing.JavaTokens$.loop$1(JavaTokens.scala:71)
	at scala.meta.internal.parsing.JavaTokens$.$anonfun$tokenize$1(JavaTokens.scala:75)
	at scala.util.Try$.apply(Try.scala:210)
	at scala.meta.internal.parsing.JavaTokens$.tokenize(JavaTokens.scala:35)
	at scala.meta.internal.parsing.TokenEditDistance$.apply(TokenEditDistance.scala:370)
	at scala.meta.internal.metals.Buffers.tokenEditDistance(Buffers.scala:30)
	at scala.meta.internal.metals.codelenses.RunTestCodeLens.codeLenses(RunTestCodeLens.scala:62)
	at scala.meta.internal.metals.CodeLensProvider.$anonfun$findLenses$3(CodeLensProvider.scala:26)
	at scala.collection.immutable.List.flatMap(List.scala:293)
	at scala.meta.internal.metals.CodeLensProvider.$anonfun$findLenses$2(CodeLensProvider.scala:26)
	at scala.Option.map(Option.scala:242)
	at scala.meta.internal.metals.CodeLensProvider.findLenses(CodeLensProvider.scala:24)
	at scala.meta.internal.metals.MetalsLspService.$anonfun$codeLens$2(MetalsLspService.scala:1761)
	at scala.meta.internal.metals.TimerProvider.timedThunk(TimerProvider.scala:25)
	at scala.meta.internal.metals.MetalsLspService.$anonfun$codeLens$1(MetalsLspService.scala:1759)
	at scala.meta.internal.metals.CancelTokens$.$anonfun$apply$2(CancelTokens.scala:26)
	at scala.concurrent.Future$.$anonfun$apply$1(Future.scala:678)
	at scala.concurrent.impl.Promise$Transformation.run(Promise.scala:467)
	at java.util.concurrent.ThreadPoolExecutor.runWorker(ThreadPoolExecutor.java:1128)
	at java.util.concurrent.ThreadPoolExecutor$Worker.run(ThreadPoolExecutor.java:628)
	at java.lang.Thread.run(Thread.java:829)
[0m
2023.03.27 17:24:26 WARN  Cannot tokenize Java file file:///home/cytech/Travail/S2/OptiLin/src/main/java/com/example/optilin/Probleme.java
org.eclipse.jdt.core.compiler.InvalidInputException: Invalid_Char_In_String
	at org.eclipse.jdt.internal.core.util.PublicScanner.getNextToken(PublicScanner.java:1564)
	at scala.meta.internal.parsing.JavaTokens$.loop$1(JavaTokens.scala:71)
	at scala.meta.internal.parsing.JavaTokens$.$anonfun$tokenize$1(JavaTokens.scala:75)
	at scala.util.Try$.apply(Try.scala:210)
	at scala.meta.internal.parsing.JavaTokens$.tokenize(JavaTokens.scala:35)
	at scala.meta.internal.parsing.TokenEditDistance$.apply(TokenEditDistance.scala:370)
	at scala.meta.internal.metals.Buffers.tokenEditDistance(Buffers.scala:30)
	at scala.meta.internal.metals.codelenses.SuperMethodCodeLens.codeLenses(SuperMethodCodeLens.scala:36)
	at scala.meta.internal.metals.CodeLensProvider.$anonfun$findLenses$3(CodeLensProvider.scala:26)
	at scala.collection.immutable.List.flatMap(List.scala:293)
	at scala.meta.internal.metals.CodeLensProvider.$anonfun$findLenses$2(CodeLensProvider.scala:26)
	at scala.Option.map(Option.scala:242)
	at scala.meta.internal.metals.CodeLensProvider.findLenses(CodeLensProvider.scala:24)
	at scala.meta.internal.metals.MetalsLspService.$anonfun$codeLens$2(MetalsLspService.scala:1761)
	at scala.meta.internal.metals.TimerProvider.timedThunk(TimerProvider.scala:25)
	at scala.meta.internal.metals.MetalsLspService.$anonfun$codeLens$1(MetalsLspService.scala:1759)
	at scala.meta.internal.metals.CancelTokens$.$anonfun$apply$2(CancelTokens.scala:26)
	at scala.concurrent.Future$.$anonfun$apply$1(Future.scala:678)
	at scala.concurrent.impl.Promise$Transformation.run(Promise.scala:467)
	at java.util.concurrent.ThreadPoolExecutor.runWorker(ThreadPoolExecutor.java:1128)
	at java.util.concurrent.ThreadPoolExecutor$Worker.run(ThreadPoolExecutor.java:628)
	at java.lang.Thread.run(Thread.java:829)
[0m
2023.03.27 17:24:25 WARN  Cannot tokenize Java file file:///home/cytech/Travail/S2/OptiLin/src/main/java/com/example/optilin/Probleme.java
org.eclipse.jdt.core.compiler.InvalidInputException: Invalid_Escape
	at org.eclipse.jdt.internal.core.util.PublicScanner.scanEscapeCharacter(PublicScanner.java:2906)
	at org.eclipse.jdt.internal.core.util.PublicScanner.getNextToken(PublicScanner.java:1586)
	at scala.meta.internal.parsing.JavaTokens$.loop$1(JavaTokens.scala:71)
	at scala.meta.internal.parsing.JavaTokens$.$anonfun$tokenize$1(JavaTokens.scala:75)
	at scala.util.Try$.apply(Try.scala:210)
	at scala.meta.internal.parsing.JavaTokens$.tokenize(JavaTokens.scala:35)
	at scala.meta.internal.parsing.TokenEditDistance$.apply(TokenEditDistance.scala:370)
	at scala.meta.internal.metals.Diagnostics.publishDiagnostics(Diagnostics.scala:226)
	at scala.meta.internal.metals.Diagnostics.publishDiagnostics(Diagnostics.scala:188)
	at scala.meta.internal.metals.Diagnostics.didChange(Diagnostics.scala:136)
	at scala.meta.internal.metals.MetalsLspService.didChange(MetalsLspService.scala:1248)
	at scala.meta.metals.lsp.DelegatingScalaService.didChange(DelegatingScalaService.scala:50)
	at jdk.internal.reflect.GeneratedMethodAccessor1.invoke(null)
	at jdk.internal.reflect.DelegatingMethodAccessorImpl.invoke(DelegatingMethodAccessorImpl.java:43)
	at java.lang.reflect.Method.invoke(Method.java:566)
	at org.eclipse.lsp4j.jsonrpc.services.GenericEndpoint.lambda$null$0(GenericEndpoint.java:65)
	at org.eclipse.lsp4j.jsonrpc.services.GenericEndpoint.notify(GenericEndpoint.java:152)
	at org.eclipse.lsp4j.jsonrpc.RemoteEndpoint.handleNotification(RemoteEndpoint.java:220)
	at org.eclipse.lsp4j.jsonrpc.RemoteEndpoint.consume(RemoteEndpoint.java:187)
	at org.eclipse.lsp4j.jsonrpc.json.StreamMessageProducer.handleMessage(StreamMessageProducer.java:194)
	at org.eclipse.lsp4j.jsonrpc.json.StreamMessageProducer.listen(StreamMessageProducer.java:94)
	at org.eclipse.lsp4j.jsonrpc.json.ConcurrentMessageProcessor.run(ConcurrentMessageProcessor.java:113)
	at java.util.concurrent.Executors$RunnableAdapter.call(Executors.java:515)
	at java.util.concurrent.FutureTask.run(FutureTask.java:264)
	at java.util.concurrent.ThreadPoolExecutor.runWorker(ThreadPoolExecutor.java:1128)
	at java.util.concurrent.ThreadPoolExecutor$Worker.run(ThreadPoolExecutor.java:628)
	at java.lang.Thread.run(Thread.java:829)
[0m
Mar 27, 2023 5:24:26 PM org.eclipse.lsp4j.jsonrpc.RemoteEndpoint fallbackResponseError
SEVERE: Internal error: org.eclipse.jdt.core.compiler.InvalidInputException: Invalid_Escape
java.util.concurrent.CompletionException: org.eclipse.jdt.core.compiler.InvalidInputException: Invalid_Escape
	at java.base/java.util.concurrent.CompletableFuture.encodeThrowable(CompletableFuture.java:331)
	at java.base/java.util.concurrent.CompletableFuture.completeThrowable(CompletableFuture.java:346)
	at java.base/java.util.concurrent.CompletableFuture$UniAccept.tryFire(CompletableFuture.java:704)
	at java.base/java.util.concurrent.CompletableFuture.postComplete(CompletableFuture.java:506)
	at java.base/java.util.concurrent.CompletableFuture.completeExceptionally(CompletableFuture.java:2088)
	at scala.meta.internal.metals.CancelTokens$.$anonfun$future$1(CancelTokens.scala:40)
	at scala.meta.internal.metals.CancelTokens$.$anonfun$future$1$adapted(CancelTokens.scala:38)
	at scala.concurrent.impl.Promise$Transformation.run(Promise.scala:484)
	at java.base/java.util.concurrent.ThreadPoolExecutor.runWorker(ThreadPoolExecutor.java:1128)
	at java.base/java.util.concurrent.ThreadPoolExecutor$Worker.run(ThreadPoolExecutor.java:628)
	at java.base/java.lang.Thread.run(Thread.java:829)
Caused by: org.eclipse.jdt.core.compiler.InvalidInputException: Invalid_Escape
	at org.eclipse.jdt.internal.core.util.PublicScanner.scanEscapeCharacter(PublicScanner.java:2906)
	at org.eclipse.jdt.internal.core.util.PublicScanner.getNextToken(PublicScanner.java:1586)
	at scala.meta.internal.parsing.JavaFoldingRangeExtractor.next$1(JavaFoldingRangeExtractor.scala:100)
	at scala.meta.internal.parsing.JavaFoldingRangeExtractor.gather$1(JavaFoldingRangeExtractor.scala:147)
	at scala.meta.internal.parsing.JavaFoldingRangeExtractor.extract(JavaFoldingRangeExtractor.scala:155)
	at scala.meta.internal.parsing.FoldingRangeProvider.$anonfun$getRangedForJava$2(FoldingRangeProvider.scala:48)
	at scala.Option$WithFilter.map(Option.scala:242)
	at scala.meta.internal.parsing.FoldingRangeProvider.getRangedForJava(FoldingRangeProvider.scala:43)
	at scala.meta.internal.metals.MetalsLspService.$anonfun$foldingRange$3(MetalsLspService.scala:1776)
	at scala.concurrent.Future$.$anonfun$apply$1(Future.scala:678)
	at scala.concurrent.impl.Promise$Transformation.run(Promise.scala:467)
	... 3 more

2023.03.27 17:24:26 WARN  Cannot tokenize Java file file:///home/cytech/Travail/S2/OptiLin/src/main/java/com/example/optilin/Probleme.java
org.eclipse.jdt.core.compiler.InvalidInputException: Invalid_Escape
	at org.eclipse.jdt.internal.core.util.PublicScanner.scanEscapeCharacter(PublicScanner.java:2906)
	at org.eclipse.jdt.internal.core.util.PublicScanner.getNextToken(PublicScanner.java:1586)
	at scala.meta.internal.parsing.JavaTokens$.loop$1(JavaTokens.scala:71)
	at scala.meta.internal.parsing.JavaTokens$.$anonfun$tokenize$1(JavaTokens.scala:75)
	at scala.util.Try$.apply(Try.scala:210)
	at scala.meta.internal.parsing.JavaTokens$.tokenize(JavaTokens.scala:35)
	at scala.meta.internal.parsing.TokenEditDistance$.apply(TokenEditDistance.scala:370)
	at scala.meta.internal.metals.Buffers.tokenEditDistance(Buffers.scala:30)
	at scala.meta.internal.metals.codelenses.RunTestCodeLens.codeLenses(RunTestCodeLens.scala:62)
	at scala.meta.internal.metals.CodeLensProvider.$anonfun$findLenses$3(CodeLensProvider.scala:26)
	at scala.collection.immutable.List.flatMap(List.scala:293)
	at scala.meta.internal.metals.CodeLensProvider.$anonfun$findLenses$2(CodeLensProvider.scala:26)
	at scala.Option.map(Option.scala:242)
	at scala.meta.internal.metals.CodeLensProvider.findLenses(CodeLensProvider.scala:24)
	at scala.meta.internal.metals.MetalsLspService.$anonfun$codeLens$2(MetalsLspService.scala:1761)
	at scala.meta.internal.metals.TimerProvider.timedThunk(TimerProvider.scala:25)
	at scala.meta.internal.metals.MetalsLspService.$anonfun$codeLens$1(MetalsLspService.scala:1759)
	at scala.meta.internal.metals.CancelTokens$.$anonfun$apply$2(CancelTokens.scala:26)
	at scala.concurrent.Future$.$anonfun$apply$1(Future.scala:678)
	at scala.concurrent.impl.Promise$Transformation.run(Promise.scala:467)
	at java.util.concurrent.ThreadPoolExecutor.runWorker(ThreadPoolExecutor.java:1128)
	at java.util.concurrent.ThreadPoolExecutor$Worker.run(ThreadPoolExecutor.java:628)
	at java.lang.Thread.run(Thread.java:829)
[0m
2023.03.27 17:24:26 WARN  Cannot tokenize Java file file:///home/cytech/Travail/S2/OptiLin/src/main/java/com/example/optilin/Probleme.java
org.eclipse.jdt.core.compiler.InvalidInputException: Invalid_Escape
	at org.eclipse.jdt.internal.core.util.PublicScanner.scanEscapeCharacter(PublicScanner.java:2906)
	at org.eclipse.jdt.internal.core.util.PublicScanner.getNextToken(PublicScanner.java:1586)
	at scala.meta.internal.parsing.JavaTokens$.loop$1(JavaTokens.scala:71)
	at scala.meta.internal.parsing.JavaTokens$.$anonfun$tokenize$1(JavaTokens.scala:75)
	at scala.util.Try$.apply(Try.scala:210)
	at scala.meta.internal.parsing.JavaTokens$.tokenize(JavaTokens.scala:35)
	at scala.meta.internal.parsing.TokenEditDistance$.apply(TokenEditDistance.scala:370)
	at scala.meta.internal.metals.Buffers.tokenEditDistance(Buffers.scala:30)
	at scala.meta.internal.metals.codelenses.SuperMethodCodeLens.codeLenses(SuperMethodCodeLens.scala:36)
	at scala.meta.internal.metals.CodeLensProvider.$anonfun$findLenses$3(CodeLensProvider.scala:26)
	at scala.collection.immutable.List.flatMap(List.scala:293)
	at scala.meta.internal.metals.CodeLensProvider.$anonfun$findLenses$2(CodeLensProvider.scala:26)
	at scala.Option.map(Option.scala:242)
	at scala.meta.internal.metals.CodeLensProvider.findLenses(CodeLensProvider.scala:24)
	at scala.meta.internal.metals.MetalsLspService.$anonfun$codeLens$2(MetalsLspService.scala:1761)
	at scala.meta.internal.metals.TimerProvider.timedThunk(TimerProvider.scala:25)
	at scala.meta.internal.metals.MetalsLspService.$anonfun$codeLens$1(MetalsLspService.scala:1759)
	at scala.meta.internal.metals.CancelTokens$.$anonfun$apply$2(CancelTokens.scala:26)
	at scala.concurrent.Future$.$anonfun$apply$1(Future.scala:678)
	at scala.concurrent.impl.Promise$Transformation.run(Promise.scala:467)
	at java.util.concurrent.ThreadPoolExecutor.runWorker(ThreadPoolExecutor.java:1128)
	at java.util.concurrent.ThreadPoolExecutor$Worker.run(ThreadPoolExecutor.java:628)
	at java.lang.Thread.run(Thread.java:829)
[0m
2023.03.27 17:24:27 WARN  no build target for: /home/cytech/Travail/S2/OptiLin/src/main/java/com/example/optilin/Probleme.java[0m
2023.03.27 17:24:27 WARN  Running javac-semanticdb failed for file:///home/cytech/Travail/S2/OptiLin/src/main/java/com/example/optilin/Probleme.java. Output:
/home/cytech/Travail/S2/OptiLin/src/main/java/com/example/optilin/Probleme.java:102: error: illegal escape character
        StringJoiner ret = new StringJoiner("\n\Ã¾");
                                                ^
1 error[0m
2023.03.27 17:24:28 WARN  Cannot tokenize Java file file:///home/cytech/Travail/S2/OptiLin/src/main/java/com/example/optilin/Probleme.java
org.eclipse.jdt.core.compiler.InvalidInputException: Invalid_Char_In_String
	at org.eclipse.jdt.internal.core.util.PublicScanner.getNextToken(PublicScanner.java:1564)
	at scala.meta.internal.parsing.JavaTokens$.loop$1(JavaTokens.scala:71)
	at scala.meta.internal.parsing.JavaTokens$.$anonfun$tokenize$1(JavaTokens.scala:75)
	at scala.util.Try$.apply(Try.scala:210)
	at scala.meta.internal.parsing.JavaTokens$.tokenize(JavaTokens.scala:35)
	at scala.meta.internal.parsing.TokenEditDistance$.apply(TokenEditDistance.scala:370)
	at scala.meta.internal.metals.Diagnostics.publishDiagnostics(Diagnostics.scala:226)
	at scala.meta.internal.metals.Diagnostics.publishDiagnostics(Diagnostics.scala:188)
	at scala.meta.internal.metals.Diagnostics.didChange(Diagnostics.scala:136)
	at scala.meta.internal.metals.MetalsLspService.didChange(MetalsLspService.scala:1248)
	at scala.meta.metals.lsp.DelegatingScalaService.didChange(DelegatingScalaService.scala:50)
	at jdk.internal.reflect.GeneratedMethodAccessor1.invoke(null)
	at jdk.internal.reflect.DelegatingMethodAccessorImpl.invoke(DelegatingMethodAccessorImpl.java:43)
	at java.lang.reflect.Method.invoke(Method.java:566)
	at org.eclipse.lsp4j.jsonrpc.services.GenericEndpoint.lambda$null$0(GenericEndpoint.java:65)
	at org.eclipse.lsp4j.jsonrpc.services.GenericEndpoint.notify(GenericEndpoint.java:152)
	at org.eclipse.lsp4j.jsonrpc.RemoteEndpoint.handleNotification(RemoteEndpoint.java:220)
	at org.eclipse.lsp4j.jsonrpc.RemoteEndpoint.consume(RemoteEndpoint.java:187)
	at org.eclipse.lsp4j.jsonrpc.json.StreamMessageProducer.handleMessage(StreamMessageProducer.java:194)
	at org.eclipse.lsp4j.jsonrpc.json.StreamMessageProducer.listen(StreamMessageProducer.java:94)
	at org.eclipse.lsp4j.jsonrpc.json.ConcurrentMessageProcessor.run(ConcurrentMessageProcessor.java:113)
	at java.util.concurrent.Executors$RunnableAdapter.call(Executors.java:515)
	at java.util.concurrent.FutureTask.run(FutureTask.java:264)
	at java.util.concurrent.ThreadPoolExecutor.runWorker(ThreadPoolExecutor.java:1128)
	at java.util.concurrent.ThreadPoolExecutor$Worker.run(ThreadPoolExecutor.java:628)
	at java.lang.Thread.run(Thread.java:829)
[0m
Mar 27, 2023 5:24:28 PM org.eclipse.lsp4j.jsonrpc.RemoteEndpoint fallbackResponseError
SEVERE: Internal error: org.eclipse.jdt.core.compiler.InvalidInputException: Invalid_Char_In_String
java.util.concurrent.CompletionException: org.eclipse.jdt.core.compiler.InvalidInputException: Invalid_Char_In_String
	at java.base/java.util.concurrent.CompletableFuture.encodeThrowable(CompletableFuture.java:331)
	at java.base/java.util.concurrent.CompletableFuture.completeThrowable(CompletableFuture.java:346)
	at java.base/java.util.concurrent.CompletableFuture$UniAccept.tryFire(CompletableFuture.java:704)
	at java.base/java.util.concurrent.CompletableFuture.postComplete(CompletableFuture.java:506)
	at java.base/java.util.concurrent.CompletableFuture.completeExceptionally(CompletableFuture.java:2088)
	at scala.meta.internal.metals.CancelTokens$.$anonfun$future$1(CancelTokens.scala:40)
	at scala.meta.internal.metals.CancelTokens$.$anonfun$future$1$adapted(CancelTokens.scala:38)
	at scala.concurrent.impl.Promise$Transformation.run(Promise.scala:484)
	at java.base/java.util.concurrent.ThreadPoolExecutor.runWorker(ThreadPoolExecutor.java:1128)
	at java.base/java.util.concurrent.ThreadPoolExecutor$Worker.run(ThreadPoolExecutor.java:628)
	at java.base/java.lang.Thread.run(Thread.java:829)
Caused by: org.eclipse.jdt.core.compiler.InvalidInputException: Invalid_Char_In_String
	at org.eclipse.jdt.internal.core.util.PublicScanner.getNextToken(PublicScanner.java:1564)
	at scala.meta.internal.parsing.JavaFoldingRangeExtractor.next$1(JavaFoldingRangeExtractor.scala:100)
	at scala.meta.internal.parsing.JavaFoldingRangeExtractor.gather$1(JavaFoldingRangeExtractor.scala:147)
	at scala.meta.internal.parsing.JavaFoldingRangeExtractor.extract(JavaFoldingRangeExtractor.scala:155)
	at scala.meta.internal.parsing.FoldingRangeProvider.$anonfun$getRangedForJava$2(FoldingRangeProvider.scala:48)
	at scala.Option$WithFilter.map(Option.scala:242)
	at scala.meta.internal.parsing.FoldingRangeProvider.getRangedForJava(FoldingRangeProvider.scala:43)
	at scala.meta.internal.metals.MetalsLspService.$anonfun$foldingRange$3(MetalsLspService.scala:1776)
	at scala.concurrent.Future$.$anonfun$apply$1(Future.scala:678)
	at scala.concurrent.impl.Promise$Transformation.run(Promise.scala:467)
	... 3 more

2023.03.27 17:24:28 WARN  Cannot tokenize Java file file:///home/cytech/Travail/S2/OptiLin/src/main/java/com/example/optilin/Probleme.java
org.eclipse.jdt.core.compiler.InvalidInputException: Invalid_Char_In_String
	at org.eclipse.jdt.internal.core.util.PublicScanner.getNextToken(PublicScanner.java:1564)
	at scala.meta.internal.parsing.JavaTokens$.loop$1(JavaTokens.scala:71)
	at scala.meta.internal.parsing.JavaTokens$.$anonfun$tokenize$1(JavaTokens.scala:75)
	at scala.util.Try$.apply(Try.scala:210)
	at scala.meta.internal.parsing.JavaTokens$.tokenize(JavaTokens.scala:35)
	at scala.meta.internal.parsing.TokenEditDistance$.apply(TokenEditDistance.scala:370)
	at scala.meta.internal.metals.Buffers.tokenEditDistance(Buffers.scala:30)
	at scala.meta.internal.metals.codelenses.RunTestCodeLens.codeLenses(RunTestCodeLens.scala:62)
	at scala.meta.internal.metals.CodeLensProvider.$anonfun$findLenses$3(CodeLensProvider.scala:26)
	at scala.collection.immutable.List.flatMap(List.scala:293)
	at scala.meta.internal.metals.CodeLensProvider.$anonfun$findLenses$2(CodeLensProvider.scala:26)
	at scala.Option.map(Option.scala:242)
	at scala.meta.internal.metals.CodeLensProvider.findLenses(CodeLensProvider.scala:24)
	at scala.meta.internal.metals.MetalsLspService.$anonfun$codeLens$2(MetalsLspService.scala:1761)
	at scala.meta.internal.metals.TimerProvider.timedThunk(TimerProvider.scala:25)
	at scala.meta.internal.metals.MetalsLspService.$anonfun$codeLens$1(MetalsLspService.scala:1759)
	at scala.meta.internal.metals.CancelTokens$.$anonfun$apply$2(CancelTokens.scala:26)
	at scala.concurrent.Future$.$anonfun$apply$1(Future.scala:678)
	at scala.concurrent.impl.Promise$Transformation.run(Promise.scala:467)
	at java.util.concurrent.ThreadPoolExecutor.runWorker(ThreadPoolExecutor.java:1128)
	at java.util.concurrent.ThreadPoolExecutor$Worker.run(ThreadPoolExecutor.java:628)
	at java.lang.Thread.run(Thread.java:829)
[0m
2023.03.27 17:24:28 WARN  Cannot tokenize Java file file:///home/cytech/Travail/S2/OptiLin/src/main/java/com/example/optilin/Probleme.java
org.eclipse.jdt.core.compiler.InvalidInputException: Invalid_Char_In_String
	at org.eclipse.jdt.internal.core.util.PublicScanner.getNextToken(PublicScanner.java:1564)
	at scala.meta.internal.parsing.JavaTokens$.loop$1(JavaTokens.scala:71)
	at scala.meta.internal.parsing.JavaTokens$.$anonfun$tokenize$1(JavaTokens.scala:75)
	at scala.util.Try$.apply(Try.scala:210)
	at scala.meta.internal.parsing.JavaTokens$.tokenize(JavaTokens.scala:35)
	at scala.meta.internal.parsing.TokenEditDistance$.apply(TokenEditDistance.scala:370)
	at scala.meta.internal.metals.Buffers.tokenEditDistance(Buffers.scala:30)
	at scala.meta.internal.metals.codelenses.SuperMethodCodeLens.codeLenses(SuperMethodCodeLens.scala:36)
	at scala.meta.internal.metals.CodeLensProvider.$anonfun$findLenses$3(CodeLensProvider.scala:26)
	at scala.collection.immutable.List.flatMap(List.scala:293)
	at scala.meta.internal.metals.CodeLensProvider.$anonfun$findLenses$2(CodeLensProvider.scala:26)
	at scala.Option.map(Option.scala:242)
	at scala.meta.internal.metals.CodeLensProvider.findLenses(CodeLensProvider.scala:24)
	at scala.meta.internal.metals.MetalsLspService.$anonfun$codeLens$2(MetalsLspService.scala:1761)
	at scala.meta.internal.metals.TimerProvider.timedThunk(TimerProvider.scala:25)
	at scala.meta.internal.metals.MetalsLspService.$anonfun$codeLens$1(MetalsLspService.scala:1759)
	at scala.meta.internal.metals.CancelTokens$.$anonfun$apply$2(CancelTokens.scala:26)
	at scala.concurrent.Future$.$anonfun$apply$1(Future.scala:678)
	at scala.concurrent.impl.Promise$Transformation.run(Promise.scala:467)
	at java.util.concurrent.ThreadPoolExecutor.runWorker(ThreadPoolExecutor.java:1128)
	at java.util.concurrent.ThreadPoolExecutor$Worker.run(ThreadPoolExecutor.java:628)
	at java.lang.Thread.run(Thread.java:829)
[0m
2023.03.27 17:24:28 WARN  Cannot tokenize Java file file:///home/cytech/Travail/S2/OptiLin/src/main/java/com/example/optilin/Probleme.java
org.eclipse.jdt.core.compiler.InvalidInputException: Invalid_Escape
	at org.eclipse.jdt.internal.core.util.PublicScanner.scanEscapeCharacter(PublicScanner.java:2906)
	at org.eclipse.jdt.internal.core.util.PublicScanner.getNextToken(PublicScanner.java:1586)
	at scala.meta.internal.parsing.JavaTokens$.loop$1(JavaTokens.scala:71)
	at scala.meta.internal.parsing.JavaTokens$.$anonfun$tokenize$1(JavaTokens.scala:75)
	at scala.util.Try$.apply(Try.scala:210)
	at scala.meta.internal.parsing.JavaTokens$.tokenize(JavaTokens.scala:35)
	at scala.meta.internal.parsing.TokenEditDistance$.$anonfun$apply$1(TokenEditDistance.scala:371)
	at scala.Option.flatMap(Option.scala:283)
	at scala.meta.internal.parsing.TokenEditDistance$.apply(TokenEditDistance.scala:370)
	at scala.meta.internal.metals.Buffers.tokenEditDistance(Buffers.scala:30)
	at scala.meta.internal.metals.codelenses.RunTestCodeLens.codeLenses(RunTestCodeLens.scala:62)
	at scala.meta.internal.metals.CodeLensProvider.$anonfun$findLenses$3(CodeLensProvider.scala:26)
	at scala.collection.immutable.List.flatMap(List.scala:293)
	at scala.meta.internal.metals.CodeLensProvider.$anonfun$findLenses$2(CodeLensProvider.scala:26)
	at scala.Option.map(Option.scala:242)
	at scala.meta.internal.metals.CodeLensProvider.findLenses(CodeLensProvider.scala:24)
	at scala.meta.internal.metals.MetalsLspService.$anonfun$codeLens$2(MetalsLspService.scala:1761)
	at scala.meta.internal.metals.TimerProvider.timedThunk(TimerProvider.scala:25)
	at scala.meta.internal.metals.MetalsLspService.$anonfun$codeLens$1(MetalsLspService.scala:1759)
	at scala.meta.internal.metals.CancelTokens$.$anonfun$apply$2(CancelTokens.scala:26)
	at scala.concurrent.Future$.$anonfun$apply$1(Future.scala:678)
	at scala.concurrent.impl.Promise$Transformation.run(Promise.scala:467)
	at java.util.concurrent.ThreadPoolExecutor.runWorker(ThreadPoolExecutor.java:1128)
	at java.util.concurrent.ThreadPoolExecutor$Worker.run(ThreadPoolExecutor.java:628)
	at java.lang.Thread.run(Thread.java:829)
[0m
2023.03.27 17:24:28 WARN  Cannot tokenize Java file file:///home/cytech/Travail/S2/OptiLin/src/main/java/com/example/optilin/Probleme.java
org.eclipse.jdt.core.compiler.InvalidInputException: Invalid_Escape
	at org.eclipse.jdt.internal.core.util.PublicScanner.scanEscapeCharacter(PublicScanner.java:2906)
	at org.eclipse.jdt.internal.core.util.PublicScanner.getNextToken(PublicScanner.java:1586)
	at scala.meta.internal.parsing.JavaTokens$.loop$1(JavaTokens.scala:71)
	at scala.meta.internal.parsing.JavaTokens$.$anonfun$tokenize$1(JavaTokens.scala:75)
	at scala.util.Try$.apply(Try.scala:210)
	at scala.meta.internal.parsing.JavaTokens$.tokenize(JavaTokens.scala:35)
	at scala.meta.internal.parsing.TokenEditDistance$.$anonfun$apply$1(TokenEditDistance.scala:371)
	at scala.Option.flatMap(Option.scala:283)
	at scala.meta.internal.parsing.TokenEditDistance$.apply(TokenEditDistance.scala:370)
	at scala.meta.internal.metals.Buffers.tokenEditDistance(Buffers.scala:30)
	at scala.meta.internal.metals.codelenses.SuperMethodCodeLens.codeLenses(SuperMethodCodeLens.scala:36)
	at scala.meta.internal.metals.CodeLensProvider.$anonfun$findLenses$3(CodeLensProvider.scala:26)
	at scala.collection.immutable.List.flatMap(List.scala:293)
	at scala.meta.internal.metals.CodeLensProvider.$anonfun$findLenses$2(CodeLensProvider.scala:26)
	at scala.Option.map(Option.scala:242)
	at scala.meta.internal.metals.CodeLensProvider.findLenses(CodeLensProvider.scala:24)
	at scala.meta.internal.metals.MetalsLspService.$anonfun$codeLens$2(MetalsLspService.scala:1761)
	at scala.meta.internal.metals.TimerProvider.timedThunk(TimerProvider.scala:25)
	at scala.meta.internal.metals.MetalsLspService.$anonfun$codeLens$1(MetalsLspService.scala:1759)
	at scala.meta.internal.metals.CancelTokens$.$anonfun$apply$2(CancelTokens.scala:26)
	at scala.concurrent.Future$.$anonfun$apply$1(Future.scala:678)
	at scala.concurrent.impl.Promise$Transformation.run(Promise.scala:467)
	at java.util.concurrent.ThreadPoolExecutor.runWorker(ThreadPoolExecutor.java:1128)
	at java.util.concurrent.ThreadPoolExecutor$Worker.run(ThreadPoolExecutor.java:628)
	at java.lang.Thread.run(Thread.java:829)
[0m
2023.03.27 17:24:29 WARN  no build target for: /home/cytech/Travail/S2/OptiLin/src/main/java/com/example/optilin/Probleme.java[0m
2023.03.27 17:24:50 WARN  no build target for: /home/cytech/Travail/S2/OptiLin/src/main/java/com/example/optilin/Probleme.java[0m
2023.03.27 17:24:53 WARN  no build target for: /home/cytech/Travail/S2/OptiLin/src/main/java/com/example/optilin/Probleme.java[0m
2023.03.27 17:24:57 WARN  no build target for: /home/cytech/Travail/S2/OptiLin/src/main/java/com/example/optilin/Probleme.java[0m
2023.03.27 17:24:59 WARN  no build target for: /home/cytech/Travail/S2/OptiLin/src/main/java/com/example/optilin/Probleme.java[0m
2023.03.27 17:25:17 WARN  no build target for: /home/cytech/Travail/S2/OptiLin/src/main/java/com/example/optilin/Probleme.java[0m
2023.03.27 17:25:23 WARN  no build target for: /home/cytech/Travail/S2/OptiLin/src/main/java/com/example/optilin/Probleme.java[0m
2023.03.27 17:25:24 WARN  no build target for: /home/cytech/Travail/S2/OptiLin/src/main/java/com/example/optilin/Probleme.java[0m
2023.03.27 17:25:28 WARN  no build target for: /home/cytech/Travail/S2/OptiLin/src/main/java/com/example/optilin/Probleme.java[0m
2023.03.27 17:25:32 WARN  no build target for: /home/cytech/Travail/S2/OptiLin/src/main/java/com/example/optilin/Probleme.java[0m
2023.03.27 17:25:39 WARN  no build target for: /home/cytech/Travail/S2/OptiLin/src/main/java/com/example/optilin/Probleme.java[0m
2023.03.27 17:25:43 WARN  no build target for: /home/cytech/Travail/S2/OptiLin/src/main/java/com/example/optilin/Probleme.java[0m
2023.03.27 17:26:20 WARN  no build target for: /home/cytech/Travail/S2/OptiLin/src/main/java/com/example/optilin/Probleme.java[0m
2023.03.27 17:26:24 WARN  no build target for: /home/cytech/Travail/S2/OptiLin/src/main/java/com/example/optilin/Probleme.java[0m
2023.03.27 17:26:25 WARN  Running javac-semanticdb failed for file:///home/cytech/Travail/S2/OptiLin/src/main/java/com/example/optilin/Probleme.java. Output:
/home/cytech/Travail/S2/OptiLin/src/main/java/com/example/optilin/Probleme.java:105: error: '(' expected
        for 
           ^
/home/cytech/Travail/S2/OptiLin/src/main/java/com/example/optilin/Probleme.java:106: error: illegal start of expression
        return ret.toString();
        ^
2 errors[0m
2023.03.27 17:26:26 WARN  no build target for: /home/cytech/Travail/S2/OptiLin/src/main/java/com/example/optilin/Probleme.java[0m
2023.03.27 17:26:26 WARN  Running javac-semanticdb failed for file:///home/cytech/Travail/S2/OptiLin/src/main/java/com/example/optilin/Probleme.java. Output:
/home/cytech/Travail/S2/OptiLin/src/main/java/com/example/optilin/Probleme.java:105: error: not a statement
        for (v)
             ^
/home/cytech/Travail/S2/OptiLin/src/main/java/com/example/optilin/Probleme.java:105: error: ';' expected
        for (v)
              ^
2 errors[0m
2023.03.27 17:26:29 WARN  no build target for: /home/cytech/Travail/S2/OptiLin/src/main/java/com/example/optilin/Probleme.java[0m
2023.03.27 17:26:30 WARN  Running javac-semanticdb failed for file:///home/cytech/Travail/S2/OptiLin/src/main/java/com/example/optilin/Probleme.java. Output:
/home/cytech/Travail/S2/OptiLin/src/main/java/com/example/optilin/Probleme.java:105: error: ';' expected
        for (var i = 0)
                      ^
1 error[0m
2023.03.27 17:26:31 WARN  no build target for: /home/cytech/Travail/S2/OptiLin/src/main/java/com/example/optilin/Probleme.java[0m
2023.03.27 17:26:31 WARN  Running javac-semanticdb failed for file:///home/cytech/Travail/S2/OptiLin/src/main/java/com/example/optilin/Probleme.java. Output:
/home/cytech/Travail/S2/OptiLin/src/main/java/com/example/optilin/Probleme.java:105: error: ';' expected
        for (var i = 1)
                      ^
1 error[0m
2023.03.27 17:26:33 WARN  no build target for: /home/cytech/Travail/S2/OptiLin/src/main/java/com/example/optilin/Probleme.java[0m
2023.03.27 17:26:33 WARN  Running javac-semanticdb failed for file:///home/cytech/Travail/S2/OptiLin/src/main/java/com/example/optilin/Probleme.java. Output:
/home/cytech/Travail/S2/OptiLin/src/main/java/com/example/optilin/Probleme.java:105: error: illegal start of expression
        for (var i = 1; )
                        ^
1 error[0m
2023.03.27 17:26:34 WARN  no build target for: /home/cytech/Travail/S2/OptiLin/src/main/java/com/example/optilin/Probleme.java[0m
2023.03.27 17:26:34 WARN  Running javac-semanticdb failed for file:///home/cytech/Travail/S2/OptiLin/src/main/java/com/example/optilin/Probleme.java. Output:
/home/cytech/Travail/S2/OptiLin/src/main/java/com/example/optilin/Probleme.java:105: error: ';' expected
        for (var i = 1; i)
                         ^
1 error[0m
2023.03.27 17:26:36 WARN  no build target for: /home/cytech/Travail/S2/OptiLin/src/main/java/com/example/optilin/Probleme.java[0m
2023.03.27 17:26:38 WARN  no build target for: /home/cytech/Travail/S2/OptiLin/src/main/java/com/example/optilin/Probleme.java[0m
2023.03.27 17:26:46 WARN  no build target for: /home/cytech/Travail/S2/OptiLin/src/main/java/com/example/optilin/Probleme.java[0m
2023.03.27 17:26:47 WARN  Running javac-semanticdb failed for file:///home/cytech/Travail/S2/OptiLin/src/main/java/com/example/optilin/Probleme.java. Output:
/home/cytech/Travail/S2/OptiLin/src/main/java/com/example/optilin/Probleme.java:105: error: <identifier> expected
        for (var i = 1; i < critaire.; i++){
                                     ^
1 error[0m
2023.03.27 17:26:49 WARN  no build target for: /home/cytech/Travail/S2/OptiLin/src/main/java/com/example/optilin/Probleme.java[0m
2023.03.27 17:26:51 WARN  no build target for: /home/cytech/Travail/S2/OptiLin/src/main/java/com/example/optilin/Probleme.java[0m
2023.03.27 17:26:52 WARN  Running javac-semanticdb failed for file:///home/cytech/Travail/S2/OptiLin/src/main/java/com/example/optilin/Probleme.java. Output:
/home/cytech/Travail/S2/OptiLin/src/main/java/com/example/optilin/Probleme.java:105: error: <identifier> expected
        for (var i = 1; i < critaire.getCoeficients().; i++){
                                                      ^
/home/cytech/Travail/S2/OptiLin/src/main/java/com/example/optilin/Probleme.java:105: error: ';' expected
        for (var i = 1; i < critaire.getCoeficients().; i++){
                                                       ^
2 errors[0m
2023.03.27 17:26:53 WARN  no build target for: /home/cytech/Travail/S2/OptiLin/src/main/java/com/example/optilin/Probleme.java[0m
2023.03.27 17:26:54 WARN  no build target for: /home/cytech/Travail/S2/OptiLin/src/main/java/com/example/optilin/Probleme.java[0m
2023.03.27 17:26:57 WARN  no build target for: /home/cytech/Travail/S2/OptiLin/src/main/java/com/example/optilin/Probleme.java[0m
2023.03.27 17:26:57 WARN  Running javac-semanticdb failed for file:///home/cytech/Travail/S2/OptiLin/src/main/java/com/example/optilin/Probleme.java. Output:
/home/cytech/Travail/S2/OptiLin/src/main/java/com/example/optilin/Probleme.java:106: error: not a statement
            ret
            ^
/home/cytech/Travail/S2/OptiLin/src/main/java/com/example/optilin/Probleme.java:106: error: ';' expected
            ret
               ^
2 errors[0m
2023.03.27 17:27:00 WARN  no build target for: /home/cytech/Travail/S2/OptiLin/src/main/java/com/example/optilin/Probleme.java[0m
2023.03.27 17:27:08 WARN  no build target for: /home/cytech/Travail/S2/OptiLin/src/main/java/com/example/optilin/Probleme.java[0m
2023.03.27 17:27:11 WARN  no build target for: /home/cytech/Travail/S2/OptiLin/src/main/java/com/example/optilin/Probleme.java[0m
2023.03.27 17:27:11 WARN  Running javac-semanticdb failed for file:///home/cytech/Travail/S2/OptiLin/src/main/java/com/example/optilin/Probleme.java. Output:
/home/cytech/Travail/S2/OptiLin/src/main/java/com/example/optilin/Probleme.java:105: error: not a statement
        S
        ^
/home/cytech/Travail/S2/OptiLin/src/main/java/com/example/optilin/Probleme.java:105: error: ';' expected
        S
         ^
2 errors[0m
2023.03.27 17:27:12 WARN  no build target for: /home/cytech/Travail/S2/OptiLin/src/main/java/com/example/optilin/Probleme.java[0m
2023.03.27 17:27:13 WARN  Running javac-semanticdb failed for file:///home/cytech/Travail/S2/OptiLin/src/main/java/com/example/optilin/Probleme.java. Output:
/home/cytech/Travail/S2/OptiLin/src/main/java/com/example/optilin/Probleme.java:105: error: not a statement
        Str
        ^
/home/cytech/Travail/S2/OptiLin/src/main/java/com/example/optilin/Probleme.java:105: error: ';' expected
        Str
           ^
2 errors[0m
2023.03.27 17:27:15 WARN  no build target for: /home/cytech/Travail/S2/OptiLin/src/main/java/com/example/optilin/Probleme.java[0m
2023.03.27 17:27:15 WARN  Running javac-semanticdb failed for file:///home/cytech/Travail/S2/OptiLin/src/main/java/com/example/optilin/Probleme.java. Output:
/home/cytech/Travail/S2/OptiLin/src/main/java/com/example/optilin/Probleme.java:105: error: not a statement
        StringJoiner 
        ^
/home/cytech/Travail/S2/OptiLin/src/main/java/com/example/optilin/Probleme.java:105: error: ';' expected
        StringJoiner 
                    ^
2 errors[0m
2023.03.27 17:27:19 WARN  no build target for: /home/cytech/Travail/S2/OptiLin/src/main/java/com/example/optilin/Probleme.java[0m
2023.03.27 17:27:20 WARN  Running javac-semanticdb failed for file:///home/cytech/Travail/S2/OptiLin/src/main/java/com/example/optilin/Probleme.java. Output:
/home/cytech/Travail/S2/OptiLin/src/main/java/com/example/optilin/Probleme.java:106: error: '(' or '[' expected
        for (var i = 1; i < critaire.getCoeficients().length; i++){
        ^
1 error[0m
2023.03.27 17:27:21 WARN  no build target for: /home/cytech/Travail/S2/OptiLin/src/main/java/com/example/optilin/Probleme.java[0m
2023.03.27 17:27:21 WARN  Running javac-semanticdb failed for file:///home/cytech/Travail/S2/OptiLin/src/main/java/com/example/optilin/Probleme.java. Output:
/home/cytech/Travail/S2/OptiLin/src/main/java/com/example/optilin/Probleme.java:105: error: ';' expected
        StringJoiner sj2 = new StringJoiner()
                                             ^
1 error[0m
2023.03.27 17:27:24 WARN  no build target for: /home/cytech/Travail/S2/OptiLin/src/main/java/com/example/optilin/Probleme.java[0m
2023.03.27 17:27:30 WARN  no build target for: /home/cytech/Travail/S2/OptiLin/src/main/java/com/example/optilin/Probleme.java[0m
2023.03.27 17:27:30 WARN  Running javac-semanticdb failed for file:///home/cytech/Travail/S2/OptiLin/src/main/java/com/example/optilin/Probleme.java. Output:
/home/cytech/Travail/S2/OptiLin/src/main/java/com/example/optilin/Probleme.java:107: error: ';' expected
            sj2.add(null)
                         ^
1 error[0m
2023.03.27 17:27:32 WARN  no build target for: /home/cytech/Travail/S2/OptiLin/src/main/java/com/example/optilin/Probleme.java[0m
2023.03.27 17:27:33 WARN  Running javac-semanticdb failed for file:///home/cytech/Travail/S2/OptiLin/src/main/java/com/example/optilin/Probleme.java. Output:
/home/cytech/Travail/S2/OptiLin/src/main/java/com/example/optilin/Probleme.java:107: error: ';' expected
            sj2.add(x)
                      ^
1 error[0m
2023.03.27 17:27:35 WARN  no build target for: /home/cytech/Travail/S2/OptiLin/src/main/java/com/example/optilin/Probleme.java[0m
2023.03.27 17:27:35 WARN  Running javac-semanticdb failed for file:///home/cytech/Travail/S2/OptiLin/src/main/java/com/example/optilin/Probleme.java. Output:
/home/cytech/Travail/S2/OptiLin/src/main/java/com/example/optilin/Probleme.java:107: error: ';' expected
            sj2.add("x")
                        ^
1 error[0m
2023.03.27 17:27:37 WARN  no build target for: /home/cytech/Travail/S2/OptiLin/src/main/java/com/example/optilin/Probleme.java[0m
2023.03.27 17:27:38 WARN  Running javac-semanticdb failed for file:///home/cytech/Travail/S2/OptiLin/src/main/java/com/example/optilin/Probleme.java. Output:
/home/cytech/Travail/S2/OptiLin/src/main/java/com/example/optilin/Probleme.java:107: error: illegal start of expression
            sj2.add("x" + )
                          ^
/home/cytech/Travail/S2/OptiLin/src/main/java/com/example/optilin/Probleme.java:107: error: ';' expected
            sj2.add("x" + )
                           ^
2 errors[0m
2023.03.27 17:27:39 WARN  no build target for: /home/cytech/Travail/S2/OptiLin/src/main/java/com/example/optilin/Probleme.java[0m
2023.03.27 17:27:39 WARN  Running javac-semanticdb failed for file:///home/cytech/Travail/S2/OptiLin/src/main/java/com/example/optilin/Probleme.java. Output:
/home/cytech/Travail/S2/OptiLin/src/main/java/com/example/optilin/Probleme.java:107: error: ';' expected
            sj2.add("x" + i)
                            ^
1 error[0m
2023.03.27 17:27:42 WARN  no build target for: /home/cytech/Travail/S2/OptiLin/src/main/java/com/example/optilin/Probleme.java[0m
2023.03.27 17:27:55 WARN  no build target for: /home/cytech/Travail/S2/OptiLin/src/main/java/com/example/optilin/Probleme.java[0m
2023.03.27 17:27:55 WARN  Running javac-semanticdb failed for file:///home/cytech/Travail/S2/OptiLin/src/main/java/com/example/optilin/Probleme.java. Output:
/home/cytech/Travail/S2/OptiLin/src/main/java/com/example/optilin/Probleme.java:109: error: ';' expected
        ret.add(null)
                     ^
1 error[0m
2023.03.27 17:27:56 WARN  no build target for: /home/cytech/Travail/S2/OptiLin/src/main/java/com/example/optilin/Probleme.java[0m
2023.03.27 17:27:56 WARN  Running javac-semanticdb failed for file:///home/cytech/Travail/S2/OptiLin/src/main/java/com/example/optilin/Probleme.java. Output:
/home/cytech/Travail/S2/OptiLin/src/main/java/com/example/optilin/Probleme.java:109: error: ';' expected
        ret.add(s)
                  ^
1 error[0m
2023.03.27 17:28:00 WARN  no build target for: /home/cytech/Travail/S2/OptiLin/src/main/java/com/example/optilin/Probleme.java[0m
2023.03.27 17:28:00 WARN  Running javac-semanticdb failed for file:///home/cytech/Travail/S2/OptiLin/src/main/java/com/example/optilin/Probleme.java. Output:
/home/cytech/Travail/S2/OptiLin/src/main/java/com/example/optilin/Probleme.java:109: error: ';' expected
        ret.add(sj2.toString)
                             ^
1 error[0m
2023.03.27 17:28:01 WARN  no build target for: /home/cytech/Travail/S2/OptiLin/src/main/java/com/example/optilin/Probleme.java[0m
2023.03.27 17:28:02 WARN  Running javac-semanticdb failed for file:///home/cytech/Travail/S2/OptiLin/src/main/java/com/example/optilin/Probleme.java. Output:
/home/cytech/Travail/S2/OptiLin/src/main/java/com/example/optilin/Probleme.java:109: error: ';' expected
        ret.add(sj2.toString() )
                                ^
1 error[0m
2023.03.27 17:28:04 WARN  no build target for: /home/cytech/Travail/S2/OptiLin/src/main/java/com/example/optilin/Probleme.java[0m
2023.03.27 17:28:08 WARN  no build target for: /home/cytech/Travail/S2/OptiLin/src/main/java/com/example/optilin/Probleme.java[0m
2023.03.27 17:28:08 WARN  Running javac-semanticdb failed for file:///home/cytech/Travail/S2/OptiLin/src/main/java/com/example/optilin/Probleme.java. Output:
/home/cytech/Travail/S2/OptiLin/src/main/java/com/example/optilin/Probleme.java:109: error: illegal character: '\u2265'
        ret.add(sj2.toString() + â‰¥)
                                 ^
1 error[0m
2023.03.27 17:28:10 WARN  no build target for: /home/cytech/Travail/S2/OptiLin/src/main/java/com/example/optilin/Probleme.java[0m
2023.03.27 17:28:10 WARN  Running javac-semanticdb failed for file:///home/cytech/Travail/S2/OptiLin/src/main/java/com/example/optilin/Probleme.java. Output:
/home/cytech/Travail/S2/OptiLin/src/main/java/com/example/optilin/Probleme.java:109: error: ';' expected
        ret.add(sj2.toString() + "â‰¥")
                                     ^
1 error[0m
2023.03.27 17:28:12 WARN  no build target for: /home/cytech/Travail/S2/OptiLin/src/main/java/com/example/optilin/Probleme.java[0m
2023.03.27 17:28:12 WARN  Running javac-semanticdb failed for file:///home/cytech/Travail/S2/OptiLin/src/main/java/com/example/optilin/Probleme.java. Output:
/home/cytech/Travail/S2/OptiLin/src/main/java/com/example/optilin/Probleme.java:109: error: ';' expected
        ret.add(sj2.toString() + "â‰¥" )
                                      ^
1 error[0m
2023.03.27 17:28:14 WARN  no build target for: /home/cytech/Travail/S2/OptiLin/src/main/java/com/example/optilin/Probleme.java[0m
2023.03.27 17:28:14 WARN  Running javac-semanticdb failed for file:///home/cytech/Travail/S2/OptiLin/src/main/java/com/example/optilin/Probleme.java. Output:
/home/cytech/Travail/S2/OptiLin/src/main/java/com/example/optilin/Probleme.java:109: error: ';' expected
        ret.add(sj2.toString() + "â‰¥ 0")
                                       ^
1 error[0m
2023.03.27 17:28:15 WARN  no build target for: /home/cytech/Travail/S2/OptiLin/src/main/java/com/example/optilin/Probleme.java[0m
2023.03.27 17:28:35 WARN  no build target for: /home/cytech/Travail/S2/OptiLin/src/main/java/com/example/optilin/Probleme.java[0m
2023.03.27 17:28:44 WARN  no build target for: /home/cytech/Travail/S2/OptiLin/src/main/java/com/example/optilin/Probleme.java[0m
2023.03.27 17:29:51 WARN  no build target for: /home/cytech/Travail/S2/OptiLin/src/main/java/com/example/optilin/Probleme.java[0m
2023.03.27 17:29:53 WARN  no build target for: /home/cytech/Travail/S2/OptiLin/src/main/java/com/example/optilin/Probleme.java[0m
2023.03.27 17:29:57 WARN  no build target for: /home/cytech/Travail/S2/OptiLin/src/main/java/com/example/optilin/Probleme.java[0m
2023.03.27 17:29:58 WARN  Running javac-semanticdb failed for file:///home/cytech/Travail/S2/OptiLin/src/main/java/com/example/optilin/Probleme.java. Output:
/home/cytech/Travail/S2/OptiLin/src/main/java/com/example/optilin/Probleme.java:40: error: illegal start of expression
            return ret.toString() + " â‰¤ " + ;
                                            ^
1 error[0m
2023.03.27 17:30:02 WARN  no build target for: /home/cytech/Travail/S2/OptiLin/src/main/java/com/example/optilin/Probleme.java[0m
2023.03.28 09:34:09 INFO  Shutting down server[0m
2023.03.28 09:34:09 INFO  shutting down Metals[0m
2023.03.28 09:34:09 INFO  Exiting server[0m
